#
# There is insufficient memory for the Java Runtime Environment to continue.
# Native memory allocation (malloc) failed to allocate 1094256 bytes for Chunk::new
# Possible reasons:
#   The system is out of physical RAM or swap space
#   The process is running with CompressedOops enabled, and the Java Heap may be blocking the growth of the native heap
# Possible solutions:
#   Reduce memory load on the system
#   Increase physical memory or swap space
#   Check if swap backing store is full
#   Decrease Java heap size (-Xmx/-Xms)
#   Decrease number of Java threads
#   Decrease Java thread stack sizes (-Xss)
#   Set larger code cache with -XX:ReservedCodeCacheSize=
#   JVM is running with Unscaled Compressed Oops mode in which the Java heap is
#     placed in the first 4GB address space. The Java Heap base address is the
#     maximum limit for the native heap growth. Please use -XX:HeapBaseMinAddress
#     to set the Java Heap base and to place the Java Heap above 4GB virtual address.
# This output file may be truncated or incomplete.
#
#  Out of Memory Error (allocation.cpp:389), pid=6448, tid=0x0000000000002b84
#
# JRE version: Java(TM) SE Runtime Environment (8.0_281-b09) (build 1.8.0_281-b09)
# Java VM: Java HotSpot(TM) 64-Bit Server VM (25.281-b09 mixed mode windows-amd64 compressed oops)
# Failed to write core dump. Minidumps are not enabled by default on client versions of Windows
#

---------------  T H R E A D  ---------------

Current thread (0x000001fe4380c800):  JavaThread "C2 CompilerThread0" daemon [_thread_in_native, id=11140, stack(0x0000008729c00000,0x0000008729d00000)]

Stack: [0x0000008729c00000,0x0000008729d00000]
Native frames: (J=compiled Java code, j=interpreted, Vv=VM code, C=native code)
V  [jvm.dll+0x32e5b9]
V  [jvm.dll+0x275012]
V  [jvm.dll+0x275cbd]
V  [jvm.dll+0x26c6f5]
V  [jvm.dll+0xd51fc]
V  [jvm.dll+0xd59fc]
V  [jvm.dll+0x46f8c3]
V  [jvm.dll+0x4373e0]
V  [jvm.dll+0x4403d5]
V  [jvm.dll+0x43f795]
V  [jvm.dll+0x42a5e7]
V  [jvm.dll+0xabe9b]
V  [jvm.dll+0xaa4fb]
V  [jvm.dll+0x23d6b2]
V  [jvm.dll+0x291cbc]
C  [ucrtbase.dll+0x214c2]
C  [KERNEL32.DLL+0x17034]
C  [ntdll.dll+0x4d0d1]


Current CompileTask:
C2:   7987 2421   !   4       java.lang.ClassLoader::getPackage (118 bytes)


---------------  P R O C E S S  ---------------

Java Threads: ( => current thread )
  0x000001fe46cf7000 JavaThread "Cache worker for file content cache (C:\Users\USER\.gradle\caches\6.5\fileContent)" [_thread_blocked, id=8872, stack(0x000000872b500000,0x000000872b600000)]
  0x000001fe45fb9800 JavaThread "jar transforms" [_thread_blocked, id=6984, stack(0x000000872b400000,0x000000872b500000)]
  0x000001fe45fbb000 JavaThread "Cache worker for execution history cache (C:\Users\USER\.gradle\caches\6.5\executionHistory)" [_thread_blocked, id=11284, stack(0x000000872b300000,0x000000872b400000)]
  0x000001fe45fb6800 JavaThread "Cache worker for cache directory md-rule (C:\Users\USER\.gradle\caches\6.5\md-rule)" [_thread_blocked, id=8284, stack(0x000000872b200000,0x000000872b300000)]
  0x000001fe45fb8800 JavaThread "Cache worker for cache directory md-supplier (C:\Users\USER\.gradle\caches\6.5\md-supplier)" [_thread_blocked, id=11344, stack(0x000000872b100000,0x000000872b200000)]
  0x000001fe45fb5800 JavaThread "Cache worker for checksums cache (D:\Pribadi\tugas\SmartVillage\.gradle\checksums)" [_thread_blocked, id=8516, stack(0x000000872b000000,0x000000872b100000)]
  0x000001fe45fbb800 JavaThread "Cache worker for file hash cache (D:\Pribadi\tugas\SmartVillage\.gradle\6.5\fileHashes)" [_thread_blocked, id=1436, stack(0x000000872af00000,0x000000872b000000)]
  0x000001fe45fb7000 JavaThread "Cache worker for file hash cache (C:\Users\USER\.gradle\caches\6.5\fileHashes)" [_thread_blocked, id=7672, stack(0x000000872ae00000,0x000000872af00000)]
  0x000001fe45fbc800 JavaThread "File lock request listener" [_thread_in_native, id=6132, stack(0x000000872ad00000,0x000000872ae00000)]
  0x000001fe45fb8000 JavaThread "Cache worker for journal cache (C:\Users\USER\.gradle\caches\journal-1)" [_thread_blocked, id=2292, stack(0x000000872ac00000,0x000000872ad00000)]
  0x000001fe45ddb800 JavaThread "Thread-9" [_thread_blocked, id=12684, stack(0x000000872ab00000,0x000000872ac00000)]
  0x000001fe45e2b000 JavaThread "Stdin handler" [_thread_blocked, id=4568, stack(0x000000872aa00000,0x000000872ab00000)]
  0x000001fe45dde800 JavaThread "Asynchronous log dispatcher for DefaultDaemonConnection: socket connection from /127.0.0.1:50102 to /127.0.0.1:50103" [_thread_blocked, id=12600, stack(0x000000872a900000,0x000000872aa00000)]
  0x000001fe45df1800 JavaThread "Daemon worker" [_thread_in_vm, id=11784, stack(0x000000872a800000,0x000000872a900000)]
  0x000001fe45df0800 JavaThread "Cancel handler" [_thread_blocked, id=12084, stack(0x000000872a700000,0x000000872a800000)]
  0x000001fe45d4d000 JavaThread "Handler for socket connection from /127.0.0.1:50102 to /127.0.0.1:50103" [_thread_in_native, id=9044, stack(0x000000872a600000,0x000000872a700000)]
  0x000001fe45d4a000 JavaThread "Daemon periodic checks" [_thread_blocked, id=10232, stack(0x000000872a500000,0x000000872a600000)]
  0x000001fe45d5c800 JavaThread "Daemon" [_thread_blocked, id=5984, stack(0x000000872a400000,0x000000872a500000)]
  0x000001fe45d15000 JavaThread "Incoming local TCP Connector on port 50102" [_thread_in_native, id=7660, stack(0x000000872a300000,0x000000872a400000)]
  0x000001fe45cb7800 JavaThread "Daemon health stats" [_thread_blocked, id=12296, stack(0x000000872a000000,0x000000872a100000)]
  0x000001fe43d63800 JavaThread "Service Thread" daemon [_thread_blocked, id=4660, stack(0x0000008729e00000,0x0000008729f00000)]
  0x000001fe43cf5000 JavaThread "C1 CompilerThread1" daemon [_thread_blocked, id=8668, stack(0x0000008729d00000,0x0000008729e00000)]
=>0x000001fe4380c800 JavaThread "C2 CompilerThread0" daemon [_thread_in_native, id=11140, stack(0x0000008729c00000,0x0000008729d00000)]
  0x000001fe4380a000 JavaThread "Attach Listener" daemon [_thread_blocked, id=7104, stack(0x0000008729b00000,0x0000008729c00000)]
  0x000001fe43cec800 JavaThread "Signal Dispatcher" daemon [_thread_blocked, id=11256, stack(0x0000008729a00000,0x0000008729b00000)]
  0x000001fe437fe800 JavaThread "Finalizer" daemon [_thread_blocked, id=10700, stack(0x0000008729900000,0x0000008729a00000)]
  0x000001fe43cd4000 JavaThread "Reference Handler" daemon [_thread_blocked, id=7188, stack(0x0000008729800000,0x0000008729900000)]
  0x000001fe2e97d800 JavaThread "main" [_thread_blocked, id=9112, stack(0x0000008729400000,0x0000008729500000)]

Other Threads:
  0x000001fe43cb1800 VMThread [stack: 0x0000008729700000,0x0000008729800000] [id=12304]
  0x000001fe43d65000 WatcherThread [stack: 0x0000008729f00000,0x000000872a000000] [id=9088]

VM state:not at safepoint (normal execution)

VM Mutex/Monitor currently owned by a thread: None

heap address: 0x00000000a0000000, size: 1536 MB, Compressed Oops mode: 32-bit
Narrow klass base: 0x0000000000000000, Narrow klass shift: 3
Compressed class space size: 1073741824 Address: 0x0000000100000000

Heap:
 PSYoungGen      total 124416K, used 103665K [0x00000000e0000000, 0x00000000e8200000, 0x0000000100000000)
  eden space 116736K, 88% used [0x00000000e0000000,0x00000000e653c6b0,0x00000000e7200000)
  from space 7680K, 0% used [0x00000000e7a80000,0x00000000e7a80000,0x00000000e8200000)
  to   space 8192K, 0% used [0x00000000e7200000,0x00000000e7200000,0x00000000e7a00000)
 ParOldGen       total 32768K, used 9318K [0x00000000a0000000, 0x00000000a2000000, 0x00000000e0000000)
  object space 32768K, 28% used [0x00000000a0000000,0x00000000a0919bf0,0x00000000a2000000)
 Metaspace       used 31487K, capacity 32402K, committed 32640K, reserved 1077248K
  class space    used 4371K, capacity 4626K, committed 4736K, reserved 1048576K

Card table byte_map: [0x000001fe3f700000,0x000001fe3fa10000] byte_map_base: 0x000001fe3f200000

Marking Bits: (ParMarkBitMap*) 0x0000000059676ff0
 Begin Bits: [0x000001fe3fc10000, 0x000001fe41410000)
 End Bits:   [0x000001fe41410000, 0x000001fe42c10000)

Polling page: 0x000001fe2ea80000

CodeCache: size=245760Kb used=9446Kb max_used=9446Kb free=236313Kb
 bounds [0x000001fe30340000, 0x000001fe30c80000, 0x000001fe3f340000]
 total_blobs=3126 nmethods=2445 adapters=594
 compilation: enabled

Compilation events (10 events):
Event: 7.950 Thread 0x000001fe43cf5000 2438       3       com.google.common.collect.ImmutableMap$Builder::put (17 bytes)
Event: 7.950 Thread 0x000001fe43cf5000 nmethod 2438 0x000001fe30c752d0 code [0x000001fe30c75460, 0x000001fe30c757b0]
Event: 7.950 Thread 0x000001fe43cf5000 2439       3       com.google.common.base.Preconditions::checkArgument (25 bytes)
Event: 7.950 Thread 0x000001fe43cf5000 nmethod 2439 0x000001fe30c758d0 code [0x000001fe30c75a60, 0x000001fe30c75e80]
Event: 7.953 Thread 0x000001fe43cf5000 2441       3       org.gradle.internal.reflect.JavaPropertyReflectionUtil::getAnnotation (101 bytes)
Event: 7.954 Thread 0x000001fe43cf5000 nmethod 2441 0x000001fe30c76010 code [0x000001fe30c76280, 0x000001fe30c771a0]
Event: 7.955 Thread 0x000001fe43cf5000 2442       3       org.gradle.internal.instantiation.generator.AbstractClassGenerator::isPropertyType (33 bytes)
Event: 7.955 Thread 0x000001fe43cf5000 nmethod 2442 0x000001fe30c778d0 code [0x000001fe30c77a60, 0x000001fe30c77eb0]
Event: 7.963 Thread 0x000001fe43cf5000 2443       3       sun.reflect.annotation.AnnotationParser::parseSig (61 bytes)
Event: 7.964 Thread 0x000001fe43cf5000 nmethod 2443 0x000001fe30c77f90 code [0x000001fe30c78240, 0x000001fe30c794f0]

GC Heap History (10 events):
Event: 3.773 GC heap before
{Heap before GC invocations=5 (full 0):
 PSYoungGen      total 31744K, used 31712K [0x00000000e0000000, 0x00000000e2100000, 0x0000000100000000)
  eden space 29696K, 100% used [0x00000000e0000000,0x00000000e1d00000,0x00000000e1d00000)
  from space 2048K, 98% used [0x00000000e1f00000,0x00000000e20f8040,0x00000000e2100000)
  to   space 2048K, 0% used [0x00000000e1d00000,0x00000000e1d00000,0x00000000e1f00000)
 ParOldGen       total 38400K, used 2782K [0x00000000a0000000, 0x00000000a2580000, 0x00000000e0000000)
  object space 38400K, 7% used [0x00000000a0000000,0x00000000a02b78b0,0x00000000a2580000)
 Metaspace       used 10699K, capacity 11038K, committed 11392K, reserved 1058816K
  class space    used 1452K, capacity 1573K, committed 1664K, reserved 1048576K
Event: 3.782 GC heap after
Heap after GC invocations=5 (full 0):
 PSYoungGen      total 31744K, used 2016K [0x00000000e0000000, 0x00000000e4400000, 0x0000000100000000)
  eden space 29696K, 0% used [0x00000000e0000000,0x00000000e0000000,0x00000000e1d00000)
  from space 2048K, 98% used [0x00000000e1d00000,0x00000000e1ef8020,0x00000000e1f00000)
  to   space 5120K, 0% used [0x00000000e3f00000,0x00000000e3f00000,0x00000000e4400000)
 ParOldGen       total 38400K, used 5622K [0x00000000a0000000, 0x00000000a2580000, 0x00000000e0000000)
  object space 38400K, 14% used [0x00000000a0000000,0x00000000a057d810,0x00000000a2580000)
 Metaspace       used 10699K, capacity 11038K, committed 11392K, reserved 1058816K
  class space    used 1452K, capacity 1573K, committed 1664K, reserved 1048576K
}
Event: 4.850 GC heap before
{Heap before GC invocations=6 (full 0):
 PSYoungGen      total 31744K, used 31706K [0x00000000e0000000, 0x00000000e4400000, 0x0000000100000000)
  eden space 29696K, 99% used [0x00000000e0000000,0x00000000e1cfe838,0x00000000e1d00000)
  from space 2048K, 98% used [0x00000000e1d00000,0x00000000e1ef8020,0x00000000e1f00000)
  to   space 5120K, 0% used [0x00000000e3f00000,0x00000000e3f00000,0x00000000e4400000)
 ParOldGen       total 38400K, used 5622K [0x00000000a0000000, 0x00000000a2580000, 0x00000000e0000000)
  object space 38400K, 14% used [0x00000000a0000000,0x00000000a057d810,0x00000000a2580000)
 Metaspace       used 14016K, capacity 14438K, committed 14720K, reserved 1062912K
  class space    used 1967K, capacity 2107K, committed 2176K, reserved 1048576K
Event: 4.859 GC heap after
Heap after GC invocations=6 (full 0):
 PSYoungGen      total 63488K, used 5116K [0x00000000e0000000, 0x00000000e4600000, 0x0000000100000000)
  eden space 58368K, 0% used [0x00000000e0000000,0x00000000e0000000,0x00000000e3900000)
  from space 5120K, 99% used [0x00000000e3f00000,0x00000000e43ff0d0,0x00000000e4400000)
  to   space 6144K, 0% used [0x00000000e3900000,0x00000000e3900000,0x00000000e3f00000)
 ParOldGen       total 38400K, used 5679K [0x00000000a0000000, 0x00000000a2580000, 0x00000000e0000000)
  object space 38400K, 14% used [0x00000000a0000000,0x00000000a058bfd0,0x00000000a2580000)
 Metaspace       used 14016K, capacity 14438K, committed 14720K, reserved 1062912K
  class space    used 1967K, capacity 2107K, committed 2176K, reserved 1048576K
}
Event: 5.925 GC heap before
{Heap before GC invocations=7 (full 0):
 PSYoungGen      total 63488K, used 63484K [0x00000000e0000000, 0x00000000e4600000, 0x0000000100000000)
  eden space 58368K, 100% used [0x00000000e0000000,0x00000000e3900000,0x00000000e3900000)
  from space 5120K, 99% used [0x00000000e3f00000,0x00000000e43ff0d0,0x00000000e4400000)
  to   space 6144K, 0% used [0x00000000e3900000,0x00000000e3900000,0x00000000e3f00000)
 ParOldGen       total 38400K, used 5679K [0x00000000a0000000, 0x00000000a2580000, 0x00000000e0000000)
  object space 38400K, 14% used [0x00000000a0000000,0x00000000a058bfd0,0x00000000a2580000)
 Metaspace       used 19410K, capacity 20060K, committed 20352K, reserved 1067008K
  class space    used 2728K, capacity 2904K, committed 2944K, reserved 1048576K
Event: 5.940 GC heap after
Heap after GC invocations=7 (full 0):
 PSYoungGen      total 64512K, used 6132K [0x00000000e0000000, 0x00000000e8300000, 0x0000000100000000)
  eden space 58368K, 0% used [0x00000000e0000000,0x00000000e0000000,0x00000000e3900000)
  from space 6144K, 99% used [0x00000000e3900000,0x00000000e3efd2f8,0x00000000e3f00000)
  to   space 8704K, 0% used [0x00000000e7a80000,0x00000000e7a80000,0x00000000e8300000)
 ParOldGen       total 38400K, used 8775K [0x00000000a0000000, 0x00000000a2580000, 0x00000000e0000000)
  object space 38400K, 22% used [0x00000000a0000000,0x00000000a0891fe8,0x00000000a2580000)
 Metaspace       used 19410K, capacity 20060K, committed 20352K, reserved 1067008K
  class space    used 2728K, capacity 2904K, committed 2944K, reserved 1048576K
}
Event: 6.136 GC heap before
{Heap before GC invocations=8 (full 0):
 PSYoungGen      total 64512K, used 21757K [0x00000000e0000000, 0x00000000e8300000, 0x0000000100000000)
  eden space 58368K, 26% used [0x00000000e0000000,0x00000000e0f423f0,0x00000000e3900000)
  from space 6144K, 99% used [0x00000000e3900000,0x00000000e3efd2f8,0x00000000e3f00000)
  to   space 8704K, 0% used [0x00000000e7a80000,0x00000000e7a80000,0x00000000e8300000)
 ParOldGen       total 38400K, used 8775K [0x00000000a0000000, 0x00000000a2580000, 0x00000000e0000000)
  object space 38400K, 22% used [0x00000000a0000000,0x00000000a0891fe8,0x00000000a2580000)
 Metaspace       used 20603K, capacity 21190K, committed 21296K, reserved 1067008K
  class space    used 2930K, capacity 3107K, committed 3200K, reserved 1048576K
Event: 6.149 GC heap after
Heap after GC invocations=8 (full 0):
 PSYoungGen      total 124416K, used 4857K [0x00000000e0000000, 0x00000000e8200000, 0x0000000100000000)
  eden space 116736K, 0% used [0x00000000e0000000,0x00000000e0000000,0x00000000e7200000)
  from space 7680K, 63% used [0x00000000e7a80000,0x00000000e7f3e678,0x00000000e8200000)
  to   space 8192K, 0% used [0x00000000e7200000,0x00000000e7200000,0x00000000e7a00000)
 ParOldGen       total 38400K, used 9127K [0x00000000a0000000, 0x00000000a2580000, 0x00000000e0000000)
  object space 38400K, 23% used [0x00000000a0000000,0x00000000a08e9fe8,0x00000000a2580000)
 Metaspace       used 20603K, capacity 21190K, committed 21296K, reserved 1067008K
  class space    used 2930K, capacity 3107K, committed 3200K, reserved 1048576K
}
Event: 6.149 GC heap before
{Heap before GC invocations=9 (full 1):
 PSYoungGen      total 124416K, used 4857K [0x00000000e0000000, 0x00000000e8200000, 0x0000000100000000)
  eden space 116736K, 0% used [0x00000000e0000000,0x00000000e0000000,0x00000000e7200000)
  from space 7680K, 63% used [0x00000000e7a80000,0x00000000e7f3e678,0x00000000e8200000)
  to   space 8192K, 0% used [0x00000000e7200000,0x00000000e7200000,0x00000000e7a00000)
 ParOldGen       total 38400K, used 9127K [0x00000000a0000000, 0x00000000a2580000, 0x00000000e0000000)
  object space 38400K, 23% used [0x00000000a0000000,0x00000000a08e9fe8,0x00000000a2580000)
 Metaspace       used 20603K, capacity 21190K, committed 21296K, reserved 1067008K
  class space    used 2930K, capacity 3107K, committed 3200K, reserved 1048576K
Event: 6.203 GC heap after
Heap after GC invocations=9 (full 1):
 PSYoungGen      total 124416K, used 0K [0x00000000e0000000, 0x00000000e8200000, 0x0000000100000000)
  eden space 116736K, 0% used [0x00000000e0000000,0x00000000e0000000,0x00000000e7200000)
  from space 7680K, 0% used [0x00000000e7a80000,0x00000000e7a80000,0x00000000e8200000)
  to   space 8192K, 0% used [0x00000000e7200000,0x00000000e7200000,0x00000000e7a00000)
 ParOldGen       total 32768K, used 9318K [0x00000000a0000000, 0x00000000a2000000, 0x00000000e0000000)
  object space 32768K, 28% used [0x00000000a0000000,0x00000000a0919bf0,0x00000000a2000000)
 Metaspace       used 20603K, capacity 21190K, committed 21296K, reserved 1067008K
  class space    used 2930K, capacity 3107K, committed 3200K, reserved 1048576K
}

Deoptimization events (10 events):
Event: 5.883 Thread 0x000001fe45df1800 Uncommon trap: reason=unstable_if action=reinterpret pc=0x000001fe30531608 method=java.net.URI.match(CJJ)Z @ 19
Event: 5.883 Thread 0x000001fe45df1800 Uncommon trap: reason=unstable_if action=reinterpret pc=0x000001fe306b77e8 method=java.net.URI.match(CJJ)Z @ 19
Event: 6.271 Thread 0x000001fe45df1800 Uncommon trap: reason=unstable_if action=reinterpret pc=0x000001fe30952840 method=java.util.HashMap.hash(Ljava/lang/Object;)I @ 1
Event: 6.306 Thread 0x000001fe45df1800 Uncommon trap: reason=unstable_if action=reinterpret pc=0x000001fe309555cc method=jdk.internal.org.objectweb.asm.Type.getArgumentsAndReturnSizes(Ljava/lang/String;)I @ 88
Event: 6.436 Thread 0x000001fe45df1800 Uncommon trap: reason=unstable_if action=reinterpret pc=0x000001fe306582e0 method=java.io.WinNTFileSystem.resolve(Ljava/lang/String;Ljava/lang/String;)Ljava/lang/String; @ 49
Event: 6.822 Thread 0x000001fe45df1800 Uncommon trap: reason=unstable_if action=reinterpret pc=0x000001fe30964adc method=java.util.HashMap.putVal(ILjava/lang/Object;Ljava/lang/Object;ZZ)Ljava/lang/Object; @ 162
Event: 7.454 Thread 0x000001fe45df1800 Uncommon trap: reason=unstable_if action=reinterpret pc=0x000001fe308c8a9c method=java.net.URLClassLoader.defineClass(Ljava/lang/String;Lsun/misc/Resource;)Ljava/lang/Class; @ 21
Event: 7.464 Thread 0x000001fe45df1800 Uncommon trap: reason=unstable_if action=reinterpret pc=0x000001fe30858b38 method=java.lang.ClassLoader.getClassLoadingLock(Ljava/lang/String;)Ljava/lang/Object; @ 6
Event: 7.931 Thread 0x000001fe45df1800 Uncommon trap: reason=unstable_if action=reinterpret pc=0x000001fe30951738 method=java.util.HashMap.getNode(ILjava/lang/Object;)Ljava/util/HashMap$Node; @ 53
Event: 7.931 Thread 0x000001fe45df1800 Uncommon trap: reason=unstable_if action=reinterpret pc=0x000001fe30679670 method=java.util.HashMap.hash(Ljava/lang/Object;)I @ 1

Classes redefined (0 events):
No events

Internal exceptions (10 events):
Event: 7.570 Thread 0x000001fe45df1800 Exception <a 'java/lang/ClassNotFoundException': org/gradle/plugin/use/internal/PluginsAwareScriptCustomizer> (0x00000000e4baafa0) thrown at [C:\jenkins\workspace\8-2-build-windows-amd64-cygwin\jdk8u281\880\hotspot\src\share\vm\classfile\systemDictionary.
Event: 7.571 Thread 0x000001fe45df1800 Exception <a 'java/lang/ClassNotFoundException': org/gradle/initialization/SettingsScriptCustomizer> (0x00000000e4bcb330) thrown at [C:\jenkins\workspace\8-2-build-windows-amd64-cygwin\jdk8u281\880\hotspot\src\share\vm\classfile\systemDictionary.cpp, line
Event: 7.572 Thread 0x000001fe45df1800 Exception <a 'java/lang/ClassNotFoundException': settings_f4kxsrgoclezfm6jdq72hlcu1Customizer> (0x00000000e4bdf4a8) thrown at [C:\jenkins\workspace\8-2-build-windows-amd64-cygwin\jdk8u281\880\hotspot\src\share\vm\classfile\systemDictionary.cpp, line 212]
Event: 7.668 Thread 0x000001fe45df1800 Exception <a 'java/lang/ClassNotFoundException': org/gradle/initialization/DefaultSettings_DecoratedBeanInfo> (0x00000000e51211e8) thrown at [C:\jenkins\workspace\8-2-build-windows-amd64-cygwin\jdk8u281\880\hotspot\src\share\vm\classfile\systemDictionary.
Event: 7.668 Thread 0x000001fe45df1800 Exception <a 'java/lang/ClassNotFoundException': org/gradle/initialization/DefaultSettingsBeanInfo> (0x00000000e514ba48) thrown at [C:\jenkins\workspace\8-2-build-windows-amd64-cygwin\jdk8u281\880\hotspot\src\share\vm\classfile\systemDictionary.cpp, line 
Event: 7.669 Thread 0x000001fe45df1800 Exception <a 'java/lang/ClassNotFoundException': org/gradle/api/internal/project/AbstractPluginAwareBeanInfo> (0x00000000e517c9d0) thrown at [C:\jenkins\workspace\8-2-build-windows-amd64-cygwin\jdk8u281\880\hotspot\src\share\vm\classfile\systemDictionary.
Event: 7.670 Thread 0x000001fe45df1800 Exception <a 'java/lang/ClassNotFoundException': org/gradle/api/internal/project/AbstractPluginAwareCustomizer> (0x00000000e51ae750) thrown at [C:\jenkins\workspace\8-2-build-windows-amd64-cygwin\jdk8u281\880\hotspot\src\share\vm\classfile\systemDictionar
Event: 7.671 Thread 0x000001fe45df1800 Exception <a 'java/lang/ClassNotFoundException': org/gradle/initialization/DefaultSettingsCustomizer> (0x00000000e51e2838) thrown at [C:\jenkins\workspace\8-2-build-windows-amd64-cygwin\jdk8u281\880\hotspot\src\share\vm\classfile\systemDictionary.cpp, lin
Event: 7.684 Thread 0x000001fe45df1800 Exception <a 'java/lang/ClassNotFoundException': org/gradle/initialization/DefaultSettings_DecoratedCustomizer> (0x00000000e5250f00) thrown at [C:\jenkins\workspace\8-2-build-windows-amd64-cygwin\jdk8u281\880\hotspot\src\share\vm\classfile\systemDictionar
Event: 7.931 Thread 0x000001fe45df1800 Implicit null exception at 0x000001fe306795d8 to 0x000001fe30679666

Events (10 events):
Event: 7.942 loading class org/gradle/api/Task$Namer
Event: 7.942 loading class org/gradle/api/Task$Namer done
Event: 7.951 loading class org/gradle/api/NonNullApi
Event: 7.951 loading class org/gradle/api/NonNullApi done
Event: 7.952 loading class javax/annotation/meta/TypeQualifierDefault
Event: 7.952 loading class javax/annotation/meta/TypeQualifierDefault done
Event: 7.964 loading class javax/annotation/meta/When
Event: 7.964 loading class javax/annotation/meta/When done
Event: 7.964 loading class javax/annotation/meta/TypeQualifier
Event: 7.964 loading class javax/annotation/meta/TypeQualifier done


Dynamic libraries:
0x00007ff64d940000 - 0x00007ff64d987000 	C:\Program Files\Java\jdk1.8.0_281\bin\java.exe
0x00007ffdb8510000 - 0x00007ffdb8706000 	C:\Windows\SYSTEM32\ntdll.dll
0x00007ffdb6570000 - 0x00007ffdb662d000 	C:\Windows\System32\KERNEL32.DLL
0x00007ffdb62a0000 - 0x00007ffdb6569000 	C:\Windows\System32\KERNELBASE.dll
0x00007ffdb68a0000 - 0x00007ffdb694c000 	C:\Windows\System32\ADVAPI32.dll
0x00007ffdb6800000 - 0x00007ffdb689e000 	C:\Windows\System32\msvcrt.dll
0x00007ffdb7560000 - 0x00007ffdb75fc000 	C:\Windows\System32\sechost.dll
0x00007ffdb6bc0000 - 0x00007ffdb6ceb000 	C:\Windows\System32\RPCRT4.dll
0x00007ffdb7a10000 - 0x00007ffdb7bb0000 	C:\Windows\System32\USER32.dll
0x00007ffdb6270000 - 0x00007ffdb6292000 	C:\Windows\System32\win32u.dll
0x00007ffdb7d50000 - 0x00007ffdb7d7a000 	C:\Windows\System32\GDI32.dll
0x00007ffdb6100000 - 0x00007ffdb620b000 	C:\Windows\System32\gdi32full.dll
0x00007ffdb5de0000 - 0x00007ffdb5e7d000 	C:\Windows\System32\msvcp_win.dll
0x00007ffdb5f30000 - 0x00007ffdb6030000 	C:\Windows\System32\ucrtbase.dll
0x00007ffda7390000 - 0x00007ffda762b000 	C:\Windows\WinSxS\amd64_microsoft.windows.common-controls_6595b64144ccf1df_6.0.19041.746_none_ca02b4b61b8320a4\COMCTL32.dll
0x00007ffdb7600000 - 0x00007ffdb7630000 	C:\Windows\System32\IMM32.DLL
0x00007ffdad650000 - 0x00007ffdad665000 	C:\Program Files\Java\jdk1.8.0_281\jre\bin\vcruntime140.dll
0x00007ffdad5b0000 - 0x00007ffdad64b000 	C:\Program Files\Java\jdk1.8.0_281\jre\bin\msvcp140.dll
0x0000000058e90000 - 0x00000000596ef000 	C:\Program Files\Java\jdk1.8.0_281\jre\bin\server\jvm.dll
0x00007ffdb6630000 - 0x00007ffdb6638000 	C:\Windows\System32\PSAPI.DLL
0x00007ffdb2eb0000 - 0x00007ffdb2eb9000 	C:\Windows\SYSTEM32\WSOCK32.dll
0x00007ffdb7ce0000 - 0x00007ffdb7d4b000 	C:\Windows\System32\WS2_32.dll
0x00007ffdade10000 - 0x00007ffdade37000 	C:\Windows\SYSTEM32\WINMM.dll
0x00007ffdb43f0000 - 0x00007ffdb43fa000 	C:\Windows\SYSTEM32\VERSION.dll
0x00007ffdb44f0000 - 0x00007ffdb4502000 	C:\Windows\SYSTEM32\kernel.appcore.dll
0x00007ffdb4330000 - 0x00007ffdb4340000 	C:\Program Files\Java\jdk1.8.0_281\jre\bin\verify.dll
0x00007ffdad580000 - 0x00007ffdad5ab000 	C:\Program Files\Java\jdk1.8.0_281\jre\bin\java.dll
0x00007ffdad560000 - 0x00007ffdad578000 	C:\Program Files\Java\jdk1.8.0_281\jre\bin\zip.dll
0x00007ffdb7d80000 - 0x00007ffdb84c3000 	C:\Windows\System32\SHELL32.dll
0x00007ffdb39c0000 - 0x00007ffdb414f000 	C:\Windows\SYSTEM32\windows.storage.dll
0x00007ffdb76b0000 - 0x00007ffdb7a06000 	C:\Windows\System32\combase.dll
0x00007ffdb55e0000 - 0x00007ffdb560c000 	C:\Windows\SYSTEM32\Wldp.dll
0x00007ffdb6950000 - 0x00007ffdb69fe000 	C:\Windows\System32\SHCORE.dll
0x00007ffdb7430000 - 0x00007ffdb7485000 	C:\Windows\System32\shlwapi.dll
0x00007ffdb5b80000 - 0x00007ffdb5ba6000 	C:\Windows\SYSTEM32\profapi.dll
0x00007ffdad540000 - 0x00007ffdad55c000 	C:\Program Files\Java\jdk1.8.0_281\jre\bin\net.dll
0x00007ffdb5310000 - 0x00007ffdb537a000 	C:\Windows\system32\mswsock.dll
0x00007ffdad520000 - 0x00007ffdad533000 	C:\Program Files\Java\jdk1.8.0_281\jre\bin\nio.dll
0x00007ffdaf370000 - 0x00007ffdaf397000 	C:\Users\USER\.gradle\native\f6784746aeab05261644944871eae4fe03e0ef1612fff0a4a95f87b438bc6780\windows-amd64\native-platform.dll
0x00007ffdadc00000 - 0x00007ffdadc0d000 	C:\Program Files\Java\jdk1.8.0_281\jre\bin\management.dll
0x00007ffdb54b0000 - 0x00007ffdb54c8000 	C:\Windows\SYSTEM32\CRYPTSP.dll
0x00007ffdb4cc0000 - 0x00007ffdb4cf4000 	C:\Windows\system32\rsaenh.dll
0x00007ffdb5c50000 - 0x00007ffdb5c77000 	C:\Windows\System32\bcrypt.dll
0x00007ffdb5b00000 - 0x00007ffdb5b2e000 	C:\Windows\SYSTEM32\USERENV.dll
0x00007ffdb6080000 - 0x00007ffdb6100000 	C:\Windows\System32\bcryptprimitives.dll
0x00007ffdb54d0000 - 0x00007ffdb54dc000 	C:\Windows\SYSTEM32\CRYPTBASE.dll
0x00007ffdb5020000 - 0x00007ffdb505b000 	C:\Windows\SYSTEM32\IPHLPAPI.DLL
0x00007ffdb6e30000 - 0x00007ffdb6e38000 	C:\Windows\System32\NSI.dll
0x00007ffdab0f0000 - 0x00007ffdab107000 	C:\Windows\SYSTEM32\dhcpcsvc6.DLL
0x00007ffdab820000 - 0x00007ffdab83d000 	C:\Windows\SYSTEM32\dhcpcsvc.DLL
0x00007ffdb5060000 - 0x00007ffdb512b000 	C:\Windows\SYSTEM32\DNSAPI.dll
0x00007ffdae020000 - 0x00007ffdae02b000 	C:\Windows\SYSTEM32\WINNSI.DLL
0x00007ffdb3640000 - 0x00007ffdb3824000 	C:\Windows\SYSTEM32\dbghelp.dll

VM Arguments:
jvm_args: -Xmx1536m -Dfile.encoding=windows-1252 -Duser.country=US -Duser.language=en -Duser.variant 
java_command: org.gradle.launcher.daemon.bootstrap.GradleDaemon 6.5
java_class_path (initial): C:\Users\USER\.gradle\wrapper\dists\gradle-6.5-all\2oz4ud9k3tuxjg84bbf55q0tn\gradle-6.5\lib\gradle-launcher-6.5.jar
Launcher Type: SUN_STANDARD

Environment Variables:
JAVA_HOME=C:\Program Files\Java\jdk1.8.0_281
PATH=C:\Program Files\Common Files\Oracle\Java\javapath;C:\Program Files (x86)\Common Files\Oracle\Java\javapath;C:\Windows\system32;C:\Windows;C:\Windows\System32\Wbem;C:\Windows\System32\WindowsPowerShell\v1.0\;C:\Windows\System32\OpenSSH\;C:\Program Files\Microsoft VS Code\bin;C:\Program Files\Git\cmd;C:\ProgramData\ComposerSetup\bin;C:\Program Files\MySQL\MySQL Shell 8.0\bin\;C:\Users\USER\AppData\Local\Microsoft\WindowsApps;C:\xampp\php;C:\Users\USER\AppData\Roaming\Composer\vendor\bin;C:\Users\USER\AppData\Local\ComposerSetup\bin
USERNAME=USER
OS=Windows_NT
PROCESSOR_IDENTIFIER=AMD64 Family 23 Model 32 Stepping 1, AuthenticAMD



---------------  S Y S T E M  ---------------

OS: Windows 10.0 , 64 bit Build 19041 (10.0.19041.662)

CPU:total 2 (initial active 2) (2 cores per cpu, 1 threads per core) family 23 model 32 stepping 1, cmov, cx8, fxsr, mmx, sse, sse2, sse3, ssse3, sse4.1, sse4.2, popcnt, avx, avx2, aes, clmul, mmxext, 3dnowpref, lzcnt, sse4a, tsc, tscinvbit, tscinv, bmi1

Memory: 4k page, physical 3543304k(294984k free), swap 6164744k(3572k free)

vm_info: Java HotSpot(TM) 64-Bit Server VM (25.281-b09) for windows-amd64 JRE (1.8.0_281-b09), built on Dec  9 2020 13:54:07 by "" with MS VC++ 15.9 (VS2017)

time: Mon Mar  1 13:03:11 2021
timezone: SE Asia Standard Time
elapsed time: 7.993153 seconds (0d 0h 0m 7s)

