#
# There is insufficient memory for the Java Runtime Environment to continue.
# Native memory allocation (malloc) failed to allocate 1147856 bytes for Chunk::new
# Possible reasons:
#   The system is out of physical RAM or swap space
#   The process is running with CompressedOops enabled, and the Java Heap may be blocking the growth of the native heap
# Possible solutions:
#   Reduce memory load on the system
#   Increase physical memory or swap space
#   Check if swap backing store is full
#   Decrease Java heap size (-Xmx/-Xms)
#   Decrease number of Java threads
#   Decrease Java thread stack sizes (-Xss)
#   Set larger code cache with -XX:ReservedCodeCacheSize=
#   JVM is running with Unscaled Compressed Oops mode in which the Java heap is
#     placed in the first 4GB address space. The Java Heap base address is the
#     maximum limit for the native heap growth. Please use -XX:HeapBaseMinAddress
#     to set the Java Heap base and to place the Java Heap above 4GB virtual address.
# This output file may be truncated or incomplete.
#
#  Out of Memory Error (allocation.cpp:389), pid=6928, tid=0x00000000000013e4
#
# JRE version: Java(TM) SE Runtime Environment (8.0_281-b09) (build 1.8.0_281-b09)
# Java VM: Java HotSpot(TM) 64-Bit Server VM (25.281-b09 mixed mode windows-amd64 compressed oops)
# Failed to write core dump. Minidumps are not enabled by default on client versions of Windows
#

---------------  T H R E A D  ---------------

Current thread (0x000001b2fa0be000):  JavaThread "C2 CompilerThread0" daemon [_thread_in_native, id=5092, stack(0x0000005a49900000,0x0000005a49a00000)]

Stack: [0x0000005a49900000,0x0000005a49a00000]
Native frames: (J=compiled Java code, j=interpreted, Vv=VM code, C=native code)
V  [jvm.dll+0x32e5b9]
V  [jvm.dll+0x275012]
V  [jvm.dll+0x275cbd]
V  [jvm.dll+0x26c6f5]
V  [jvm.dll+0xd51fc]
V  [jvm.dll+0xd59fc]
V  [jvm.dll+0x4523f2]
V  [jvm.dll+0x48d85d]
V  [jvm.dll+0x4423f1]
V  [jvm.dll+0x43f664]
V  [jvm.dll+0x42a5e7]
V  [jvm.dll+0xabe9b]
V  [jvm.dll+0xaa4fb]
V  [jvm.dll+0x23d6b2]
V  [jvm.dll+0x291cbc]
C  [ucrtbase.dll+0x214c2]
C  [KERNEL32.DLL+0x17034]
C  [ntdll.dll+0x4d0d1]


Current CompileTask:
C2:   3238 1533       4       java.net.URLClassLoader$1::run (5 bytes)


---------------  P R O C E S S  ---------------

Java Threads: ( => current thread )
  0x000001b2fc39c000 JavaThread "Cache worker for file hash cache (C:\Users\USER\.gradle\caches\6.5\fileHashes)" [_thread_blocked, id=12296, stack(0x0000005a4ab00000,0x0000005a4ac00000)]
  0x000001b2fc39b000 JavaThread "File lock request listener" [_thread_in_native, id=12904, stack(0x0000005a4aa00000,0x0000005a4ab00000)]
  0x000001b2fc397800 JavaThread "Cache worker for journal cache (C:\Users\USER\.gradle\caches\journal-1)" [_thread_blocked, id=732, stack(0x0000005a4a900000,0x0000005a4aa00000)]
  0x000001b2fc172800 JavaThread "Thread-9" [_thread_blocked, id=6396, stack(0x0000005a4a800000,0x0000005a4a900000)]
  0x000001b2fc172000 JavaThread "Stdin handler" [_thread_blocked, id=12880, stack(0x0000005a4a700000,0x0000005a4a800000)]
  0x000001b2fc16d000 JavaThread "Asynchronous log dispatcher for DefaultDaemonConnection: socket connection from /127.0.0.1:50014 to /127.0.0.1:50015" [_thread_blocked, id=8188, stack(0x0000005a4a600000,0x0000005a4a700000)]
  0x000001b2fc16c000 JavaThread "Daemon worker" [_thread_in_vm, id=1152, stack(0x0000005a4a500000,0x0000005a4a600000)]
  0x000001b2fc152800 JavaThread "Cancel handler" [_thread_blocked, id=10868, stack(0x0000005a4a400000,0x0000005a4a500000)]
  0x000001b2fc0c0800 JavaThread "Handler for socket connection from /127.0.0.1:50014 to /127.0.0.1:50015" [_thread_in_native, id=13084, stack(0x0000005a4a300000,0x0000005a4a400000)]
  0x000001b2fc0c0000 JavaThread "Daemon periodic checks" [_thread_blocked, id=11232, stack(0x0000005a4a200000,0x0000005a4a300000)]
  0x000001b2fc11f800 JavaThread "Daemon" [_thread_blocked, id=4412, stack(0x0000005a4a100000,0x0000005a4a200000)]
  0x000001b2fc0cb800 JavaThread "Incoming local TCP Connector on port 50014" [_thread_in_native, id=7588, stack(0x0000005a4a000000,0x0000005a4a100000)]
  0x000001b2fbc5e800 JavaThread "Daemon health stats" [_thread_blocked, id=4468, stack(0x0000005a49d00000,0x0000005a49e00000)]
  0x000001b2fa119000 JavaThread "Service Thread" daemon [_thread_blocked, id=9700, stack(0x0000005a49b00000,0x0000005a49c00000)]
  0x000001b2fa116000 JavaThread "C1 CompilerThread1" daemon [_thread_in_vm, id=6856, stack(0x0000005a49a00000,0x0000005a49b00000)]
=>0x000001b2fa0be000 JavaThread "C2 CompilerThread0" daemon [_thread_in_native, id=5092, stack(0x0000005a49900000,0x0000005a49a00000)]
  0x000001b2fa0bc800 JavaThread "Attach Listener" daemon [_thread_blocked, id=5856, stack(0x0000005a49800000,0x0000005a49900000)]
  0x000001b2fa0ba800 JavaThread "Signal Dispatcher" daemon [_thread_blocked, id=12668, stack(0x0000005a49700000,0x0000005a49800000)]
  0x000001b2e4ff9800 JavaThread "Finalizer" daemon [_thread_blocked, id=1656, stack(0x0000005a49600000,0x0000005a49700000)]
  0x000001b2fa0a4000 JavaThread "Reference Handler" daemon [_thread_blocked, id=1748, stack(0x0000005a49500000,0x0000005a49600000)]
  0x000001b2e4e0d800 JavaThread "main" [_thread_blocked, id=4940, stack(0x0000005a49100000,0x0000005a49200000)]

Other Threads:
  0x000001b2fa082000 VMThread [stack: 0x0000005a49400000,0x0000005a49500000] [id=9876]
  0x000001b2fa11a000 WatcherThread [stack: 0x0000005a49c00000,0x0000005a49d00000] [id=13180]

VM state:not at safepoint (normal execution)

VM Mutex/Monitor currently owned by a thread: None

heap address: 0x00000000a0000000, size: 1536 MB, Compressed Oops mode: 32-bit
Narrow klass base: 0x0000000000000000, Narrow klass shift: 3
Compressed class space size: 1073741824 Address: 0x0000000100000000

Heap:
 PSYoungGen      total 61440K, used 10591K [0x00000000e0000000, 0x00000000e8400000, 0x0000000100000000)
  eden space 59392K, 14% used [0x00000000e0000000,0x00000000e085be70,0x00000000e3a00000)
  from space 2048K, 99% used [0x00000000e3a00000,0x00000000e3bfc030,0x00000000e3c00000)
  to   space 8192K, 0% used [0x00000000e7c00000,0x00000000e7c00000,0x00000000e8400000)
 ParOldGen       total 38400K, used 11545K [0x00000000a0000000, 0x00000000a2580000, 0x00000000e0000000)
  object space 38400K, 30% used [0x00000000a0000000,0x00000000a0b46770,0x00000000a2580000)
 Metaspace       used 17188K, capacity 17760K, committed 17920K, reserved 1064960K
  class space    used 2385K, capacity 2540K, committed 2560K, reserved 1048576K

Card table byte_map: [0x000001b2f5bc0000,0x000001b2f5ed0000] byte_map_base: 0x000001b2f56c0000

Marking Bits: (ParMarkBitMap*) 0x0000000059676ff0
 Begin Bits: [0x000001b2f60d0000, 0x000001b2f78d0000)
 End Bits:   [0x000001b2f78d0000, 0x000001b2f90d0000)

Polling page: 0x000001b2e4dc0000

CodeCache: size=245760Kb used=5624Kb max_used=5624Kb free=240135Kb
 bounds [0x000001b2e6800000, 0x000001b2e6d80000, 0x000001b2f5800000]
 total_blobs=1965 nmethods=1565 adapters=313
 compilation: enabled

Compilation events (10 events):
Event: 3.143 Thread 0x000001b2fa116000 1553       3       sun.reflect.generics.parser.SignatureParser::parseClassTypeSignature (118 bytes)
Event: 3.145 Thread 0x000001b2fa116000 nmethod 1553 0x000001b2e6d75950 code [0x000001b2e6d75d00, 0x000001b2e6d777d0]
Event: 3.159 Thread 0x000001b2fa116000 1554       3       java.lang.Class::privateGetDeclaredConstructors (85 bytes)
Event: 3.160 Thread 0x000001b2fa116000 nmethod 1554 0x000001b2e6d78810 code [0x000001b2e6d789e0, 0x000001b2e6d790e0]
Event: 3.177 Thread 0x000001b2fa116000 1556       3       sun.reflect.MethodAccessorImpl::<init> (5 bytes)
Event: 3.178 Thread 0x000001b2fa116000 nmethod 1556 0x000001b2e6d79510 code [0x000001b2e6d79680, 0x000001b2e6d79898]
Event: 3.178 Thread 0x000001b2fa116000 1557       1       java.lang.reflect.Method::getMethodAccessor (5 bytes)
Event: 3.178 Thread 0x000001b2fa116000 nmethod 1557 0x000001b2e6d79990 code [0x000001b2e6d79ae0, 0x000001b2e6d79bf8]
Event: 3.178 Thread 0x000001b2fa116000 1558       3       java.lang.reflect.Method::setMethodAccessor (21 bytes)
Event: 3.179 Thread 0x000001b2fa116000 nmethod 1558 0x000001b2e6d79c50 code [0x000001b2e6d79dc0, 0x000001b2e6d7a170]

GC Heap History (10 events):
Event: 0.715 GC heap before
{Heap before GC invocations=1 (full 0):
 PSYoungGen      total 16896K, used 14848K [0x00000000e0000000, 0x00000000e1280000, 0x0000000100000000)
  eden space 14848K, 100% used [0x00000000e0000000,0x00000000e0e80000,0x00000000e0e80000)
  from space 2048K, 0% used [0x00000000e1080000,0x00000000e1080000,0x00000000e1280000)
  to   space 2048K, 0% used [0x00000000e0e80000,0x00000000e0e80000,0x00000000e1080000)
 ParOldGen       total 38400K, used 0K [0x00000000a0000000, 0x00000000a2580000, 0x00000000e0000000)
  object space 38400K, 0% used [0x00000000a0000000,0x00000000a0000000,0x00000000a2580000)
 Metaspace       used 5327K, capacity 5558K, committed 5632K, reserved 1056768K
  class space    used 626K, capacity 709K, committed 768K, reserved 1048576K
Event: 0.723 GC heap after
Heap after GC invocations=1 (full 0):
 PSYoungGen      total 16896K, used 2032K [0x00000000e0000000, 0x00000000e2100000, 0x0000000100000000)
  eden space 14848K, 0% used [0x00000000e0000000,0x00000000e0000000,0x00000000e0e80000)
  from space 2048K, 99% used [0x00000000e0e80000,0x00000000e107c010,0x00000000e1080000)
  to   space 2048K, 0% used [0x00000000e1f00000,0x00000000e1f00000,0x00000000e2100000)
 ParOldGen       total 38400K, used 126K [0x00000000a0000000, 0x00000000a2580000, 0x00000000e0000000)
  object space 38400K, 0% used [0x00000000a0000000,0x00000000a001f930,0x00000000a2580000)
 Metaspace       used 5327K, capacity 5558K, committed 5632K, reserved 1056768K
  class space    used 626K, capacity 709K, committed 768K, reserved 1048576K
}
Event: 1.120 GC heap before
{Heap before GC invocations=2 (full 0):
 PSYoungGen      total 16896K, used 16880K [0x00000000e0000000, 0x00000000e2100000, 0x0000000100000000)
  eden space 14848K, 100% used [0x00000000e0000000,0x00000000e0e80000,0x00000000e0e80000)
  from space 2048K, 99% used [0x00000000e0e80000,0x00000000e107c010,0x00000000e1080000)
  to   space 2048K, 0% used [0x00000000e1f00000,0x00000000e1f00000,0x00000000e2100000)
 ParOldGen       total 38400K, used 126K [0x00000000a0000000, 0x00000000a2580000, 0x00000000e0000000)
  object space 38400K, 0% used [0x00000000a0000000,0x00000000a001f930,0x00000000a2580000)
 Metaspace       used 7347K, capacity 7614K, committed 7680K, reserved 1056768K
  class space    used 925K, capacity 1005K, committed 1024K, reserved 1048576K
Event: 1.125 GC heap after
Heap after GC invocations=2 (full 0):
 PSYoungGen      total 31744K, used 2032K [0x00000000e0000000, 0x00000000e2100000, 0x0000000100000000)
  eden space 29696K, 0% used [0x00000000e0000000,0x00000000e0000000,0x00000000e1d00000)
  from space 2048K, 99% used [0x00000000e1f00000,0x00000000e20fc030,0x00000000e2100000)
  to   space 2048K, 0% used [0x00000000e1d00000,0x00000000e1d00000,0x00000000e1f00000)
 ParOldGen       total 38400K, used 1717K [0x00000000a0000000, 0x00000000a2580000, 0x00000000e0000000)
  object space 38400K, 4% used [0x00000000a0000000,0x00000000a01ad618,0x00000000a2580000)
 Metaspace       used 7347K, capacity 7614K, committed 7680K, reserved 1056768K
  class space    used 925K, capacity 1005K, committed 1024K, reserved 1048576K
}
Event: 1.580 GC heap before
{Heap before GC invocations=3 (full 0):
 PSYoungGen      total 31744K, used 31728K [0x00000000e0000000, 0x00000000e2100000, 0x0000000100000000)
  eden space 29696K, 100% used [0x00000000e0000000,0x00000000e1d00000,0x00000000e1d00000)
  from space 2048K, 99% used [0x00000000e1f00000,0x00000000e20fc030,0x00000000e2100000)
  to   space 2048K, 0% used [0x00000000e1d00000,0x00000000e1d00000,0x00000000e1f00000)
 ParOldGen       total 38400K, used 1717K [0x00000000a0000000, 0x00000000a2580000, 0x00000000e0000000)
  object space 38400K, 4% used [0x00000000a0000000,0x00000000a01ad618,0x00000000a2580000)
 Metaspace       used 7518K, capacity 7742K, committed 7936K, reserved 1056768K
  class space    used 934K, capacity 1005K, committed 1024K, reserved 1048576K
Event: 1.587 GC heap after
Heap after GC invocations=3 (full 0):
 PSYoungGen      total 31744K, used 2032K [0x00000000e0000000, 0x00000000e3e00000, 0x0000000100000000)
  eden space 29696K, 0% used [0x00000000e0000000,0x00000000e0000000,0x00000000e1d00000)
  from space 2048K, 99% used [0x00000000e1d00000,0x00000000e1efc010,0x00000000e1f00000)
  to   space 2048K, 0% used [0x00000000e3c00000,0x00000000e3c00000,0x00000000e3e00000)
 ParOldGen       total 38400K, used 2786K [0x00000000a0000000, 0x00000000a2580000, 0x00000000e0000000)
  object space 38400K, 7% used [0x00000000a0000000,0x00000000a02b88c0,0x00000000a2580000)
 Metaspace       used 7518K, capacity 7742K, committed 7936K, reserved 1056768K
  class space    used 934K, capacity 1005K, committed 1024K, reserved 1048576K
}
Event: 2.140 GC heap before
{Heap before GC invocations=4 (full 0):
 PSYoungGen      total 31744K, used 31728K [0x00000000e0000000, 0x00000000e3e00000, 0x0000000100000000)
  eden space 29696K, 100% used [0x00000000e0000000,0x00000000e1d00000,0x00000000e1d00000)
  from space 2048K, 99% used [0x00000000e1d00000,0x00000000e1efc010,0x00000000e1f00000)
  to   space 2048K, 0% used [0x00000000e3c00000,0x00000000e3c00000,0x00000000e3e00000)
 ParOldGen       total 38400K, used 2786K [0x00000000a0000000, 0x00000000a2580000, 0x00000000e0000000)
  object space 38400K, 7% used [0x00000000a0000000,0x00000000a02b88c0,0x00000000a2580000)
 Metaspace       used 10675K, capacity 11038K, committed 11392K, reserved 1058816K
  class space    used 1451K, capacity 1573K, committed 1664K, reserved 1048576K
Event: 2.146 GC heap after
Heap after GC invocations=4 (full 0):
 PSYoungGen      total 61440K, used 2048K [0x00000000e0000000, 0x00000000e3e00000, 0x0000000100000000)
  eden space 59392K, 0% used [0x00000000e0000000,0x00000000e0000000,0x00000000e3a00000)
  from space 2048K, 100% used [0x00000000e3c00000,0x00000000e3e00000,0x00000000e3e00000)
  to   space 2048K, 0% used [0x00000000e3a00000,0x00000000e3a00000,0x00000000e3c00000)
 ParOldGen       total 38400K, used 5582K [0x00000000a0000000, 0x00000000a2580000, 0x00000000e0000000)
  object space 38400K, 14% used [0x00000000a0000000,0x00000000a0573a38,0x00000000a2580000)
 Metaspace       used 10675K, capacity 11038K, committed 11392K, reserved 1058816K
  class space    used 1451K, capacity 1573K, committed 1664K, reserved 1048576K
}
Event: 3.113 GC heap before
{Heap before GC invocations=5 (full 0):
 PSYoungGen      total 61440K, used 61440K [0x00000000e0000000, 0x00000000e3e00000, 0x0000000100000000)
  eden space 59392K, 100% used [0x00000000e0000000,0x00000000e3a00000,0x00000000e3a00000)
  from space 2048K, 100% used [0x00000000e3c00000,0x00000000e3e00000,0x00000000e3e00000)
  to   space 2048K, 0% used [0x00000000e3a00000,0x00000000e3a00000,0x00000000e3c00000)
 ParOldGen       total 38400K, used 5582K [0x00000000a0000000, 0x00000000a2580000, 0x00000000e0000000)
  object space 38400K, 14% used [0x00000000a0000000,0x00000000a0573a38,0x00000000a2580000)
 Metaspace       used 16916K, capacity 17532K, committed 17664K, reserved 1064960K
  class space    used 2323K, capacity 2506K, committed 2560K, reserved 1048576K
Event: 3.126 GC heap after
Heap after GC invocations=5 (full 0):
 PSYoungGen      total 61440K, used 2032K [0x00000000e0000000, 0x00000000e8400000, 0x0000000100000000)
  eden space 59392K, 0% used [0x00000000e0000000,0x00000000e0000000,0x00000000e3a00000)
  from space 2048K, 99% used [0x00000000e3a00000,0x00000000e3bfc030,0x00000000e3c00000)
  to   space 8192K, 0% used [0x00000000e7c00000,0x00000000e7c00000,0x00000000e8400000)
 ParOldGen       total 38400K, used 11545K [0x00000000a0000000, 0x00000000a2580000, 0x00000000e0000000)
  object space 38400K, 30% used [0x00000000a0000000,0x00000000a0b46770,0x00000000a2580000)
 Metaspace       used 16916K, capacity 17532K, committed 17664K, reserved 1064960K
  class space    used 2323K, capacity 2506K, committed 2560K, reserved 1048576K
}

Deoptimization events (10 events):
Event: 2.509 Thread 0x000001b2fc0c0800 Uncommon trap: reason=unstable_if action=reinterpret pc=0x000001b2e6b513f8 method=java.lang.String.substring(I)Ljava/lang/String; @ 35
Event: 2.567 Thread 0x000001b2fc16c000 Uncommon trap: reason=bimorphic action=maybe_recompile pc=0x000001b2e6b4c86c method=java.util.HashMap.putVal(ILjava/lang/Object;Ljava/lang/Object;ZZ)Ljava/lang/Object; @ 253
Event: 2.567 Thread 0x000001b2fc16c000 Uncommon trap: reason=bimorphic action=maybe_recompile pc=0x000001b2e6b4c86c method=java.util.HashMap.putVal(ILjava/lang/Object;Ljava/lang/Object;ZZ)Ljava/lang/Object; @ 253
Event: 2.567 Thread 0x000001b2fc16c000 Uncommon trap: reason=bimorphic action=maybe_recompile pc=0x000001b2e6b4c86c method=java.util.HashMap.putVal(ILjava/lang/Object;Ljava/lang/Object;ZZ)Ljava/lang/Object; @ 253
Event: 2.567 Thread 0x000001b2fc16c000 Uncommon trap: reason=bimorphic action=maybe_recompile pc=0x000001b2e6b4c86c method=java.util.HashMap.putVal(ILjava/lang/Object;Ljava/lang/Object;ZZ)Ljava/lang/Object; @ 253
Event: 2.836 Thread 0x000001b2fc16c000 Uncommon trap: reason=class_check action=maybe_recompile pc=0x000001b2e6b5dbf4 method=java.util.regex.Matcher.match(II)Z @ 86
Event: 2.837 Thread 0x000001b2fc16c000 Uncommon trap: reason=class_check action=maybe_recompile pc=0x000001b2e6b5dbf4 method=java.util.regex.Matcher.match(II)Z @ 86
Event: 2.837 Thread 0x000001b2fc16c000 Uncommon trap: reason=class_check action=maybe_recompile pc=0x000001b2e6b5dbf4 method=java.util.regex.Matcher.match(II)Z @ 86
Event: 2.837 Thread 0x000001b2fc16c000 Uncommon trap: reason=class_check action=maybe_recompile pc=0x000001b2e69e51dc method=java.util.regex.Matcher.match(II)Z @ 86
Event: 2.960 Thread 0x000001b2fc16c000 Uncommon trap: reason=unstable_if action=reinterpret pc=0x000001b2e6b5a99c method=java.io.File.getName()Ljava/lang/String; @ 16

Classes redefined (0 events):
No events

Internal exceptions (10 events):
Event: 2.502 Thread 0x000001b2fc0c0800 Exception <a 'java/lang/NoSuchMethodError': <clinit>> (0x00000000e0682e20) thrown at [C:\jenkins\workspace\8-2-build-windows-amd64-cygwin\jdk8u281\880\hotspot\src\share\vm\prims\jni.cpp, line 1615]
Event: 2.503 Thread 0x000001b2fc0c0800 Exception <a 'java/lang/NoSuchMethodError': <clinit>> (0x00000000e068b9d8) thrown at [C:\jenkins\workspace\8-2-build-windows-amd64-cygwin\jdk8u281\880\hotspot\src\share\vm\prims\jni.cpp, line 1615]
Event: 2.504 Thread 0x000001b2fc0c0800 Exception <a 'java/lang/NoSuchMethodError': <clinit>> (0x00000000e06a1d18) thrown at [C:\jenkins\workspace\8-2-build-windows-amd64-cygwin\jdk8u281\880\hotspot\src\share\vm\prims\jni.cpp, line 1615]
Event: 2.522 Thread 0x000001b2fc0c0800 Exception <a 'java/lang/NoSuchMethodError': <clinit>> (0x00000000e071d7c8) thrown at [C:\jenkins\workspace\8-2-build-windows-amd64-cygwin\jdk8u281\880\hotspot\src\share\vm\prims\jni.cpp, line 1615]
Event: 2.531 Thread 0x000001b2fc0c0800 Exception <a 'java/lang/NoSuchMethodError': <clinit>> (0x00000000e074ce40) thrown at [C:\jenkins\workspace\8-2-build-windows-amd64-cygwin\jdk8u281\880\hotspot\src\share\vm\prims\jni.cpp, line 1615]
Event: 2.539 Thread 0x000001b2fc0c0800 Exception <a 'java/lang/NoSuchMethodError': <clinit>> (0x00000000e077b408) thrown at [C:\jenkins\workspace\8-2-build-windows-amd64-cygwin\jdk8u281\880\hotspot\src\share\vm\prims\jni.cpp, line 1615]
Event: 2.540 Thread 0x000001b2fc0c0800 Exception <a 'java/lang/NoSuchMethodError': <clinit>> (0x00000000e0787898) thrown at [C:\jenkins\workspace\8-2-build-windows-amd64-cygwin\jdk8u281\880\hotspot\src\share\vm\prims\jni.cpp, line 1615]
Event: 2.996 Thread 0x000001b2fc16c000 Exception <a 'java/lang/NoSuchMethodError': java.lang.Object.lambda$and$0(Ljava/util/function/Predicate;Ljava/lang/Object;)Z> (0x00000000e2d29320) thrown at [C:\jenkins\workspace\8-2-build-windows-amd64-cygwin\jdk8u281\880\hotspot\src\share\vm\interpreter
Event: 3.002 Thread 0x000001b2fc16c000 Exception <a 'java/lang/IncompatibleClassChangeError': Found class java.lang.Object, but interface was expected> (0x00000000e2d39618) thrown at [C:\jenkins\workspace\8-2-build-windows-amd64-cygwin\jdk8u281\880\hotspot\src\share\vm\interpreter\linkResolver
Event: 3.004 Thread 0x000001b2fc16c000 Exception <a 'java/lang/NoSuchMethodError': java.lang.Object.lambda$or$2(Ljava/util/function/Predicate;Ljava/lang/Object;)Z> (0x00000000e2d3e168) thrown at [C:\jenkins\workspace\8-2-build-windows-amd64-cygwin\jdk8u281\880\hotspot\src\share\vm\interpreter\

Events (10 events):
Event: 3.177 loading class org/gradle/initialization/DefaultGradleLauncherFactory$NestedBuildFactoryImpl
Event: 3.177 loading class org/gradle/initialization/DefaultGradleLauncherFactory$NestedBuildFactoryImpl done
Event: 3.177 loading class org/gradle/initialization/NestedBuildFactory
Event: 3.177 loading class org/gradle/initialization/NestedBuildFactory done
Event: 3.178 loading class org/gradle/profile/BuildProfileServices$1$1
Event: 3.178 loading class org/gradle/profile/BuildProfileServices$1$1 done
Event: 3.179 loading class org/gradle/internal/build/DefaultPublicBuildPath
Event: 3.179 loading class org/gradle/internal/build/DefaultPublicBuildPath done
Event: 3.179 loading class org/gradle/util/Path
Event: 3.179 loading class org/gradle/util/Path done


Dynamic libraries:
0x00007ff7c0290000 - 0x00007ff7c02d7000 	C:\Program Files\Java\jdk1.8.0_281\bin\java.exe
0x00007ffdb8510000 - 0x00007ffdb8706000 	C:\Windows\SYSTEM32\ntdll.dll
0x00007ffdb6570000 - 0x00007ffdb662d000 	C:\Windows\System32\KERNEL32.DLL
0x00007ffdb62a0000 - 0x00007ffdb6569000 	C:\Windows\System32\KERNELBASE.dll
0x00007ffdb68a0000 - 0x00007ffdb694c000 	C:\Windows\System32\ADVAPI32.dll
0x00007ffdb6800000 - 0x00007ffdb689e000 	C:\Windows\System32\msvcrt.dll
0x00007ffdb7560000 - 0x00007ffdb75fc000 	C:\Windows\System32\sechost.dll
0x00007ffdb6bc0000 - 0x00007ffdb6ceb000 	C:\Windows\System32\RPCRT4.dll
0x00007ffdb7a10000 - 0x00007ffdb7bb0000 	C:\Windows\System32\USER32.dll
0x00007ffdb6270000 - 0x00007ffdb6292000 	C:\Windows\System32\win32u.dll
0x00007ffdb7d50000 - 0x00007ffdb7d7a000 	C:\Windows\System32\GDI32.dll
0x00007ffdb6100000 - 0x00007ffdb620b000 	C:\Windows\System32\gdi32full.dll
0x00007ffdb5de0000 - 0x00007ffdb5e7d000 	C:\Windows\System32\msvcp_win.dll
0x00007ffdb5f30000 - 0x00007ffdb6030000 	C:\Windows\System32\ucrtbase.dll
0x00007ffda7390000 - 0x00007ffda762b000 	C:\Windows\WinSxS\amd64_microsoft.windows.common-controls_6595b64144ccf1df_6.0.19041.746_none_ca02b4b61b8320a4\COMCTL32.dll
0x00007ffdb7600000 - 0x00007ffdb7630000 	C:\Windows\System32\IMM32.DLL
0x00007ffdaf2f0000 - 0x00007ffdaf305000 	C:\Program Files\Java\jdk1.8.0_281\jre\bin\vcruntime140.dll
0x00007ffda5d90000 - 0x00007ffda5e2b000 	C:\Program Files\Java\jdk1.8.0_281\jre\bin\msvcp140.dll
0x0000000058e90000 - 0x00000000596ef000 	C:\Program Files\Java\jdk1.8.0_281\jre\bin\server\jvm.dll
0x00007ffdb6630000 - 0x00007ffdb6638000 	C:\Windows\System32\PSAPI.DLL
0x00007ffdb4420000 - 0x00007ffdb4429000 	C:\Windows\SYSTEM32\WSOCK32.dll
0x00007ffdb7ce0000 - 0x00007ffdb7d4b000 	C:\Windows\System32\WS2_32.dll
0x00007ffdade10000 - 0x00007ffdade37000 	C:\Windows\SYSTEM32\WINMM.dll
0x00007ffdb43f0000 - 0x00007ffdb43fa000 	C:\Windows\SYSTEM32\VERSION.dll
0x00007ffdb44f0000 - 0x00007ffdb4502000 	C:\Windows\SYSTEM32\kernel.appcore.dll
0x00007ffdb4340000 - 0x00007ffdb4350000 	C:\Program Files\Java\jdk1.8.0_281\jre\bin\verify.dll
0x00007ffdadce0000 - 0x00007ffdadd0b000 	C:\Program Files\Java\jdk1.8.0_281\jre\bin\java.dll
0x00007ffdaeec0000 - 0x00007ffdaeed8000 	C:\Program Files\Java\jdk1.8.0_281\jre\bin\zip.dll
0x00007ffdb7d80000 - 0x00007ffdb84c3000 	C:\Windows\System32\SHELL32.dll
0x00007ffdb39c0000 - 0x00007ffdb414f000 	C:\Windows\SYSTEM32\windows.storage.dll
0x00007ffdb76b0000 - 0x00007ffdb7a06000 	C:\Windows\System32\combase.dll
0x00007ffdb55e0000 - 0x00007ffdb560c000 	C:\Windows\SYSTEM32\Wldp.dll
0x00007ffdb6950000 - 0x00007ffdb69fe000 	C:\Windows\System32\SHCORE.dll
0x00007ffdb7430000 - 0x00007ffdb7485000 	C:\Windows\System32\shlwapi.dll
0x00007ffdb5b80000 - 0x00007ffdb5ba6000 	C:\Windows\SYSTEM32\profapi.dll
0x00007ffdadb00000 - 0x00007ffdadb1c000 	C:\Program Files\Java\jdk1.8.0_281\jre\bin\net.dll
0x00007ffdb5310000 - 0x00007ffdb537a000 	C:\Windows\system32\mswsock.dll
0x00007ffdad880000 - 0x00007ffdad893000 	C:\Program Files\Java\jdk1.8.0_281\jre\bin\nio.dll
0x00007ffdad8a0000 - 0x00007ffdad8c7000 	C:\Users\USER\.gradle\native\f6784746aeab05261644944871eae4fe03e0ef1612fff0a4a95f87b438bc6780\windows-amd64\native-platform.dll
0x00007ffdaf360000 - 0x00007ffdaf36d000 	C:\Program Files\Java\jdk1.8.0_281\jre\bin\management.dll
0x00007ffdb54b0000 - 0x00007ffdb54c8000 	C:\Windows\SYSTEM32\CRYPTSP.dll
0x00007ffdb4cc0000 - 0x00007ffdb4cf4000 	C:\Windows\system32\rsaenh.dll
0x00007ffdb5c50000 - 0x00007ffdb5c77000 	C:\Windows\System32\bcrypt.dll
0x00007ffdb5b00000 - 0x00007ffdb5b2e000 	C:\Windows\SYSTEM32\USERENV.dll
0x00007ffdb6080000 - 0x00007ffdb6100000 	C:\Windows\System32\bcryptprimitives.dll
0x00007ffdb54d0000 - 0x00007ffdb54dc000 	C:\Windows\SYSTEM32\CRYPTBASE.dll
0x00007ffdb5020000 - 0x00007ffdb505b000 	C:\Windows\SYSTEM32\IPHLPAPI.DLL
0x00007ffdb6e30000 - 0x00007ffdb6e38000 	C:\Windows\System32\NSI.dll
0x00007ffdab0f0000 - 0x00007ffdab107000 	C:\Windows\SYSTEM32\dhcpcsvc6.DLL
0x00007ffdab820000 - 0x00007ffdab83d000 	C:\Windows\SYSTEM32\dhcpcsvc.DLL
0x00007ffdb5060000 - 0x00007ffdb512b000 	C:\Windows\SYSTEM32\DNSAPI.dll
0x00007ffdae020000 - 0x00007ffdae02b000 	C:\Windows\SYSTEM32\WINNSI.DLL
0x00007ffdb3640000 - 0x00007ffdb3824000 	C:\Windows\SYSTEM32\dbghelp.dll

VM Arguments:
jvm_args: -Xmx1536m -Dfile.encoding=windows-1252 -Duser.country=US -Duser.language=en -Duser.variant 
java_command: org.gradle.launcher.daemon.bootstrap.GradleDaemon 6.5
java_class_path (initial): C:\Users\USER\.gradle\wrapper\dists\gradle-6.5-all\2oz4ud9k3tuxjg84bbf55q0tn\gradle-6.5\lib\gradle-launcher-6.5.jar
Launcher Type: SUN_STANDARD

Environment Variables:
JAVA_HOME=C:\Program Files\Java\jdk1.8.0_281
PATH=C:\Program Files\Common Files\Oracle\Java\javapath;C:\Program Files (x86)\Common Files\Oracle\Java\javapath;C:\Windows\system32;C:\Windows;C:\Windows\System32\Wbem;C:\Windows\System32\WindowsPowerShell\v1.0\;C:\Windows\System32\OpenSSH\;C:\Program Files\Microsoft VS Code\bin;C:\Program Files\Git\cmd;C:\ProgramData\ComposerSetup\bin;C:\Program Files\MySQL\MySQL Shell 8.0\bin\;C:\Users\USER\AppData\Local\Microsoft\WindowsApps;C:\xampp\php;C:\Users\USER\AppData\Roaming\Composer\vendor\bin;C:\Users\USER\AppData\Local\ComposerSetup\bin
USERNAME=USER
OS=Windows_NT
PROCESSOR_IDENTIFIER=AMD64 Family 23 Model 32 Stepping 1, AuthenticAMD



---------------  S Y S T E M  ---------------

OS: Windows 10.0 , 64 bit Build 19041 (10.0.19041.662)

CPU:total 2 (initial active 2) (2 cores per cpu, 1 threads per core) family 23 model 32 stepping 1, cmov, cx8, fxsr, mmx, sse, sse2, sse3, ssse3, sse4.1, sse4.2, popcnt, avx, avx2, aes, clmul, mmxext, 3dnowpref, lzcnt, sse4a, tsc, tscinvbit, tscinv, bmi1

Memory: 4k page, physical 3543304k(357912k free), swap 6164744k(5392k free)

vm_info: Java HotSpot(TM) 64-Bit Server VM (25.281-b09) for windows-amd64 JRE (1.8.0_281-b09), built on Dec  9 2020 13:54:07 by "" with MS VC++ 15.9 (VS2017)

time: Mon Mar  1 13:00:11 2021
timezone: SE Asia Standard Time
elapsed time: 3.243267 seconds (0d 0h 0m 3s)

