#
# There is insufficient memory for the Java Runtime Environment to continue.
# Native memory allocation (malloc) failed to allocate 1048576 bytes for AllocateHeap
# Possible reasons:
#   The system is out of physical RAM or swap space
#   The process is running with CompressedOops enabled, and the Java Heap may be blocking the growth of the native heap
# Possible solutions:
#   Reduce memory load on the system
#   Increase physical memory or swap space
#   Check if swap backing store is full
#   Decrease Java heap size (-Xmx/-Xms)
#   Decrease number of Java threads
#   Decrease Java thread stack sizes (-Xss)
#   Set larger code cache with -XX:ReservedCodeCacheSize=
#   JVM is running with Unscaled Compressed Oops mode in which the Java heap is
#     placed in the first 4GB address space. The Java Heap base address is the
#     maximum limit for the native heap growth. Please use -XX:HeapBaseMinAddress
#     to set the Java Heap base and to place the Java Heap above 4GB virtual address.
# This output file may be truncated or incomplete.
#
#  Out of Memory Error (memory/allocation.inline.hpp:61), pid=10380, tid=0x0000000000002394
#
# JRE version:  (8.0_281-b09) (build )
# Java VM: Java HotSpot(TM) 64-Bit Server VM (25.281-b09 mixed mode windows-amd64 compressed oops)
# Failed to write core dump. Minidumps are not enabled by default on client versions of Windows
#

---------------  T H R E A D  ---------------

Current thread (0x000001ab5d62e000):  JavaThread "Unknown thread" [_thread_in_vm, id=9108, stack(0x00000037f5100000,0x00000037f5200000)]

Stack: [0x00000037f5100000,0x00000037f5200000]
Native frames: (J=compiled Java code, j=interpreted, Vv=VM code, C=native code)
V  [jvm.dll+0x32e5b9]
V  [jvm.dll+0x275012]
V  [jvm.dll+0x275cbd]
V  [jvm.dll+0x26c6f5]
V  [jvm.dll+0x509d]
V  [jvm.dll+0x3c96ec]
V  [jvm.dll+0x3c5a67]
V  [jvm.dll+0xfcaaf]
V  [jvm.dll+0x209a1b]
V  [jvm.dll+0x2383d7]
V  [jvm.dll+0x162566]
C  [java.exe+0x2312]
C  [java.exe+0x15f54]
C  [KERNEL32.DLL+0x17034]
C  [ntdll.dll+0x4d0d1]


---------------  P R O C E S S  ---------------

Java Threads: ( => current thread )

Other Threads:

=>0x000001ab5d62e000 (exited) JavaThread "Unknown thread" [_thread_in_vm, id=9108, stack(0x00000037f5100000,0x00000037f5200000)]

VM state:not at safepoint (normal execution)

VM Mutex/Monitor currently owned by a thread: None

heap address: 0x00000000c9e00000, size: 866 MB, Compressed Oops mode: 32-bit
Narrow klass base: 0x0000000000000000, Narrow klass shift: 3
Compressed class space size: 1073741824 Address: 0x0000000100000000

Heap:
 PSYoungGen      total 16896K, used 296K [0x00000000edf80000, 0x00000000ef200000, 0x0000000100000000)
  eden space 14848K, 2% used [0x00000000edf80000,0x00000000edfca3e0,0x00000000eee00000)
  from space 2048K, 0% used [0x00000000ef000000,0x00000000ef000000,0x00000000ef200000)
  to   space 2048K, 0% used [0x00000000eee00000,0x00000000eee00000,0x00000000ef000000)
 ParOldGen       total 38400K, used 0K [0x00000000c9e00000, 0x00000000cc380000, 0x00000000edf80000)
  object space 38400K, 0% used [0x00000000c9e00000,0x00000000c9e00000,0x00000000cc380000)
 Metaspace       used 786K, capacity 1156K, committed 1408K, reserved 1060864K
  class space    used 76K, capacity 384K, committed 384K, reserved 1048576K

Card table byte_map: [0x000001ab6e3d0000,0x000001ab6e590000] byte_map_base: 0x000001ab6dd81000

Marking Bits: (ParMarkBitMap*) 0x000000006e326ff0
 Begin Bits: [0x000001ab6e6c0000, 0x000001ab6f448000)
 End Bits:   [0x000001ab6f448000, 0x000001ab701d0000)

Polling page: 0x000001ab5d830000

CodeCache: size=245760Kb used=327Kb max_used=327Kb free=245432Kb
 bounds [0x000001ab5f010000, 0x000001ab5f280000, 0x000001ab6e010000]
 total_blobs=57 nmethods=0 adapters=38
 compilation: enabled

Compilation events (0 events):
No events

GC Heap History (0 events):
No events

Deoptimization events (0 events):
No events

Classes redefined (0 events):
No events

Internal exceptions (0 events):
No events

Events (10 events):
Event: 0.041 loading class java/lang/Short
Event: 0.042 loading class java/lang/Short done
Event: 0.042 loading class java/lang/Integer
Event: 0.042 loading class java/lang/Integer done
Event: 0.042 loading class java/lang/Long
Event: 0.042 loading class java/lang/Long done
Event: 0.043 loading class java/lang/NullPointerException
Event: 0.043 loading class java/lang/NullPointerException done
Event: 0.043 loading class java/lang/ArithmeticException
Event: 0.043 loading class java/lang/ArithmeticException done


Dynamic libraries:
0x00007ff607fc0000 - 0x00007ff608007000 	C:\Program Files\Java\jdk1.8.0_281\bin\java.exe
0x00007ffbd3190000 - 0x00007ffbd3386000 	C:\Windows\SYSTEM32\ntdll.dll
0x00007ffbd2ec0000 - 0x00007ffbd2f7d000 	C:\Windows\System32\KERNEL32.DLL
0x00007ffbd0da0000 - 0x00007ffbd1069000 	C:\Windows\System32\KERNELBASE.dll
0x00007ffbd2bc0000 - 0x00007ffbd2c6c000 	C:\Windows\System32\ADVAPI32.dll
0x00007ffbd2f80000 - 0x00007ffbd301e000 	C:\Windows\System32\msvcrt.dll
0x00007ffbd2150000 - 0x00007ffbd21ec000 	C:\Windows\System32\sechost.dll
0x00007ffbd2c80000 - 0x00007ffbd2dab000 	C:\Windows\System32\RPCRT4.dll
0x00007ffbd24f0000 - 0x00007ffbd2690000 	C:\Windows\System32\USER32.dll
0x00007ffbd1070000 - 0x00007ffbd1092000 	C:\Windows\System32\win32u.dll
0x00007ffbd1f20000 - 0x00007ffbd1f4a000 	C:\Windows\System32\GDI32.dll
0x00007ffbd0c90000 - 0x00007ffbd0d9b000 	C:\Windows\System32\gdi32full.dll
0x00007ffbd10a0000 - 0x00007ffbd113d000 	C:\Windows\System32\msvcp_win.dll
0x00007ffbd09b0000 - 0x00007ffbd0ab0000 	C:\Windows\System32\ucrtbase.dll
0x00007ffbc12c0000 - 0x00007ffbc155b000 	C:\Windows\WinSxS\amd64_microsoft.windows.common-controls_6595b64144ccf1df_6.0.19041.746_none_ca02b4b61b8320a4\COMCTL32.dll
0x00007ffbd2250000 - 0x00007ffbd2280000 	C:\Windows\System32\IMM32.DLL
0x00007ffbc2a90000 - 0x00007ffbc2aa5000 	C:\Program Files\Java\jdk1.8.0_281\jre\bin\vcruntime140.dll
0x00007ffbc0550000 - 0x00007ffbc05eb000 	C:\Program Files\Java\jdk1.8.0_281\jre\bin\msvcp140.dll
0x000000006db40000 - 0x000000006e39f000 	C:\Program Files\Java\jdk1.8.0_281\jre\bin\server\jvm.dll
0x00007ffbd3140000 - 0x00007ffbd3148000 	C:\Windows\System32\PSAPI.DLL
0x00007ffbcdd90000 - 0x00007ffbcdd99000 	C:\Windows\SYSTEM32\WSOCK32.dll
0x00007ffbc8e90000 - 0x00007ffbc8eb7000 	C:\Windows\SYSTEM32\WINMM.dll
0x00007ffbd2480000 - 0x00007ffbd24eb000 	C:\Windows\System32\WS2_32.dll
0x00007ffbc8e80000 - 0x00007ffbc8e8a000 	C:\Windows\SYSTEM32\VERSION.dll
0x00007ffbcf170000 - 0x00007ffbcf182000 	C:\Windows\SYSTEM32\kernel.appcore.dll
0x00007ffbc28f0000 - 0x00007ffbc2900000 	C:\Program Files\Java\jdk1.8.0_281\jre\bin\verify.dll
0x00007ffbc0bc0000 - 0x00007ffbc0beb000 	C:\Program Files\Java\jdk1.8.0_281\jre\bin\java.dll
0x00007ffbc0ba0000 - 0x00007ffbc0bb8000 	C:\Program Files\Java\jdk1.8.0_281\jre\bin\zip.dll
0x00007ffbcef60000 - 0x00007ffbcf144000 	C:\Windows\SYSTEM32\dbghelp.dll
0x00007ffbd08d0000 - 0x00007ffbd0950000 	C:\Windows\System32\bcryptPrimitives.dll

VM Arguments:
java_command: <unknown>
java_class_path (initial): .
Launcher Type: SUN_STANDARD

Environment Variables:
JAVA_HOME=C:\Program Files\Java\jdk1.8.0_281
PATH=C:\Program Files\Common Files\Oracle\Java\javapath;C:\Program Files (x86)\Common Files\Oracle\Java\javapath;C:\Windows\system32;C:\Windows;C:\Windows\System32\Wbem;C:\Windows\System32\WindowsPowerShell\v1.0\;C:\Windows\System32\OpenSSH\;C:\Program Files\Microsoft VS Code\bin;C:\Program Files\Git\cmd;C:\ProgramData\ComposerSetup\bin;C:\Program Files\MySQL\MySQL Shell 8.0\bin\;C:\Users\USER\AppData\Local\Microsoft\WindowsApps;C:\xampp\php;C:\Users\USER\AppData\Roaming\Composer\vendor\bin;C:\Users\USER\AppData\Local\ComposerSetup\bin
USERNAME=USER
OS=Windows_NT
PROCESSOR_IDENTIFIER=AMD64 Family 23 Model 32 Stepping 1, AuthenticAMD



---------------  S Y S T E M  ---------------

OS: Windows 10.0 , 64 bit Build 19041 (10.0.19041.662)

CPU:total 2 (initial active 2) (2 cores per cpu, 1 threads per core) family 23 model 32 stepping 1, cmov, cx8, fxsr, mmx, sse, sse2, sse3, ssse3, sse4.1, sse4.2, popcnt, avx, avx2, aes, clmul, mmxext, 3dnowpref, lzcnt, sse4a, tsc, tscinvbit, tscinv, bmi1

Memory: 4k page, physical 3543304k(719116k free), swap 6164744k(5168k free)

vm_info: Java HotSpot(TM) 64-Bit Server VM (25.281-b09) for windows-amd64 JRE (1.8.0_281-b09), built on Dec  9 2020 13:54:07 by "" with MS VC++ 15.9 (VS2017)

time: Tue Feb 23 09:51:00 2021
timezone: SE Asia Standard Time
elapsed time: 0.073385 seconds (0d 0h 0m 0s)

