#
# There is insufficient memory for the Java Runtime Environment to continue.
# Native memory allocation (malloc) failed to allocate 32744 bytes for ChunkPool::allocate
# Possible reasons:
#   The system is out of physical RAM or swap space
#   The process is running with CompressedOops enabled, and the Java Heap may be blocking the growth of the native heap
# Possible solutions:
#   Reduce memory load on the system
#   Increase physical memory or swap space
#   Check if swap backing store is full
#   Decrease Java heap size (-Xmx/-Xms)
#   Decrease number of Java threads
#   Decrease Java thread stack sizes (-Xss)
#   Set larger code cache with -XX:ReservedCodeCacheSize=
#   JVM is running with Unscaled Compressed Oops mode in which the Java heap is
#     placed in the first 4GB address space. The Java Heap base address is the
#     maximum limit for the native heap growth. Please use -XX:HeapBaseMinAddress
#     to set the Java Heap base and to place the Java Heap above 4GB virtual address.
# This output file may be truncated or incomplete.
#
#  Out of Memory Error (allocation.cpp:272), pid=8228, tid=0x0000000000001f68
#
# JRE version: Java(TM) SE Runtime Environment (8.0_281-b09) (build 1.8.0_281-b09)
# Java VM: Java HotSpot(TM) 64-Bit Server VM (25.281-b09 mixed mode windows-amd64 compressed oops)
# Failed to write core dump. Minidumps are not enabled by default on client versions of Windows
#

---------------  T H R E A D  ---------------

Current thread (0x000001e6772cf800):  JavaThread "C2 CompilerThread0" daemon [_thread_in_native, id=8040, stack(0x000000c49d100000,0x000000c49d200000)]

Stack: [0x000000c49d100000,0x000000c49d200000]
Native frames: (J=compiled Java code, j=interpreted, Vv=VM code, C=native code)
V  [jvm.dll+0x32e5b9]
V  [jvm.dll+0x275012]
V  [jvm.dll+0x275cbd]
V  [jvm.dll+0x26c6f5]
V  [jvm.dll+0xd569d]
V  [jvm.dll+0xd59fc]
V  [jvm.dll+0xd554d]
V  [jvm.dll+0x50a489]
V  [jvm.dll+0x509d72]
V  [jvm.dll+0x49ee01]
V  [jvm.dll+0x49e4ef]
V  [jvm.dll+0x49e503]
V  [jvm.dll+0x49e503]
V  [jvm.dll+0x49e503]
V  [jvm.dll+0x49e503]
V  [jvm.dll+0x49e503]
V  [jvm.dll+0x49e503]
V  [jvm.dll+0x49e503]
V  [jvm.dll+0x49e503]
V  [jvm.dll+0x49e503]
V  [jvm.dll+0x49e503]
V  [jvm.dll+0x49e503]
V  [jvm.dll+0x48df75]
V  [jvm.dll+0x441d19]
V  [jvm.dll+0x43f664]
V  [jvm.dll+0x42a5e7]
V  [jvm.dll+0xabe9b]
V  [jvm.dll+0xaa4fb]
V  [jvm.dll+0x23d6b2]
V  [jvm.dll+0x291cbc]
C  [ucrtbase.dll+0x214c2]
C  [KERNEL32.DLL+0x17034]
C  [ntdll.dll+0x4d0d1]


Current CompileTask:
C2:   5684 2306   !   4       java.lang.ClassLoader::getPackage (118 bytes)


---------------  P R O C E S S  ---------------

Java Threads: ( => current thread )
  0x000001e67a56f800 JavaThread "Cache worker for file content cache (C:\Users\USER\.gradle\caches\6.5\fileContent)" [_thread_blocked, id=11504, stack(0x000000c49ea00000,0x000000c49eb00000)]
  0x000001e679588800 JavaThread "jar transforms" [_thread_blocked, id=6064, stack(0x000000c49e900000,0x000000c49ea00000)]
  0x000001e679586800 JavaThread "Cache worker for execution history cache (C:\Users\USER\.gradle\caches\6.5\executionHistory)" [_thread_blocked, id=12796, stack(0x000000c49e800000,0x000000c49e900000)]
  0x000001e67958a000 JavaThread "Cache worker for cache directory md-rule (C:\Users\USER\.gradle\caches\6.5\md-rule)" [_thread_blocked, id=7020, stack(0x000000c49e700000,0x000000c49e800000)]
  0x000001e679585800 JavaThread "Cache worker for cache directory md-supplier (C:\Users\USER\.gradle\caches\6.5\md-supplier)" [_thread_blocked, id=11964, stack(0x000000c49e600000,0x000000c49e700000)]
  0x000001e67958b000 JavaThread "Cache worker for checksums cache (D:\Pribadi\tugas\SmartVillage\.gradle\checksums)" [_thread_blocked, id=8740, stack(0x000000c49e500000,0x000000c49e600000)]
  0x000001e679584800 JavaThread "Cache worker for file hash cache (D:\Pribadi\tugas\SmartVillage\.gradle\6.5\fileHashes)" [_thread_blocked, id=12320, stack(0x000000c49e400000,0x000000c49e500000)]
  0x000001e679588000 JavaThread "Cache worker for file hash cache (C:\Users\USER\.gradle\caches\6.5\fileHashes)" [_thread_blocked, id=2948, stack(0x000000c49e300000,0x000000c49e400000)]
  0x000001e67958b800 JavaThread "File lock request listener" [_thread_in_native, id=2484, stack(0x000000c49e200000,0x000000c49e300000)]
  0x000001e679587000 JavaThread "Cache worker for journal cache (C:\Users\USER\.gradle\caches\journal-1)" [_thread_blocked, id=7176, stack(0x000000c49e100000,0x000000c49e200000)]
  0x000001e6793c2000 JavaThread "Thread-9" [_thread_blocked, id=11564, stack(0x000000c49e000000,0x000000c49e100000)]
  0x000001e6793cd000 JavaThread "Stdin handler" [_thread_blocked, id=12632, stack(0x000000c49df00000,0x000000c49e000000)]
  0x000001e6793c7800 JavaThread "Asynchronous log dispatcher for DefaultDaemonConnection: socket connection from /127.0.0.1:50051 to /127.0.0.1:50052" [_thread_blocked, id=4124, stack(0x000000c49de00000,0x000000c49df00000)]
  0x000001e6793ca800 JavaThread "Daemon worker" [_thread_in_vm, id=12740, stack(0x000000c49dd00000,0x000000c49de00000)]
  0x000001e6793c9800 JavaThread "Cancel handler" [_thread_blocked, id=8100, stack(0x000000c49dc00000,0x000000c49dd00000)]
  0x000001e6793a6000 JavaThread "Handler for socket connection from /127.0.0.1:50051 to /127.0.0.1:50052" [_thread_in_native, id=10268, stack(0x000000c49db00000,0x000000c49dc00000)]
  0x000001e6793a5000 JavaThread "Daemon" [_thread_blocked, id=9180, stack(0x000000c49da00000,0x000000c49db00000)]
  0x000001e6793a0800 JavaThread "Daemon periodic checks" [_thread_blocked, id=8296, stack(0x000000c49d900000,0x000000c49da00000)]
  0x000001e679314800 JavaThread "Incoming local TCP Connector on port 50051" [_thread_in_native, id=8172, stack(0x000000c49d800000,0x000000c49d900000)]
  0x000001e67929e000 JavaThread "Daemon health stats" [_thread_blocked, id=4948, stack(0x000000c49d500000,0x000000c49d600000)]
  0x000001e677344800 JavaThread "Service Thread" daemon [_thread_blocked, id=13160, stack(0x000000c49d300000,0x000000c49d400000)]
  0x000001e6772d5000 JavaThread "C1 CompilerThread1" daemon [_thread_blocked, id=13164, stack(0x000000c49d200000,0x000000c49d300000)]
=>0x000001e6772cf800 JavaThread "C2 CompilerThread0" daemon [_thread_in_native, id=8040, stack(0x000000c49d100000,0x000000c49d200000)]
  0x000001e6772cc000 JavaThread "Attach Listener" daemon [_thread_blocked, id=12612, stack(0x000000c49d000000,0x000000c49d100000)]
  0x000001e6772c9000 JavaThread "Signal Dispatcher" daemon [_thread_blocked, id=12484, stack(0x000000c49cf00000,0x000000c49d000000)]
  0x000001e676dde000 JavaThread "Finalizer" daemon [_thread_blocked, id=8780, stack(0x000000c49ce00000,0x000000c49cf00000)]
  0x000001e6772b4000 JavaThread "Reference Handler" daemon [_thread_blocked, id=10280, stack(0x000000c49cd00000,0x000000c49ce00000)]
  0x000001e6710ad800 JavaThread "main" [_thread_blocked, id=12924, stack(0x000000c49c900000,0x000000c49ca00000)]

Other Threads:
  0x000001e677293800 VMThread [stack: 0x000000c49cc00000,0x000000c49cd00000] [id=1832]
  0x000001e677346800 WatcherThread [stack: 0x000000c49d400000,0x000000c49d500000] [id=7612]

VM state:not at safepoint (normal execution)

VM Mutex/Monitor currently owned by a thread: None

heap address: 0x00000000a0000000, size: 1536 MB, Compressed Oops mode: 32-bit
Narrow klass base: 0x0000000000000000, Narrow klass shift: 3
Compressed class space size: 1073741824 Address: 0x0000000100000000

Heap:
 PSYoungGen      total 64512K, used 36265K [0x00000000e0000000, 0x00000000e4600000, 0x0000000100000000)
  eden space 58368K, 62% used [0x00000000e0000000,0x00000000e236a670,0x00000000e3900000)
  from space 6144K, 0% used [0x00000000e3900000,0x00000000e3900000,0x00000000e3f00000)
  to   space 5120K, 0% used [0x00000000e3f00000,0x00000000e3f00000,0x00000000e4400000)
 ParOldGen       total 34304K, used 10214K [0x00000000a0000000, 0x00000000a2180000, 0x00000000e0000000)
  object space 34304K, 29% used [0x00000000a0000000,0x00000000a09f9958,0x00000000a2180000)
 Metaspace       used 29940K, capacity 30842K, committed 31104K, reserved 1077248K
  class space    used 4147K, capacity 4392K, committed 4480K, reserved 1048576K

Card table byte_map: [0x000001e672ce0000,0x000001e672ff0000] byte_map_base: 0x000001e6727e0000

Marking Bits: (ParMarkBitMap*) 0x0000000059676ff0
 Begin Bits: [0x000001e6731f0000, 0x000001e6749f0000)
 End Bits:   [0x000001e6749f0000, 0x000001e6761f0000)

Polling page: 0x000001e670fe0000

CodeCache: size=245760Kb used=7989Kb max_used=7990Kb free=237770Kb
 bounds [0x000001e600000000, 0x000001e6007e0000, 0x000001e60f000000]
 total_blobs=2763 nmethods=2317 adapters=359
 compilation: enabled

Compilation events (10 events):
Event: 5.640 Thread 0x000001e6772d5000 2314       3       java.lang.Integer::highestOneBit (38 bytes)
Event: 5.640 Thread 0x000001e6772d5000 nmethod 2314 0x000001e6007cefd0 code [0x000001e6007cf120, 0x000001e6007cf298]
Event: 5.641 Thread 0x000001e6772d5000 2315       3       java.nio.Bits::byteOrder (20 bytes)
Event: 5.641 Thread 0x000001e6772d5000 nmethod 2315 0x000001e6007cecd0 code [0x000001e6007cee20, 0x000001e6007cef78]
Event: 5.641 Thread 0x000001e6772d5000 2316       3       sun.misc.SharedSecrets::getJavaLangAccess (4 bytes)
Event: 5.641 Thread 0x000001e6772d5000 nmethod 2316 0x000001e6007ce9d0 code [0x000001e6007ceb20, 0x000001e6007cec58]
Event: 5.643 Thread 0x000001e6772d5000 2318       3       com.google.common.collect.CompactHashMap::hashTableMask (8 bytes)
Event: 5.643 Thread 0x000001e6772d5000 nmethod 2318 0x000001e6007ce290 code [0x000001e6007ce3e0, 0x000001e6007ce538]
Event: 5.643 Thread 0x000001e6772d5000 2319       3       org.objectweb.asm.Handler::getExceptionTableLength (21 bytes)
Event: 5.643 Thread 0x000001e6772d5000 nmethod 2319 0x000001e6007cde50 code [0x000001e6007cdfc0, 0x000001e6007ce1b8]

GC Heap History (10 events):
Event: 4.140 GC heap before
{Heap before GC invocations=7 (full 0):
 PSYoungGen      total 63488K, used 63468K [0x00000000e0000000, 0x00000000e4600000, 0x0000000100000000)
  eden space 58368K, 100% used [0x00000000e0000000,0x00000000e3900000,0x00000000e3900000)
  from space 5120K, 99% used [0x00000000e3f00000,0x00000000e43fb0a0,0x00000000e4400000)
  to   space 6144K, 0% used [0x00000000e3900000,0x00000000e3900000,0x00000000e3f00000)
 ParOldGen       total 38400K, used 5780K [0x00000000a0000000, 0x00000000a2580000, 0x00000000e0000000)
  object space 38400K, 15% used [0x00000000a0000000,0x00000000a05a53c0,0x00000000a2580000)
 Metaspace       used 19411K, capacity 20060K, committed 20352K, reserved 1067008K
  class space    used 2729K, capacity 2904K, committed 2944K, reserved 1048576K
Event: 4.154 GC heap after
Heap after GC invocations=7 (full 0):
 PSYoungGen      total 64512K, used 6142K [0x00000000e0000000, 0x00000000e4600000, 0x0000000100000000)
  eden space 58368K, 0% used [0x00000000e0000000,0x00000000e0000000,0x00000000e3900000)
  from space 6144K, 99% used [0x00000000e3900000,0x00000000e3eff8e8,0x00000000e3f00000)
  to   space 5120K, 0% used [0x00000000e3f00000,0x00000000e3f00000,0x00000000e4400000)
 ParOldGen       total 38400K, used 8862K [0x00000000a0000000, 0x00000000a2580000, 0x00000000e0000000)
  object space 38400K, 23% used [0x00000000a0000000,0x00000000a08a7920,0x00000000a2580000)
 Metaspace       used 19411K, capacity 20060K, committed 20352K, reserved 1067008K
  class space    used 2729K, capacity 2904K, committed 2944K, reserved 1048576K
}
Event: 4.342 GC heap before
{Heap before GC invocations=8 (full 0):
 PSYoungGen      total 64512K, used 21774K [0x00000000e0000000, 0x00000000e4600000, 0x0000000100000000)
  eden space 58368K, 26% used [0x00000000e0000000,0x00000000e0f44028,0x00000000e3900000)
  from space 6144K, 99% used [0x00000000e3900000,0x00000000e3eff8e8,0x00000000e3f00000)
  to   space 5120K, 0% used [0x00000000e3f00000,0x00000000e3f00000,0x00000000e4400000)
 ParOldGen       total 38400K, used 8862K [0x00000000a0000000, 0x00000000a2580000, 0x00000000e0000000)
  object space 38400K, 23% used [0x00000000a0000000,0x00000000a08a7920,0x00000000a2580000)
 Metaspace       used 20607K, capacity 21190K, committed 21296K, reserved 1067008K
  class space    used 2933K, capacity 3107K, committed 3200K, reserved 1048576K
Event: 4.351 GC heap after
Heap after GC invocations=8 (full 0):
 PSYoungGen      total 63488K, used 4872K [0x00000000e0000000, 0x00000000e4600000, 0x0000000100000000)
  eden space 58368K, 0% used [0x00000000e0000000,0x00000000e0000000,0x00000000e3900000)
  from space 5120K, 95% used [0x00000000e3f00000,0x00000000e43c21c8,0x00000000e4400000)
  to   space 6144K, 0% used [0x00000000e3900000,0x00000000e3900000,0x00000000e3f00000)
 ParOldGen       total 38400K, used 9254K [0x00000000a0000000, 0x00000000a2580000, 0x00000000e0000000)
  object space 38400K, 24% used [0x00000000a0000000,0x00000000a0909920,0x00000000a2580000)
 Metaspace       used 20607K, capacity 21190K, committed 21296K, reserved 1067008K
  class space    used 2933K, capacity 3107K, committed 3200K, reserved 1048576K
}
Event: 4.351 GC heap before
{Heap before GC invocations=9 (full 1):
 PSYoungGen      total 63488K, used 4872K [0x00000000e0000000, 0x00000000e4600000, 0x0000000100000000)
  eden space 58368K, 0% used [0x00000000e0000000,0x00000000e0000000,0x00000000e3900000)
  from space 5120K, 95% used [0x00000000e3f00000,0x00000000e43c21c8,0x00000000e4400000)
  to   space 6144K, 0% used [0x00000000e3900000,0x00000000e3900000,0x00000000e3f00000)
 ParOldGen       total 38400K, used 9254K [0x00000000a0000000, 0x00000000a2580000, 0x00000000e0000000)
  object space 38400K, 24% used [0x00000000a0000000,0x00000000a0909920,0x00000000a2580000)
 Metaspace       used 20607K, capacity 21190K, committed 21296K, reserved 1067008K
  class space    used 2933K, capacity 3107K, committed 3200K, reserved 1048576K
Event: 4.407 GC heap after
Heap after GC invocations=9 (full 1):
 PSYoungGen      total 63488K, used 0K [0x00000000e0000000, 0x00000000e4600000, 0x0000000100000000)
  eden space 58368K, 0% used [0x00000000e0000000,0x00000000e0000000,0x00000000e3900000)
  from space 5120K, 0% used [0x00000000e3f00000,0x00000000e3f00000,0x00000000e4400000)
  to   space 6144K, 0% used [0x00000000e3900000,0x00000000e3900000,0x00000000e3f00000)
 ParOldGen       total 34304K, used 9340K [0x00000000a0000000, 0x00000000a2180000, 0x00000000e0000000)
  object space 34304K, 27% used [0x00000000a0000000,0x00000000a091f3e8,0x00000000a2180000)
 Metaspace       used 20607K, capacity 21190K, committed 21296K, reserved 1067008K
  class space    used 2933K, capacity 3107K, committed 3200K, reserved 1048576K
}
Event: 4.919 GC heap before
{Heap before GC invocations=10 (full 1):
 PSYoungGen      total 63488K, used 45290K [0x00000000e0000000, 0x00000000e4600000, 0x0000000100000000)
  eden space 58368K, 77% used [0x00000000e0000000,0x00000000e2c3a950,0x00000000e3900000)
  from space 5120K, 0% used [0x00000000e3f00000,0x00000000e3f00000,0x00000000e4400000)
  to   space 6144K, 0% used [0x00000000e3900000,0x00000000e3900000,0x00000000e3f00000)
 ParOldGen       total 34304K, used 9340K [0x00000000a0000000, 0x00000000a2180000, 0x00000000e0000000)
  object space 34304K, 27% used [0x00000000a0000000,0x00000000a091f3e8,0x00000000a2180000)
 Metaspace       used 23580K, capacity 24310K, committed 24448K, reserved 1075200K
  class space    used 3420K, capacity 3639K, committed 3712K, reserved 1048576K
Event: 4.924 GC heap after
Heap after GC invocations=10 (full 1):
 PSYoungGen      total 64512K, used 3909K [0x00000000e0000000, 0x00000000e4600000, 0x0000000100000000)
  eden space 58368K, 0% used [0x00000000e0000000,0x00000000e0000000,0x00000000e3900000)
  from space 6144K, 63% used [0x00000000e3900000,0x00000000e3cd15f8,0x00000000e3f00000)
  to   space 5120K, 0% used [0x00000000e3f00000,0x00000000e3f00000,0x00000000e4400000)
 ParOldGen       total 34304K, used 9348K [0x00000000a0000000, 0x00000000a2180000, 0x00000000e0000000)
  object space 34304K, 27% used [0x00000000a0000000,0x00000000a09213e8,0x00000000a2180000)
 Metaspace       used 23580K, capacity 24310K, committed 24448K, reserved 1075200K
  class space    used 3420K, capacity 3639K, committed 3712K, reserved 1048576K
}
Event: 4.924 GC heap before
{Heap before GC invocations=11 (full 2):
 PSYoungGen      total 64512K, used 3909K [0x00000000e0000000, 0x00000000e4600000, 0x0000000100000000)
  eden space 58368K, 0% used [0x00000000e0000000,0x00000000e0000000,0x00000000e3900000)
  from space 6144K, 63% used [0x00000000e3900000,0x00000000e3cd15f8,0x00000000e3f00000)
  to   space 5120K, 0% used [0x00000000e3f00000,0x00000000e3f00000,0x00000000e4400000)
 ParOldGen       total 34304K, used 9348K [0x00000000a0000000, 0x00000000a2180000, 0x00000000e0000000)
  object space 34304K, 27% used [0x00000000a0000000,0x00000000a09213e8,0x00000000a2180000)
 Metaspace       used 23580K, capacity 24310K, committed 24448K, reserved 1075200K
  class space    used 3420K, capacity 3639K, committed 3712K, reserved 1048576K
Event: 4.981 GC heap after
Heap after GC invocations=11 (full 2):
 PSYoungGen      total 64512K, used 0K [0x00000000e0000000, 0x00000000e4600000, 0x0000000100000000)
  eden space 58368K, 0% used [0x00000000e0000000,0x00000000e0000000,0x00000000e3900000)
  from space 6144K, 0% used [0x00000000e3900000,0x00000000e3900000,0x00000000e3f00000)
  to   space 5120K, 0% used [0x00000000e3f00000,0x00000000e3f00000,0x00000000e4400000)
 ParOldGen       total 34304K, used 10214K [0x00000000a0000000, 0x00000000a2180000, 0x00000000e0000000)
  object space 34304K, 29% used [0x00000000a0000000,0x00000000a09f9958,0x00000000a2180000)
 Metaspace       used 23580K, capacity 24310K, committed 24448K, reserved 1073152K
  class space    used 3420K, capacity 3639K, committed 3712K, reserved 1048576K
}

Deoptimization events (10 events):
Event: 3.718 Thread 0x000001e6793ca800 Uncommon trap: reason=bimorphic action=maybe_recompile pc=0x000001e6004e3edc method=java.util.HashMap.putVal(ILjava/lang/Object;Ljava/lang/Object;ZZ)Ljava/lang/Object; @ 203
Event: 4.100 Thread 0x000001e6793ca800 Uncommon trap: reason=unstable_if action=reinterpret pc=0x000001e6003c31f8 method=java.net.URI.match(CJJ)Z @ 19
Event: 4.100 Thread 0x000001e6793ca800 Uncommon trap: reason=unstable_if action=reinterpret pc=0x000001e6002f8278 method=java.net.URI.match(CJJ)Z @ 19
Event: 4.100 Thread 0x000001e6793ca800 Uncommon trap: reason=unstable_if action=reinterpret pc=0x000001e6001eab48 method=java.net.URI.match(CJJ)Z @ 19
Event: 4.471 Thread 0x000001e6793ca800 Uncommon trap: reason=unstable_if action=reinterpret pc=0x000001e60060f680 method=java.util.HashMap.hash(Ljava/lang/Object;)I @ 1
Event: 4.501 Thread 0x000001e6793ca800 Uncommon trap: reason=unstable_if action=reinterpret pc=0x000001e60060bf8c method=jdk.internal.org.objectweb.asm.Type.getArgumentsAndReturnSizes(Ljava/lang/String;)I @ 88
Event: 4.622 Thread 0x000001e6793ca800 Uncommon trap: reason=unstable_if action=reinterpret pc=0x000001e6003343a0 method=java.io.WinNTFileSystem.resolve(Ljava/lang/String;Ljava/lang/String;)Ljava/lang/String; @ 49
Event: 5.039 Thread 0x000001e6793ca800 Uncommon trap: reason=unstable_if action=reinterpret pc=0x000001e60058c494 method=java.util.HashMap.putVal(ILjava/lang/Object;Ljava/lang/Object;ZZ)Ljava/lang/Object; @ 162
Event: 5.553 Thread 0x000001e6793ca800 Uncommon trap: reason=unstable_if action=reinterpret pc=0x000001e600598230 method=java.net.URLClassLoader.defineClass(Ljava/lang/String;Lsun/misc/Resource;)Ljava/lang/Class; @ 21
Event: 5.555 Thread 0x000001e6793ca800 Uncommon trap: reason=unstable_if action=reinterpret pc=0x000001e600516e78 method=java.lang.ClassLoader.getClassLoadingLock(Ljava/lang/String;)Ljava/lang/Object; @ 6

Classes redefined (0 events):
No events

Internal exceptions (10 events):
Event: 5.593 Thread 0x000001e6793ca800 Exception <a 'java/lang/ClassNotFoundException': org/gradle/groovy/scripts/BasicScriptBeanInfo> (0x00000000e1d8c930) thrown at [C:\jenkins\workspace\8-2-build-windows-amd64-cygwin\jdk8u281\880\hotspot\src\share\vm\classfile\systemDictionary.cpp, line 212]
Event: 5.594 Thread 0x000001e6793ca800 Exception <a 'java/lang/ClassNotFoundException': org/gradle/groovy/scripts/ScriptBeanInfo> (0x00000000e1da2168) thrown at [C:\jenkins\workspace\8-2-build-windows-amd64-cygwin\jdk8u281\880\hotspot\src\share\vm\classfile\systemDictionary.cpp, line 212]
Event: 5.594 Thread 0x000001e6793ca800 Exception <a 'java/lang/ClassNotFoundException': groovy/lang/ScriptBeanInfo> (0x00000000e1db3028) thrown at [C:\jenkins\workspace\8-2-build-windows-amd64-cygwin\jdk8u281\880\hotspot\src\share\vm\classfile\systemDictionary.cpp, line 212]
Event: 5.594 Thread 0x000001e6793ca800 Exception <a 'java/lang/ClassNotFoundException': groovy/lang/ScriptCustomizer> (0x00000000e1dc5028) thrown at [C:\jenkins\workspace\8-2-build-windows-amd64-cygwin\jdk8u281\880\hotspot\src\share\vm\classfile\systemDictionary.cpp, line 212]
Event: 5.596 Thread 0x000001e6793ca800 Exception <a 'java/lang/ClassNotFoundException': org/gradle/groovy/scripts/ScriptCustomizer> (0x00000000e1de4528) thrown at [C:\jenkins\workspace\8-2-build-windows-amd64-cygwin\jdk8u281\880\hotspot\src\share\vm\classfile\systemDictionary.cpp, line 212]
Event: 5.598 Thread 0x000001e6793ca800 Exception <a 'java/lang/ClassNotFoundException': org/gradle/groovy/scripts/BasicScriptCustomizer> (0x00000000e1e04918) thrown at [C:\jenkins\workspace\8-2-build-windows-amd64-cygwin\jdk8u281\880\hotspot\src\share\vm\classfile\systemDictionary.cpp, line 21
Event: 5.599 Thread 0x000001e6793ca800 Exception <a 'java/lang/ClassNotFoundException': org/gradle/groovy/scripts/DefaultScriptCustomizer> (0x00000000e1e2a4a8) thrown at [C:\jenkins\workspace\8-2-build-windows-amd64-cygwin\jdk8u281\880\hotspot\src\share\vm\classfile\systemDictionary.cpp, line 
Event: 5.606 Thread 0x000001e6793ca800 Exception <a 'java/lang/ClassNotFoundException': org/gradle/plugin/use/internal/PluginsAwareScriptCustomizer> (0x00000000e1e89478) thrown at [C:\jenkins\workspace\8-2-build-windows-amd64-cygwin\jdk8u281\880\hotspot\src\share\vm\classfile\systemDictionary.
Event: 5.607 Thread 0x000001e6793ca800 Exception <a 'java/lang/ClassNotFoundException': org/gradle/initialization/SettingsScriptCustomizer> (0x00000000e1ea9760) thrown at [C:\jenkins\workspace\8-2-build-windows-amd64-cygwin\jdk8u281\880\hotspot\src\share\vm\classfile\systemDictionary.cpp, line
Event: 5.609 Thread 0x000001e6793ca800 Exception <a 'java/lang/ClassNotFoundException': settings_f4kxsrgoclezfm6jdq72hlcu1Customizer> (0x00000000e1ebd830) thrown at [C:\jenkins\workspace\8-2-build-windows-amd64-cygwin\jdk8u281\880\hotspot\src\share\vm\classfile\systemDictionary.cpp, line 212]

Events (10 events):
Event: 5.637 loading class org/gradle/process/internal/DefaultExecActionFactory$DecoratingExecActionFactory
Event: 5.637 loading class org/gradle/process/internal/DefaultExecActionFactory$DecoratingExecActionFactory done
Event: 5.638 loading class org/gradle/api/internal/provider/DefaultProviderFactory
Event: 5.638 loading class org/gradle/api/internal/provider/DefaultProviderFactory done
Event: 5.640 loading class org/gradle/api/file/FileContents
Event: 5.640 loading class org/gradle/api/file/FileContents done
Event: 5.641 loading class org/gradle/api/provider/ValueSourceSpec
Event: 5.641 loading class org/gradle/api/provider/ValueSourceSpec done
Event: 5.644 loading class org/codehaus/groovy/runtime/ArrayUtil
Event: 5.644 loading class org/codehaus/groovy/runtime/ArrayUtil done


Dynamic libraries:
0x00007ff71e7e0000 - 0x00007ff71e827000 	C:\Program Files\Java\jdk1.8.0_281\bin\java.exe
0x00007ffdb8510000 - 0x00007ffdb8706000 	C:\Windows\SYSTEM32\ntdll.dll
0x00007ffdb6570000 - 0x00007ffdb662d000 	C:\Windows\System32\KERNEL32.DLL
0x00007ffdb62a0000 - 0x00007ffdb6569000 	C:\Windows\System32\KERNELBASE.dll
0x00007ffdb68a0000 - 0x00007ffdb694c000 	C:\Windows\System32\ADVAPI32.dll
0x00007ffdb6800000 - 0x00007ffdb689e000 	C:\Windows\System32\msvcrt.dll
0x00007ffdb7560000 - 0x00007ffdb75fc000 	C:\Windows\System32\sechost.dll
0x00007ffdb6bc0000 - 0x00007ffdb6ceb000 	C:\Windows\System32\RPCRT4.dll
0x00007ffdb7a10000 - 0x00007ffdb7bb0000 	C:\Windows\System32\USER32.dll
0x00007ffdb6270000 - 0x00007ffdb6292000 	C:\Windows\System32\win32u.dll
0x00007ffdb7d50000 - 0x00007ffdb7d7a000 	C:\Windows\System32\GDI32.dll
0x00007ffdb6100000 - 0x00007ffdb620b000 	C:\Windows\System32\gdi32full.dll
0x00007ffdb5de0000 - 0x00007ffdb5e7d000 	C:\Windows\System32\msvcp_win.dll
0x00007ffdb5f30000 - 0x00007ffdb6030000 	C:\Windows\System32\ucrtbase.dll
0x00007ffda7390000 - 0x00007ffda762b000 	C:\Windows\WinSxS\amd64_microsoft.windows.common-controls_6595b64144ccf1df_6.0.19041.746_none_ca02b4b61b8320a4\COMCTL32.dll
0x00007ffdb7600000 - 0x00007ffdb7630000 	C:\Windows\System32\IMM32.DLL
0x00007ffdaeec0000 - 0x00007ffdaeed5000 	C:\Program Files\Java\jdk1.8.0_281\jre\bin\vcruntime140.dll
0x00007ffd98080000 - 0x00007ffd9811b000 	C:\Program Files\Java\jdk1.8.0_281\jre\bin\msvcp140.dll
0x0000000058e90000 - 0x00000000596ef000 	C:\Program Files\Java\jdk1.8.0_281\jre\bin\server\jvm.dll
0x00007ffdb6630000 - 0x00007ffdb6638000 	C:\Windows\System32\PSAPI.DLL
0x00007ffdb4420000 - 0x00007ffdb4429000 	C:\Windows\SYSTEM32\WSOCK32.dll
0x00007ffdade10000 - 0x00007ffdade37000 	C:\Windows\SYSTEM32\WINMM.dll
0x00007ffdb7ce0000 - 0x00007ffdb7d4b000 	C:\Windows\System32\WS2_32.dll
0x00007ffdb43f0000 - 0x00007ffdb43fa000 	C:\Windows\SYSTEM32\VERSION.dll
0x00007ffdb44f0000 - 0x00007ffdb4502000 	C:\Windows\SYSTEM32\kernel.appcore.dll
0x00007ffdb4470000 - 0x00007ffdb4480000 	C:\Program Files\Java\jdk1.8.0_281\jre\bin\verify.dll
0x00007ffdad400000 - 0x00007ffdad42b000 	C:\Program Files\Java\jdk1.8.0_281\jre\bin\java.dll
0x00007ffdadb00000 - 0x00007ffdadb18000 	C:\Program Files\Java\jdk1.8.0_281\jre\bin\zip.dll
0x00007ffdb7d80000 - 0x00007ffdb84c3000 	C:\Windows\System32\SHELL32.dll
0x00007ffdb39c0000 - 0x00007ffdb414f000 	C:\Windows\SYSTEM32\windows.storage.dll
0x00007ffdb76b0000 - 0x00007ffdb7a06000 	C:\Windows\System32\combase.dll
0x00007ffdb55e0000 - 0x00007ffdb560c000 	C:\Windows\SYSTEM32\Wldp.dll
0x00007ffdb6950000 - 0x00007ffdb69fe000 	C:\Windows\System32\SHCORE.dll
0x00007ffdb7430000 - 0x00007ffdb7485000 	C:\Windows\System32\shlwapi.dll
0x00007ffdb5b80000 - 0x00007ffdb5ba6000 	C:\Windows\SYSTEM32\profapi.dll
0x00007ffdad4d0000 - 0x00007ffdad4ec000 	C:\Program Files\Java\jdk1.8.0_281\jre\bin\net.dll
0x00007ffdb5310000 - 0x00007ffdb537a000 	C:\Windows\system32\mswsock.dll
0x00007ffdaa2c0000 - 0x00007ffdaa2d3000 	C:\Program Files\Java\jdk1.8.0_281\jre\bin\nio.dll
0x00007ffdad8a0000 - 0x00007ffdad8c7000 	C:\Users\USER\.gradle\native\f6784746aeab05261644944871eae4fe03e0ef1612fff0a4a95f87b438bc6780\windows-amd64\native-platform.dll
0x00007ffdb4340000 - 0x00007ffdb434d000 	C:\Program Files\Java\jdk1.8.0_281\jre\bin\management.dll
0x00007ffdb54b0000 - 0x00007ffdb54c8000 	C:\Windows\SYSTEM32\CRYPTSP.dll
0x00007ffdb4cc0000 - 0x00007ffdb4cf4000 	C:\Windows\system32\rsaenh.dll
0x00007ffdb5c50000 - 0x00007ffdb5c77000 	C:\Windows\System32\bcrypt.dll
0x00007ffdb5b00000 - 0x00007ffdb5b2e000 	C:\Windows\SYSTEM32\USERENV.dll
0x00007ffdb6080000 - 0x00007ffdb6100000 	C:\Windows\System32\bcryptprimitives.dll
0x00007ffdb54d0000 - 0x00007ffdb54dc000 	C:\Windows\SYSTEM32\CRYPTBASE.dll
0x00007ffdb5020000 - 0x00007ffdb505b000 	C:\Windows\SYSTEM32\IPHLPAPI.DLL
0x00007ffdb6e30000 - 0x00007ffdb6e38000 	C:\Windows\System32\NSI.dll
0x00007ffdab0f0000 - 0x00007ffdab107000 	C:\Windows\SYSTEM32\dhcpcsvc6.DLL
0x00007ffdab820000 - 0x00007ffdab83d000 	C:\Windows\SYSTEM32\dhcpcsvc.DLL
0x00007ffdb5060000 - 0x00007ffdb512b000 	C:\Windows\SYSTEM32\DNSAPI.dll
0x00007ffdae020000 - 0x00007ffdae02b000 	C:\Windows\SYSTEM32\WINNSI.DLL
0x00007ffdb3640000 - 0x00007ffdb3824000 	C:\Windows\SYSTEM32\dbghelp.dll

VM Arguments:
jvm_args: -Xmx1536m -Dfile.encoding=windows-1252 -Duser.country=US -Duser.language=en -Duser.variant 
java_command: org.gradle.launcher.daemon.bootstrap.GradleDaemon 6.5
java_class_path (initial): C:\Users\USER\.gradle\wrapper\dists\gradle-6.5-all\2oz4ud9k3tuxjg84bbf55q0tn\gradle-6.5\lib\gradle-launcher-6.5.jar
Launcher Type: SUN_STANDARD

Environment Variables:
JAVA_HOME=C:\Program Files\Java\jdk1.8.0_281
PATH=C:\Program Files\Common Files\Oracle\Java\javapath;C:\Program Files (x86)\Common Files\Oracle\Java\javapath;C:\Windows\system32;C:\Windows;C:\Windows\System32\Wbem;C:\Windows\System32\WindowsPowerShell\v1.0\;C:\Windows\System32\OpenSSH\;C:\Program Files\Microsoft VS Code\bin;C:\Program Files\Git\cmd;C:\ProgramData\ComposerSetup\bin;C:\Program Files\MySQL\MySQL Shell 8.0\bin\;C:\Users\USER\AppData\Local\Microsoft\WindowsApps;C:\xampp\php;C:\Users\USER\AppData\Roaming\Composer\vendor\bin;C:\Users\USER\AppData\Local\ComposerSetup\bin
USERNAME=USER
OS=Windows_NT
PROCESSOR_IDENTIFIER=AMD64 Family 23 Model 32 Stepping 1, AuthenticAMD



---------------  S Y S T E M  ---------------

OS: Windows 10.0 , 64 bit Build 19041 (10.0.19041.662)

CPU:total 2 (initial active 2) (2 cores per cpu, 1 threads per core) family 23 model 32 stepping 1, cmov, cx8, fxsr, mmx, sse, sse2, sse3, ssse3, sse4.1, sse4.2, popcnt, avx, avx2, aes, clmul, mmxext, 3dnowpref, lzcnt, sse4a, tsc, tscinvbit, tscinv, bmi1

Memory: 4k page, physical 3543304k(303452k free), swap 6164744k(4196k free)

vm_info: Java HotSpot(TM) 64-Bit Server VM (25.281-b09) for windows-amd64 JRE (1.8.0_281-b09), built on Dec  9 2020 13:54:07 by "" with MS VC++ 15.9 (VS2017)

time: Mon Mar  1 13:01:16 2021
timezone: SE Asia Standard Time
elapsed time: 5.689773 seconds (0d 0h 0m 5s)

