#
# There is insufficient memory for the Java Runtime Environment to continue.
# Native memory allocation (malloc) failed to allocate 1549936 bytes for Chunk::new
# Possible reasons:
#   The system is out of physical RAM or swap space
#   The process is running with CompressedOops enabled, and the Java Heap may be blocking the growth of the native heap
# Possible solutions:
#   Reduce memory load on the system
#   Increase physical memory or swap space
#   Check if swap backing store is full
#   Decrease Java heap size (-Xmx/-Xms)
#   Decrease number of Java threads
#   Decrease Java thread stack sizes (-Xss)
#   Set larger code cache with -XX:ReservedCodeCacheSize=
#   JVM is running with Unscaled Compressed Oops mode in which the Java heap is
#     placed in the first 4GB address space. The Java Heap base address is the
#     maximum limit for the native heap growth. Please use -XX:HeapBaseMinAddress
#     to set the Java Heap base and to place the Java Heap above 4GB virtual address.
# This output file may be truncated or incomplete.
#
#  Out of Memory Error (allocation.cpp:389), pid=12292, tid=0x0000000000001ea0
#
# JRE version: Java(TM) SE Runtime Environment (8.0_281-b09) (build 1.8.0_281-b09)
# Java VM: Java HotSpot(TM) 64-Bit Server VM (25.281-b09 mixed mode windows-amd64 compressed oops)
# Failed to write core dump. Minidumps are not enabled by default on client versions of Windows
#

---------------  T H R E A D  ---------------

Current thread (0x000001cfe1ff0000):  JavaThread "C2 CompilerThread0" daemon [_thread_in_native, id=7840, stack(0x000000b4ae400000,0x000000b4ae500000)]

Stack: [0x000000b4ae400000,0x000000b4ae500000]
Native frames: (J=compiled Java code, j=interpreted, Vv=VM code, C=native code)
V  [jvm.dll+0x32e5b9]
V  [jvm.dll+0x275012]
V  [jvm.dll+0x275cbd]
V  [jvm.dll+0x26c6f5]
V  [jvm.dll+0xd51fc]
V  [jvm.dll+0xd59fc]
V  [jvm.dll+0x46f8c3]
V  [jvm.dll+0x437598]
V  [jvm.dll+0x4403d5]
V  [jvm.dll+0x43f795]
V  [jvm.dll+0x42a5e7]
V  [jvm.dll+0xabe9b]
V  [jvm.dll+0xaa4fb]
V  [jvm.dll+0x23d6b2]
V  [jvm.dll+0x291cbc]
C  [ucrtbase.dll+0x214c2]
C  [KERNEL32.DLL+0x17034]
C  [ntdll.dll+0x4d0d1]


Current CompileTask:
C2:  22028 8709       4       com.sun.tools.javac.code.Types$ImplementationCache::get (159 bytes)


---------------  P R O C E S S  ---------------

Java Threads: ( => current thread )
  0x000001cfe3604000 JavaThread "Cache worker for Java compile cache (D:\Pribadi\tugas\SmartVillage\.gradle\6.5\javaCompile)" [_thread_blocked, id=9976, stack(0x000000b4b6100000,0x000000b4b6200000)]
  0x000001cfe35fc800 JavaThread "Cache worker for Java compile cache (C:\Users\USER\.gradle\caches\6.5\javaCompile)" [_thread_blocked, id=2704, stack(0x000000b4b6000000,0x000000b4b6100000)]
  0x000001cfe3601000 JavaThread "Cache worker for execution history cache (D:\Pribadi\tugas\SmartVillage\.gradle\6.5\executionHistory)" [_thread_blocked, id=15292, stack(0x000000b4b5f00000,0x000000b4b6000000)]
  0x000001cfe35ff800 JavaThread "Execution worker for ':'" [_thread_blocked, id=8296, stack(0x000000b4b5e00000,0x000000b4b5f00000)]
  0x000001cfe3600000 JavaThread "Cache worker for file content cache (D:\Pribadi\tugas\SmartVillage\.gradle\6.5\fileContent)" [_thread_blocked, id=7188, stack(0x000000b4b5d00000,0x000000b4b5e00000)]
  0x000001cfe3602800 JavaThread "Memory manager" [_thread_blocked, id=5848, stack(0x000000b4b5c00000,0x000000b4b5d00000)]
  0x000001cfe3601800 JavaThread "Cache worker for Build Output Cleanup Cache (D:\Pribadi\tugas\SmartVillage\.gradle\buildOutputCleanup)" [_thread_blocked, id=14132, stack(0x000000b4b5b00000,0x000000b4b5c00000)]
  0x000001cfe35fd000 JavaThread "jar transforms Thread 92" [_thread_blocked, id=14296, stack(0x000000b4b5a00000,0x000000b4b5b00000)]
  0x000001cfe2b35800 JavaThread "jar transforms Thread 91" [_thread_blocked, id=1552, stack(0x000000b4b5900000,0x000000b4b5a00000)]
  0x000001cfe2b2f000 JavaThread "jar transforms Thread 90" [_thread_blocked, id=4808, stack(0x000000b4b5800000,0x000000b4b5900000)]
  0x000001cfe2b2e000 JavaThread "jar transforms Thread 89" [_thread_blocked, id=10572, stack(0x000000b4b5700000,0x000000b4b5800000)]
  0x000001cfe2b32000 JavaThread "jar transforms Thread 88" [_thread_blocked, id=1576, stack(0x000000b4b5600000,0x000000b4b5700000)]
  0x000001cfe2b31000 JavaThread "jar transforms Thread 87" [_thread_blocked, id=14416, stack(0x000000b4b5500000,0x000000b4b5600000)]
  0x000001cfe2b30800 JavaThread "jar transforms Thread 86" [_thread_blocked, id=14700, stack(0x000000b4b5400000,0x000000b4b5500000)]
  0x000001cfe2b32800 JavaThread "jar transforms Thread 85" [_thread_blocked, id=5172, stack(0x000000b4b5300000,0x000000b4b5400000)]
  0x000001cfe2b2f800 JavaThread "jar transforms Thread 84" [_thread_blocked, id=12716, stack(0x000000b4b5200000,0x000000b4b5300000)]
  0x000001cfe2b33800 JavaThread "jar transforms Thread 83" [_thread_blocked, id=7688, stack(0x000000b4b5100000,0x000000b4b5200000)]
  0x000001cfe2b35000 JavaThread "jar transforms Thread 82" [_thread_blocked, id=14924, stack(0x000000b4b5000000,0x000000b4b5100000)]
  0x000001cfe2b34000 JavaThread "jar transforms Thread 81" [_thread_blocked, id=4392, stack(0x000000b4b4f00000,0x000000b4b5000000)]
  0x000001cfe2b26800 JavaThread "jar transforms Thread 80" [_thread_blocked, id=6128, stack(0x000000b4b4e00000,0x000000b4b4f00000)]
  0x000001cfe2b29000 JavaThread "jar transforms Thread 79" [_thread_blocked, id=5072, stack(0x000000b4b4d00000,0x000000b4b4e00000)]
  0x000001cfe2b27800 JavaThread "jar transforms Thread 78" [_thread_blocked, id=7612, stack(0x000000b4b4c00000,0x000000b4b4d00000)]
  0x000001cfe2b2b000 JavaThread "jar transforms Thread 77" [_thread_blocked, id=692, stack(0x000000b4b4b00000,0x000000b4b4c00000)]
  0x000001cfe2b2c000 JavaThread "jar transforms Thread 76" [_thread_blocked, id=2764, stack(0x000000b4b4a00000,0x000000b4b4b00000)]
  0x000001cfe2b28000 JavaThread "jar transforms Thread 75" [_thread_blocked, id=13484, stack(0x000000b4b4900000,0x000000b4b4a00000)]
  0x000001cfe2b2a800 JavaThread "jar transforms Thread 74" [_thread_blocked, id=2508, stack(0x000000b4b4800000,0x000000b4b4900000)]
  0x000001cfe2b2d800 JavaThread "jar transforms Thread 73" [_thread_blocked, id=14348, stack(0x000000b4b4700000,0x000000b4b4800000)]
  0x000001cfe2b2c800 JavaThread "jar transforms Thread 72" [_thread_blocked, id=14284, stack(0x000000b4b4600000,0x000000b4b4700000)]
  0x000001cfe2b29800 JavaThread "jar transforms Thread 71" [_thread_blocked, id=8088, stack(0x000000b4b4500000,0x000000b4b4600000)]
  0x000001cfe2c27800 JavaThread "jar transforms Thread 70" [_thread_blocked, id=11408, stack(0x000000b4b4400000,0x000000b4b4500000)]
  0x000001cfe2c26800 JavaThread "jar transforms Thread 69" [_thread_blocked, id=944, stack(0x000000b4b4300000,0x000000b4b4400000)]
  0x000001cfe2c25000 JavaThread "jar transforms Thread 68" [_thread_blocked, id=9580, stack(0x000000b4b4200000,0x000000b4b4300000)]
  0x000001cfe2c24800 JavaThread "jar transforms Thread 67" [_thread_blocked, id=13972, stack(0x000000b4b4100000,0x000000b4b4200000)]
  0x000001cfe2c26000 JavaThread "jar transforms Thread 66" [_thread_blocked, id=12236, stack(0x000000b4b4000000,0x000000b4b4100000)]
  0x000001cfe2c23000 JavaThread "jar transforms Thread 65" [_thread_blocked, id=2844, stack(0x000000b4b3f00000,0x000000b4b4000000)]
  0x000001cfe2c23800 JavaThread "jar transforms Thread 64" [_thread_blocked, id=5596, stack(0x000000b4b3e00000,0x000000b4b3f00000)]
  0x000001cfe2c22000 JavaThread "jar transforms Thread 63" [_thread_blocked, id=9524, stack(0x000000b4b3d00000,0x000000b4b3e00000)]
  0x000001cfe2c1a800 JavaThread "jar transforms Thread 62" [_thread_blocked, id=8548, stack(0x000000b4b3c00000,0x000000b4b3d00000)]
  0x000001cfe2c21800 JavaThread "jar transforms Thread 61" [_thread_blocked, id=11516, stack(0x000000b4b3b00000,0x000000b4b3c00000)]
  0x000001cfe2c20800 JavaThread "jar transforms Thread 60" [_thread_blocked, id=15228, stack(0x000000b4b3a00000,0x000000b4b3b00000)]
  0x000001cfe2c19000 JavaThread "jar transforms Thread 59" [_thread_blocked, id=14916, stack(0x000000b4b3900000,0x000000b4b3a00000)]
  0x000001cfe2c20000 JavaThread "jar transforms Thread 58" [_thread_blocked, id=13252, stack(0x000000b4b3800000,0x000000b4b3900000)]
  0x000001cfe2c1a000 JavaThread "jar transforms Thread 57" [_thread_blocked, id=10808, stack(0x000000b4b3700000,0x000000b4b3800000)]
  0x000001cfe2c18800 JavaThread "jar transforms Thread 56" [_thread_blocked, id=7936, stack(0x000000b4b3600000,0x000000b4b3700000)]
  0x000001cfe2c1f000 JavaThread "jar transforms Thread 55" [_thread_blocked, id=12432, stack(0x000000b4b3500000,0x000000b4b3600000)]
  0x000001cfe2c1d800 JavaThread "jar transforms Thread 54" [_thread_blocked, id=3200, stack(0x000000b4b3400000,0x000000b4b3500000)]
  0x000001cfe2c1b800 JavaThread "jar transforms Thread 53" [_thread_blocked, id=6900, stack(0x000000b4b3300000,0x000000b4b3400000)]
  0x000001cfe2c1d000 JavaThread "jar transforms Thread 52" [_thread_blocked, id=3176, stack(0x000000b4b3200000,0x000000b4b3300000)]
  0x000001cfe2c1e800 JavaThread "jar transforms Thread 51" [_thread_blocked, id=9236, stack(0x000000b4b3100000,0x000000b4b3200000)]
  0x000001cfe2c1c000 JavaThread "jar transforms Thread 50" [_thread_blocked, id=7984, stack(0x000000b4b3000000,0x000000b4b3100000)]
  0x000001cfe50ec000 JavaThread "jar transforms Thread 49" [_thread_blocked, id=11824, stack(0x000000b4b2f00000,0x000000b4b3000000)]
  0x000001cfe50eb000 JavaThread "jar transforms Thread 48" [_thread_blocked, id=12120, stack(0x000000b4b2e00000,0x000000b4b2f00000)]
  0x000001cfe50f2000 JavaThread "jar transforms Thread 47" [_thread_blocked, id=15084, stack(0x000000b4b2d00000,0x000000b4b2e00000)]
  0x000001cfe50ed800 JavaThread "jar transforms Thread 46" [_thread_blocked, id=6868, stack(0x000000b4b2c00000,0x000000b4b2d00000)]
  0x000001cfe50f0800 JavaThread "jar transforms Thread 45" [_thread_blocked, id=9684, stack(0x000000b4b2b00000,0x000000b4b2c00000)]
  0x000001cfe50ec800 JavaThread "jar transforms Thread 44" [_thread_blocked, id=3840, stack(0x000000b4b2a00000,0x000000b4b2b00000)]
  0x000001cfe50ef800 JavaThread "jar transforms Thread 43" [_thread_blocked, id=14884, stack(0x000000b4b2900000,0x000000b4b2a00000)]
  0x000001cfe50ef000 JavaThread "jar transforms Thread 42" [_thread_blocked, id=12580, stack(0x000000b4b2800000,0x000000b4b2900000)]
  0x000001cfe50f1000 JavaThread "jar transforms Thread 41" [_thread_blocked, id=15108, stack(0x000000b4b2700000,0x000000b4b2800000)]
  0x000001cfe50ee000 JavaThread "jar transforms Thread 40" [_thread_blocked, id=15224, stack(0x000000b4b2600000,0x000000b4b2700000)]
  0x000001cfe50e3800 JavaThread "jar transforms Thread 39" [_thread_blocked, id=13940, stack(0x000000b4b2500000,0x000000b4b2600000)]
  0x000001cfe50e6000 JavaThread "jar transforms Thread 38" [_thread_blocked, id=15324, stack(0x000000b4b2400000,0x000000b4b2500000)]
  0x000001cfe50e9800 JavaThread "jar transforms Thread 37" [_thread_blocked, id=10232, stack(0x000000b4b2300000,0x000000b4b2400000)]
  0x000001cfe50e5000 JavaThread "jar transforms Thread 36" [_thread_blocked, id=7484, stack(0x000000b4b2200000,0x000000b4b2300000)]
  0x000001cfe50e8000 JavaThread "jar transforms Thread 35" [_thread_blocked, id=1260, stack(0x000000b4b2100000,0x000000b4b2200000)]
  0x000001cfe50e7800 JavaThread "jar transforms Thread 34" [_thread_blocked, id=7216, stack(0x000000b4b2000000,0x000000b4b2100000)]
  0x000001cfe50e4800 JavaThread "jar transforms Thread 33" [_thread_blocked, id=12960, stack(0x000000b4b1f00000,0x000000b4b2000000)]
  0x000001cfe50ea800 JavaThread "jar transforms Thread 32" [_thread_blocked, id=7784, stack(0x000000b4b1e00000,0x000000b4b1f00000)]
  0x000001cfe50e9000 JavaThread "jar transforms Thread 31" [_thread_blocked, id=7844, stack(0x000000b4b1d00000,0x000000b4b1e00000)]
  0x000001cfe50e3000 JavaThread "jar transforms Thread 30" [_thread_blocked, id=14844, stack(0x000000b4b1c00000,0x000000b4b1d00000)]
  0x000001cfe50e6800 JavaThread "jar transforms Thread 29" [_thread_blocked, id=10144, stack(0x000000b4b1b00000,0x000000b4b1c00000)]
  0x000001cfe3947000 JavaThread "jar transforms Thread 28" [_thread_blocked, id=15060, stack(0x000000b4b1a00000,0x000000b4b1b00000)]
  0x000001cfe3942000 JavaThread "jar transforms Thread 27" [_thread_blocked, id=11620, stack(0x000000b4b1900000,0x000000b4b1a00000)]
  0x000001cfe3943800 JavaThread "jar transforms Thread 26" [_thread_blocked, id=13172, stack(0x000000b4b1800000,0x000000b4b1900000)]
  0x000001cfe3945000 JavaThread "jar transforms Thread 25" [_thread_blocked, id=10940, stack(0x000000b4b1700000,0x000000b4b1800000)]
  0x000001cfe3944000 JavaThread "jar transforms Thread 24" [_thread_blocked, id=5548, stack(0x000000b4b1600000,0x000000b4b1700000)]
  0x000001cfe3948000 JavaThread "jar transforms Thread 23" [_thread_blocked, id=7344, stack(0x000000b4b1500000,0x000000b4b1600000)]
  0x000001cfe3942800 JavaThread "jar transforms Thread 22" [_thread_blocked, id=11564, stack(0x000000b4b1400000,0x000000b4b1500000)]
  0x000001cfe3945800 JavaThread "jar transforms Thread 21" [_thread_blocked, id=2396, stack(0x000000b4b1300000,0x000000b4b1400000)]
  0x000001cfe3946800 JavaThread "jar transforms Thread 20" [_thread_blocked, id=1808, stack(0x000000b4b1200000,0x000000b4b1300000)]
  0x000001cfe3941000 JavaThread "jar transforms Thread 19" [_thread_blocked, id=14268, stack(0x000000b4b1100000,0x000000b4b1200000)]
  0x000001cfe3939800 JavaThread "jar transforms Thread 18" [_thread_blocked, id=9552, stack(0x000000b4b1000000,0x000000b4b1100000)]
  0x000001cfe3940800 JavaThread "jar transforms Thread 17" [_thread_blocked, id=8252, stack(0x000000b4b0f00000,0x000000b4b1000000)]
  0x000001cfe3939000 JavaThread "jar transforms Thread 16" [_thread_blocked, id=656, stack(0x000000b4b0e00000,0x000000b4b0f00000)]
  0x000001cfe393f800 JavaThread "jar transforms Thread 15" [_thread_blocked, id=2872, stack(0x000000b4b0d00000,0x000000b4b0e00000)]
  0x000001cfe393f000 JavaThread "jar transforms Thread 14" [_thread_blocked, id=7628, stack(0x000000b4b0c00000,0x000000b4b0d00000)]
  0x000001cfe393e000 JavaThread "jar transforms Thread 13" [_thread_blocked, id=3972, stack(0x000000b4b0b00000,0x000000b4b0c00000)]
  0x000001cfe393c000 JavaThread "jar transforms Thread 12" [_thread_blocked, id=940, stack(0x000000b4b0a00000,0x000000b4b0b00000)]
  0x000001cfe393c800 JavaThread "jar transforms Thread 11" [_thread_blocked, id=4740, stack(0x000000b4b0900000,0x000000b4b0a00000)]
  0x000001cfe393d800 JavaThread "jar transforms Thread 10" [_thread_blocked, id=5132, stack(0x000000b4b0800000,0x000000b4b0900000)]
  0x000001cfe393a800 JavaThread "jar transforms Thread 9" [_thread_blocked, id=5312, stack(0x000000b4b0700000,0x000000b4b0800000)]
  0x000001cfe393b000 JavaThread "jar transforms Thread 8" [_thread_blocked, id=12072, stack(0x000000b4b0600000,0x000000b4b0700000)]
  0x000001cfe4053800 JavaThread "jar transforms Thread 7" [_thread_blocked, id=4512, stack(0x000000b4b0500000,0x000000b4b0600000)]
  0x000001cfe405a000 JavaThread "jar transforms Thread 6" [_thread_blocked, id=4696, stack(0x000000b4b0400000,0x000000b4b0500000)]
  0x000001cfe4052800 JavaThread "jar transforms Thread 5" [_thread_blocked, id=15092, stack(0x000000b4b0300000,0x000000b4b0400000)]
  0x000001cfe4059800 JavaThread "jar transforms Thread 4" [_thread_blocked, id=9636, stack(0x000000b4b0200000,0x000000b4b0300000)]
  0x000001cfe4057000 JavaThread "jar transforms Thread 3" [_thread_blocked, id=2372, stack(0x000000b4b0100000,0x000000b4b0200000)]
  0x000001cfe4056800 JavaThread "jar transforms Thread 2" [_thread_blocked, id=9596, stack(0x000000b4b0000000,0x000000b4b0100000)]
  0x000001cfe4055800 JavaThread "Build operations Thread 2" [_thread_blocked, id=1968, stack(0x000000b4aff00000,0x000000b4b0000000)]
  0x000001cfe4055000 JavaThread "Build operations" [_thread_blocked, id=13584, stack(0x000000b4afe00000,0x000000b4aff00000)]
  0x000001cfe4058000 JavaThread "Cache worker for file content cache (C:\Users\USER\.gradle\caches\6.5\fileContent)" [_thread_blocked, id=14952, stack(0x000000b4afd00000,0x000000b4afe00000)]
  0x000001cfe404b000 JavaThread "jar transforms" [_thread_blocked, id=13256, stack(0x000000b4afc00000,0x000000b4afd00000)]
  0x000001cfe4051000 JavaThread "Cache worker for execution history cache (C:\Users\USER\.gradle\caches\6.5\executionHistory)" [_thread_blocked, id=11032, stack(0x000000b4afb00000,0x000000b4afc00000)]
  0x000001cfe404e000 JavaThread "Cache worker for cache directory md-rule (C:\Users\USER\.gradle\caches\6.5\md-rule)" [_thread_blocked, id=12216, stack(0x000000b4afa00000,0x000000b4afb00000)]
  0x000001cfe404d800 JavaThread "Cache worker for cache directory md-supplier (C:\Users\USER\.gradle\caches\6.5\md-supplier)" [_thread_blocked, id=12984, stack(0x000000b4af900000,0x000000b4afa00000)]
  0x000001cfe404f800 JavaThread "Cache worker for checksums cache (D:\Pribadi\tugas\SmartVillage\.gradle\checksums)" [_thread_blocked, id=8768, stack(0x000000b4af800000,0x000000b4af900000)]
  0x000001cfe4052000 JavaThread "Cache worker for file hash cache (D:\Pribadi\tugas\SmartVillage\.gradle\6.5\fileHashes)" [_thread_blocked, id=11792, stack(0x000000b4af700000,0x000000b4af800000)]
  0x000001cfe404c000 JavaThread "Cache worker for file hash cache (C:\Users\USER\.gradle\caches\6.5\fileHashes)" [_thread_blocked, id=4872, stack(0x000000b4af600000,0x000000b4af700000)]
  0x000001cfe404f000 JavaThread "File lock request listener" [_thread_in_native, id=10124, stack(0x000000b4af500000,0x000000b4af600000)]
  0x000001cfe404c800 JavaThread "Cache worker for journal cache (C:\Users\USER\.gradle\caches\journal-1)" [_thread_blocked, id=5700, stack(0x000000b4af400000,0x000000b4af500000)]
  0x000001cfe4050800 JavaThread "Thread-9" [_thread_blocked, id=9964, stack(0x000000b4af300000,0x000000b4af400000)]
  0x000001cfe2065000 JavaThread "Stdin handler" [_thread_blocked, id=5736, stack(0x000000b4af200000,0x000000b4af300000)]
  0x000001cfe2064000 JavaThread "Asynchronous log dispatcher for DefaultDaemonConnection: socket connection from /127.0.0.1:50580 to /127.0.0.1:50581" [_thread_blocked, id=14688, stack(0x000000b4af100000,0x000000b4af200000)]
  0x000001cfe2062000 JavaThread "Daemon worker" [_thread_in_Java, id=15032, stack(0x000000b4af000000,0x000000b4af100000)]
  0x000001cfe2069000 JavaThread "Cancel handler" [_thread_blocked, id=7328, stack(0x000000b4aef00000,0x000000b4af000000)]
  0x000001cfe2066800 JavaThread "Handler for socket connection from /127.0.0.1:50580 to /127.0.0.1:50581" [_thread_in_native, id=1088, stack(0x000000b4aee00000,0x000000b4aef00000)]
  0x000001cfe2068000 JavaThread "Daemon" [_thread_blocked, id=9740, stack(0x000000b4aed00000,0x000000b4aee00000)]
  0x000001cfe2067000 JavaThread "Daemon periodic checks" [_thread_blocked, id=12036, stack(0x000000b4aec00000,0x000000b4aed00000)]
  0x000001cfe2063800 JavaThread "Incoming local TCP Connector on port 50580" [_thread_in_native, id=14544, stack(0x000000b4aeb00000,0x000000b4aec00000)]
  0x000001cfe2062800 JavaThread "Daemon health stats" [_thread_blocked, id=14948, stack(0x000000b4ae800000,0x000000b4ae900000)]
  0x000001cfe2065800 JavaThread "Service Thread" daemon [_thread_blocked, id=14860, stack(0x000000b4ae600000,0x000000b4ae700000)]
  0x000001cfe1ff5000 JavaThread "C1 CompilerThread1" daemon [_thread_in_native, id=11508, stack(0x000000b4ae500000,0x000000b4ae600000)]
=>0x000001cfe1ff0000 JavaThread "C2 CompilerThread0" daemon [_thread_in_native, id=7840, stack(0x000000b4ae400000,0x000000b4ae500000)]
  0x000001cfe1fee000 JavaThread "Attach Listener" daemon [_thread_blocked, id=15080, stack(0x000000b4ae300000,0x000000b4ae400000)]
  0x000001cfe1fec000 JavaThread "Signal Dispatcher" daemon [_thread_blocked, id=5472, stack(0x000000b4ae200000,0x000000b4ae300000)]
  0x000001cfe1b01000 JavaThread "Finalizer" daemon [_thread_blocked, id=14344, stack(0x000000b4ae100000,0x000000b4ae200000)]
  0x000001cfe1fd4000 JavaThread "Reference Handler" daemon [_thread_blocked, id=10684, stack(0x000000b4ae000000,0x000000b4ae100000)]
  0x000001cfccc1e800 JavaThread "main" [_thread_blocked, id=15180, stack(0x000000b4adc00000,0x000000b4add00000)]

Other Threads:
  0x000001cfe1fb2000 VMThread [stack: 0x000000b4adf00000,0x000000b4ae000000] [id=10712]
  0x000001cfe2074000 WatcherThread [stack: 0x000000b4ae700000,0x000000b4ae800000] [id=5148]

VM state:not at safepoint (normal execution)

VM Mutex/Monitor currently owned by a thread: None

heap address: 0x00000000a0000000, size: 1536 MB, Compressed Oops mode: 32-bit
Narrow klass base: 0x0000000000000000, Narrow klass shift: 3
Compressed class space size: 1073741824 Address: 0x0000000100000000

Heap:
 PSYoungGen      total 222208K, used 68629K [0x00000000e0000000, 0x00000000f1100000, 0x0000000100000000)
  eden space 200704K, 24% used [0x00000000e0000000,0x00000000e302e510,0x00000000ec400000)
  from space 21504K, 89% used [0x00000000ec400000,0x00000000ed6d71f0,0x00000000ed900000)
  to   space 24064K, 0% used [0x00000000ef980000,0x00000000ef980000,0x00000000f1100000)
 ParOldGen       total 99328K, used 36422K [0x00000000a0000000, 0x00000000a6100000, 0x00000000e0000000)
  object space 99328K, 36% used [0x00000000a0000000,0x00000000a23918e8,0x00000000a6100000)
 Metaspace       used 70192K, capacity 73268K, committed 73344K, reserved 1112064K
  class space    used 9725K, capacity 10320K, committed 10368K, reserved 1048576K

Card table byte_map: [0x000001cfdda00000,0x000001cfddd10000] byte_map_base: 0x000001cfdd500000

Marking Bits: (ParMarkBitMap*) 0x000000006e7e6ff0
 Begin Bits: [0x000001cfddf10000, 0x000001cfdf710000)
 End Bits:   [0x000001cfdf710000, 0x000001cfe0f10000)

Polling page: 0x000001cfccde0000

CodeCache: size=245760Kb used=26047Kb max_used=26047Kb free=219712Kb
 bounds [0x000001cfce640000, 0x000001cfcffd0000, 0x000001cfdd640000]
 total_blobs=8722 nmethods=7913 adapters=721
 compilation: enabled

Compilation events (10 events):
Event: 21.999 Thread 0x000001cfe1ff5000 nmethod 8841 0x000001cfcffbf690 code [0x000001cfcffbf7e0, 0x000001cfcffbf978]
Event: 22.000 Thread 0x000001cfe1ff5000 8842       1       com.sun.tools.javac.tree.JCTree$JCBinary::getTag (5 bytes)
Event: 22.000 Thread 0x000001cfe1ff5000 nmethod 8842 0x000001cfcffbfa10 code [0x000001cfcffbfb60, 0x000001cfcffbfc78]
Event: 22.000 Thread 0x000001cfe1ff5000 8843       2       com.sun.tools.javac.tree.TreeTranslator::translateVarDefs (34 bytes)
Event: 22.001 Thread 0x000001cfe1ff5000 nmethod 8843 0x000001cfcffbfcd0 code [0x000001cfcffbfe40, 0x000001cfcffc00b0]
Event: 22.001 Thread 0x000001cfe1ff5000 8844       2       com.sun.tools.javac.model.FilteredMemberList$1::next (5 bytes)
Event: 22.001 Thread 0x000001cfe1ff5000 nmethod 8844 0x000001cfcffc01d0 code [0x000001cfcffc0340, 0x000001cfcffc04b0]
Event: 22.001 Thread 0x000001cfe1ff5000 8845       2       com.sun.tools.javac.model.FilteredMemberList$1::next (41 bytes)
Event: 22.002 Thread 0x000001cfe1ff5000 nmethod 8845 0x000001cfcffc0550 code [0x000001cfcffc06c0, 0x000001cfcffc0920]
Event: 22.006 Thread 0x000001cfe1ff5000 8846       2       java.util.ArrayList$ArrayListSpliterator::getFence (48 bytes)

GC Heap History (10 events):
Event: 6.985 GC heap before
{Heap before GC invocations=10 (full 2):
 PSYoungGen      total 184320K, used 8476K [0x00000000e0000000, 0x00000000ec400000, 0x0000000100000000)
  eden space 172032K, 0% used [0x00000000e0000000,0x00000000e0000000,0x00000000ea800000)
  from space 12288K, 68% used [0x00000000eb480000,0x00000000ebcc7000,0x00000000ec080000)
  to   space 12800K, 0% used [0x00000000ea800000,0x00000000ea800000,0x00000000eb480000)
 ParOldGen       total 44544K, used 19002K [0x00000000a0000000, 0x00000000a2b80000, 0x00000000e0000000)
  object space 44544K, 42% used [0x00000000a0000000,0x00000000a128eb10,0x00000000a2b80000)
 Metaspace       used 34332K, capacity 35442K, committed 35496K, reserved 1079296K
  class space    used 4834K, capacity 5096K, committed 5120K, reserved 1048576K
Event: 7.110 GC heap after
Heap after GC invocations=10 (full 2):
 PSYoungGen      total 184320K, used 0K [0x00000000e0000000, 0x00000000ec400000, 0x0000000100000000)
  eden space 172032K, 0% used [0x00000000e0000000,0x00000000e0000000,0x00000000ea800000)
  from space 12288K, 0% used [0x00000000eb480000,0x00000000eb480000,0x00000000ec080000)
  to   space 12800K, 0% used [0x00000000ea800000,0x00000000ea800000,0x00000000eb480000)
 ParOldGen       total 58880K, used 14904K [0x00000000a0000000, 0x00000000a3980000, 0x00000000e0000000)
  object space 58880K, 25% used [0x00000000a0000000,0x00000000a0e8e0f0,0x00000000a3980000)
 Metaspace       used 34332K, capacity 35442K, committed 35496K, reserved 1079296K
  class space    used 4834K, capacity 5096K, committed 5120K, reserved 1048576K
}
Event: 10.531 GC heap before
{Heap before GC invocations=11 (full 2):
 PSYoungGen      total 184320K, used 172032K [0x00000000e0000000, 0x00000000ec400000, 0x0000000100000000)
  eden space 172032K, 100% used [0x00000000e0000000,0x00000000ea800000,0x00000000ea800000)
  from space 12288K, 0% used [0x00000000eb480000,0x00000000eb480000,0x00000000ec080000)
  to   space 12800K, 0% used [0x00000000ea800000,0x00000000ea800000,0x00000000eb480000)
 ParOldGen       total 58880K, used 14904K [0x00000000a0000000, 0x00000000a3980000, 0x00000000e0000000)
  object space 58880K, 25% used [0x00000000a0000000,0x00000000a0e8e0f0,0x00000000a3980000)
 Metaspace       used 45651K, capacity 47392K, committed 47616K, reserved 1089536K
  class space    used 6294K, capacity 6653K, committed 6656K, reserved 1048576K
Event: 10.583 GC heap after
Heap after GC invocations=11 (full 2):
 PSYoungGen      total 184832K, used 12768K [0x00000000e0000000, 0x00000000ee880000, 0x0000000100000000)
  eden space 172032K, 0% used [0x00000000e0000000,0x00000000e0000000,0x00000000ea800000)
  from space 12800K, 99% used [0x00000000ea800000,0x00000000eb4782b0,0x00000000eb480000)
  to   space 15872K, 0% used [0x00000000ed900000,0x00000000ed900000,0x00000000ee880000)
 ParOldGen       total 58880K, used 17267K [0x00000000a0000000, 0x00000000a3980000, 0x00000000e0000000)
  object space 58880K, 29% used [0x00000000a0000000,0x00000000a10dcc18,0x00000000a3980000)
 Metaspace       used 45651K, capacity 47392K, committed 47616K, reserved 1089536K
  class space    used 6294K, capacity 6653K, committed 6656K, reserved 1048576K
}
Event: 13.825 GC heap before
{Heap before GC invocations=12 (full 2):
 PSYoungGen      total 184832K, used 162136K [0x00000000e0000000, 0x00000000ee880000, 0x0000000100000000)
  eden space 172032K, 86% used [0x00000000e0000000,0x00000000e91ddd68,0x00000000ea800000)
  from space 12800K, 99% used [0x00000000ea800000,0x00000000eb4782b0,0x00000000eb480000)
  to   space 15872K, 0% used [0x00000000ed900000,0x00000000ed900000,0x00000000ee880000)
 ParOldGen       total 58880K, used 17267K [0x00000000a0000000, 0x00000000a3980000, 0x00000000e0000000)
  object space 58880K, 29% used [0x00000000a0000000,0x00000000a10dcc18,0x00000000a3980000)
 Metaspace       used 56836K, capacity 59066K, committed 59160K, reserved 1099776K
  class space    used 7921K, capacity 8374K, committed 8448K, reserved 1048576K
Event: 13.874 GC heap after
Heap after GC invocations=12 (full 2):
 PSYoungGen      total 216576K, used 15852K [0x00000000e0000000, 0x00000000ef400000, 0x0000000100000000)
  eden space 200704K, 0% used [0x00000000e0000000,0x00000000e0000000,0x00000000ec400000)
  from space 15872K, 99% used [0x00000000ed900000,0x00000000ee87b330,0x00000000ee880000)
  to   space 21504K, 0% used [0x00000000ec400000,0x00000000ec400000,0x00000000ed900000)
 ParOldGen       total 58880K, used 26015K [0x00000000a0000000, 0x00000000a3980000, 0x00000000e0000000)
  object space 58880K, 44% used [0x00000000a0000000,0x00000000a1967cb0,0x00000000a3980000)
 Metaspace       used 56836K, capacity 59066K, committed 59160K, reserved 1099776K
  class space    used 7921K, capacity 8374K, committed 8448K, reserved 1048576K
}
Event: 13.874 GC heap before
{Heap before GC invocations=13 (full 3):
 PSYoungGen      total 216576K, used 15852K [0x00000000e0000000, 0x00000000ef400000, 0x0000000100000000)
  eden space 200704K, 0% used [0x00000000e0000000,0x00000000e0000000,0x00000000ec400000)
  from space 15872K, 99% used [0x00000000ed900000,0x00000000ee87b330,0x00000000ee880000)
  to   space 21504K, 0% used [0x00000000ec400000,0x00000000ec400000,0x00000000ed900000)
 ParOldGen       total 58880K, used 26015K [0x00000000a0000000, 0x00000000a3980000, 0x00000000e0000000)
  object space 58880K, 44% used [0x00000000a0000000,0x00000000a1967cb0,0x00000000a3980000)
 Metaspace       used 56836K, capacity 59066K, committed 59160K, reserved 1099776K
  class space    used 7921K, capacity 8374K, committed 8448K, reserved 1048576K
Event: 14.239 GC heap after
Heap after GC invocations=13 (full 3):
 PSYoungGen      total 216576K, used 0K [0x00000000e0000000, 0x00000000ef400000, 0x0000000100000000)
  eden space 200704K, 0% used [0x00000000e0000000,0x00000000e0000000,0x00000000ec400000)
  from space 15872K, 0% used [0x00000000ed900000,0x00000000ed900000,0x00000000ee880000)
  to   space 21504K, 0% used [0x00000000ec400000,0x00000000ec400000,0x00000000ed900000)
 ParOldGen       total 99328K, used 36414K [0x00000000a0000000, 0x00000000a6100000, 0x00000000e0000000)
  object space 99328K, 36% used [0x00000000a0000000,0x00000000a238f8e8,0x00000000a6100000)
 Metaspace       used 56836K, capacity 59066K, committed 59160K, reserved 1099776K
  class space    used 7921K, capacity 8374K, committed 8448K, reserved 1048576K
}
Event: 19.762 GC heap before
{Heap before GC invocations=14 (full 3):
 PSYoungGen      total 216576K, used 200704K [0x00000000e0000000, 0x00000000ef400000, 0x0000000100000000)
  eden space 200704K, 100% used [0x00000000e0000000,0x00000000ec400000,0x00000000ec400000)
  from space 15872K, 0% used [0x00000000ed900000,0x00000000ed900000,0x00000000ee880000)
  to   space 21504K, 0% used [0x00000000ec400000,0x00000000ec400000,0x00000000ed900000)
 ParOldGen       total 99328K, used 36414K [0x00000000a0000000, 0x00000000a6100000, 0x00000000e0000000)
  object space 99328K, 36% used [0x00000000a0000000,0x00000000a238f8e8,0x00000000a6100000)
 Metaspace       used 66411K, capacity 69510K, committed 69632K, reserved 1110016K
  class space    used 9348K, capacity 9965K, committed 9984K, reserved 1048576K
Event: 19.801 GC heap after
Heap after GC invocations=14 (full 3):
 PSYoungGen      total 222208K, used 19292K [0x00000000e0000000, 0x00000000f1100000, 0x0000000100000000)
  eden space 200704K, 0% used [0x00000000e0000000,0x00000000e0000000,0x00000000ec400000)
  from space 21504K, 89% used [0x00000000ec400000,0x00000000ed6d71f0,0x00000000ed900000)
  to   space 24064K, 0% used [0x00000000ef980000,0x00000000ef980000,0x00000000f1100000)
 ParOldGen       total 99328K, used 36422K [0x00000000a0000000, 0x00000000a6100000, 0x00000000e0000000)
  object space 99328K, 36% used [0x00000000a0000000,0x00000000a23918e8,0x00000000a6100000)
 Metaspace       used 66411K, capacity 69510K, committed 69632K, reserved 1110016K
  class space    used 9348K, capacity 9965K, committed 9984K, reserved 1048576K
}

Deoptimization events (10 events):
Event: 21.506 Thread 0x000001cfe2062000 Uncommon trap: reason=unstable_if action=reinterpret pc=0x000001cfcfbc75a4 method=com.sun.tools.javac.util.IntHashTable.putAtIndex(Ljava/lang/Object;II)I @ 18
Event: 21.630 Thread 0x000001cfe2062000 Uncommon trap: reason=class_check action=maybe_recompile pc=0x000001cfcf1f7274 method=com.sun.tools.javac.code.Types$14.visitClassType(Lcom/sun/tools/javac/code/Type$ClassType;Lcom/sun/tools/javac/code/Symbol;)Lcom/sun/tools/javac/code/Type; @ 97
Event: 21.630 Thread 0x000001cfe2062000 Uncommon trap: reason=class_check action=maybe_recompile pc=0x000001cfcf1f7274 method=com.sun.tools.javac.code.Types$14.visitClassType(Lcom/sun/tools/javac/code/Type$ClassType;Lcom/sun/tools/javac/code/Symbol;)Lcom/sun/tools/javac/code/Type; @ 97
Event: 21.773 Thread 0x000001cfe2062000 Uncommon trap: reason=unloaded action=reinterpret pc=0x000001cfcfd57d58 method=com.sun.tools.javac.jvm.ClassReader.readPool(I)Ljava/lang/Object; @ 436
Event: 21.903 Thread 0x000001cfe2062000 Uncommon trap: reason=class_check action=maybe_recompile pc=0x000001cfcec78a74 method=com.sun.tools.javac.code.Types$SameTypeVisitor.visitType(Lcom/sun/tools/javac/code/Type;Lcom/sun/tools/javac/code/Type;)Ljava/lang/Boolean; @ 31
Event: 21.903 Thread 0x000001cfe2062000 Uncommon trap: reason=class_check action=maybe_recompile pc=0x000001cfcec78a74 method=com.sun.tools.javac.code.Types$SameTypeVisitor.visitType(Lcom/sun/tools/javac/code/Type;Lcom/sun/tools/javac/code/Type;)Ljava/lang/Boolean; @ 31
Event: 21.903 Thread 0x000001cfe2062000 Uncommon trap: reason=class_check action=maybe_recompile pc=0x000001cfcec78a74 method=com.sun.tools.javac.code.Types$SameTypeVisitor.visitType(Lcom/sun/tools/javac/code/Type;Lcom/sun/tools/javac/code/Type;)Ljava/lang/Boolean; @ 31
Event: 21.903 Thread 0x000001cfe2062000 Uncommon trap: reason=class_check action=maybe_recompile pc=0x000001cfcec78a74 method=com.sun.tools.javac.code.Types$SameTypeVisitor.visitType(Lcom/sun/tools/javac/code/Type;Lcom/sun/tools/javac/code/Type;)Ljava/lang/Boolean; @ 31
Event: 21.977 Thread 0x000001cfe2062000 Uncommon trap: reason=class_check action=maybe_recompile pc=0x000001cfcf1f7230 method=com.sun.tools.javac.code.Types$14.visitClassType(Lcom/sun/tools/javac/code/Type$ClassType;Lcom/sun/tools/javac/code/Symbol;)Lcom/sun/tools/javac/code/Type; @ 44
Event: 21.978 Thread 0x000001cfe2062000 Uncommon trap: reason=class_check action=maybe_recompile pc=0x000001cfcf1f7230 method=com.sun.tools.javac.code.Types$14.visitClassType(Lcom/sun/tools/javac/code/Type$ClassType;Lcom/sun/tools/javac/code/Symbol;)Lcom/sun/tools/javac/code/Type; @ 44

Classes redefined (0 events):
No events

Internal exceptions (10 events):
Event: 18.041 Thread 0x000001cfe35ff800 Exception <a 'java/lang/NoSuchMethodError': <clinit>> (0x00000000e86fbd18) thrown at [C:\jenkins\workspace\8-2-build-windows-amd64-cygwin\jdk8u281\880\hotspot\src\share\vm\prims\jni.cpp, line 1615]
Event: 18.041 Thread 0x000001cfe35ff800 Exception <a 'java/lang/NoSuchMethodError': <clinit>> (0x00000000e86fd050) thrown at [C:\jenkins\workspace\8-2-build-windows-amd64-cygwin\jdk8u281\880\hotspot\src\share\vm\prims\jni.cpp, line 1615]
Event: 18.538 Thread 0x000001cfe3602800 Exception <a 'java/lang/NoSuchMethodError': java.lang.Object.lambda$comparingInt$7b0bb60$1(Ljava/util/function/ToIntFunction;Ljava/lang/Object;Ljava/lang/Object;)I> (0x00000000e9ae9ab8) thrown at [C:\jenkins\workspace\8-2-build-windows-amd64-cygwin\jdk8u2
Event: 19.266 Thread 0x000001cfe2062000 Exception <a 'sun/nio/fs/WindowsException'> (0x00000000e9fc8360) thrown at [C:\jenkins\workspace\8-2-build-windows-amd64-cygwin\jdk8u281\880\hotspot\src\share\vm\prims\jni.cpp, line 710]
Event: 19.267 Thread 0x000001cfe2062000 Exception <a 'sun/nio/fs/WindowsException'> (0x00000000e9fca148) thrown at [C:\jenkins\workspace\8-2-build-windows-amd64-cygwin\jdk8u281\880\hotspot\src\share\vm\prims\jni.cpp, line 710]
Event: 19.270 Thread 0x000001cfe2062000 Exception <a 'sun/nio/fs/WindowsException'> (0x00000000ea000ef0) thrown at [C:\jenkins\workspace\8-2-build-windows-amd64-cygwin\jdk8u281\880\hotspot\src\share\vm\prims\jni.cpp, line 710]
Event: 19.270 Thread 0x000001cfe2062000 Exception <a 'sun/nio/fs/WindowsException'> (0x00000000ea002778) thrown at [C:\jenkins\workspace\8-2-build-windows-amd64-cygwin\jdk8u281\880\hotspot\src\share\vm\prims\jni.cpp, line 710]
Event: 19.270 Thread 0x000001cfe2062000 Exception <a 'sun/nio/fs/WindowsException'> (0x00000000ea0053a0) thrown at [C:\jenkins\workspace\8-2-build-windows-amd64-cygwin\jdk8u281\880\hotspot\src\share\vm\prims\jni.cpp, line 710]
Event: 19.270 Thread 0x000001cfe2062000 Exception <a 'sun/nio/fs/WindowsException'> (0x00000000ea006c38) thrown at [C:\jenkins\workspace\8-2-build-windows-amd64-cygwin\jdk8u281\880\hotspot\src\share\vm\prims\jni.cpp, line 710]
Event: 19.290 Thread 0x000001cfe2062000 Exception <a 'java/lang/NoSuchMethodError': java.lang.Object.lambda$comparingByKey$bbdbfea9$1(Ljava/util/Map$Entry;Ljava/util/Map$Entry;)I> (0x00000000ea9d3540) thrown at [C:\jenkins\workspace\8-2-build-windows-amd64-cygwin\jdk8u281\880\hotspot\src\share\

Events (10 events):
Event: 21.983 loading class com/sun/tools/javac/comp/Infer$BoundErrorKind$3
Event: 21.983 loading class com/sun/tools/javac/comp/Infer$BoundErrorKind$3 done
Event: 21.983 loading class com/sun/tools/javac/comp/Infer$BoundErrorKind$4
Event: 21.983 loading class com/sun/tools/javac/comp/Infer$BoundErrorKind$4 done
Event: 21.983 loading class com/sun/tools/javac/comp/Infer$BoundErrorKind$5
Event: 21.983 loading class com/sun/tools/javac/comp/Infer$BoundErrorKind$5 done
Event: 21.983 loading class com/sun/tools/javac/comp/Infer$BoundErrorKind$6
Event: 21.983 loading class com/sun/tools/javac/comp/Infer$BoundErrorKind$6 done
Event: 21.999 Executing VM operation: ForceSafepoint
Event: 22.000 Executing VM operation: ForceSafepoint done


Dynamic libraries:
0x00007ff68c3a0000 - 0x00007ff68c3e7000 	C:\Program Files\Java\jdk1.8.0_281\bin\java.exe
0x00007ffff3cf0000 - 0x00007ffff3ee6000 	C:\Windows\SYSTEM32\ntdll.dll
0x00007ffff3b50000 - 0x00007ffff3c0d000 	C:\Windows\System32\KERNEL32.DLL
0x00007ffff1840000 - 0x00007ffff1b09000 	C:\Windows\System32\KERNELBASE.dll
0x00007ffff2540000 - 0x00007ffff25ec000 	C:\Windows\System32\ADVAPI32.dll
0x00007ffff3c10000 - 0x00007ffff3cae000 	C:\Windows\System32\msvcrt.dll
0x00007ffff2810000 - 0x00007ffff28ac000 	C:\Windows\System32\sechost.dll
0x00007ffff3280000 - 0x00007ffff33ab000 	C:\Windows\System32\RPCRT4.dll
0x00007ffff23a0000 - 0x00007ffff2540000 	C:\Windows\System32\USER32.dll
0x00007ffff1810000 - 0x00007ffff1832000 	C:\Windows\System32\win32u.dll
0x00007ffff25f0000 - 0x00007ffff261a000 	C:\Windows\System32\GDI32.dll
0x00007ffff15b0000 - 0x00007ffff16bb000 	C:\Windows\System32\gdi32full.dll
0x00007ffff1770000 - 0x00007ffff180d000 	C:\Windows\System32\msvcp_win.dll
0x00007ffff14b0000 - 0x00007ffff15b0000 	C:\Windows\System32\ucrtbase.dll
0x00007ffff0770000 - 0x00007ffff0a0b000 	C:\Windows\WinSxS\amd64_microsoft.windows.common-controls_6595b64144ccf1df_6.0.19041.746_none_ca02b4b61b8320a4\COMCTL32.dll
0x00007ffff28b0000 - 0x00007ffff28e0000 	C:\Windows\System32\IMM32.DLL
0x00007ffff0c10000 - 0x00007ffff0c25000 	C:\Program Files\Java\jdk1.8.0_281\jre\bin\vcruntime140.dll
0x00007fffcc650000 - 0x00007fffcc6eb000 	C:\Program Files\Java\jdk1.8.0_281\jre\bin\msvcp140.dll
0x000000006e000000 - 0x000000006e85f000 	C:\Program Files\Java\jdk1.8.0_281\jre\bin\server\jvm.dll
0x00007ffff3410000 - 0x00007ffff3418000 	C:\Windows\System32\PSAPI.DLL
0x00007fffe8410000 - 0x00007fffe8437000 	C:\Windows\SYSTEM32\WINMM.dll
0x00007fffec1b0000 - 0x00007fffec1ba000 	C:\Windows\SYSTEM32\VERSION.dll
0x00007fffd8700000 - 0x00007fffd8709000 	C:\Windows\SYSTEM32\WSOCK32.dll
0x00007ffff27a0000 - 0x00007ffff280b000 	C:\Windows\System32\WS2_32.dll
0x00007fffef680000 - 0x00007fffef692000 	C:\Windows\SYSTEM32\kernel.appcore.dll
0x00007ffff0bf0000 - 0x00007ffff0c00000 	C:\Program Files\Java\jdk1.8.0_281\jre\bin\verify.dll
0x00007fffe4f40000 - 0x00007fffe4f6b000 	C:\Program Files\Java\jdk1.8.0_281\jre\bin\java.dll
0x00007fffe98e0000 - 0x00007fffe98f8000 	C:\Program Files\Java\jdk1.8.0_281\jre\bin\zip.dll
0x00007ffff2b30000 - 0x00007ffff3273000 	C:\Windows\System32\SHELL32.dll
0x00007fffee710000 - 0x00007fffeee9f000 	C:\Windows\SYSTEM32\windows.storage.dll
0x00007ffff1fe0000 - 0x00007ffff2336000 	C:\Windows\System32\combase.dll
0x00007ffff0720000 - 0x00007ffff074c000 	C:\Windows\SYSTEM32\Wldp.dll
0x00007ffff2960000 - 0x00007ffff2a0e000 	C:\Windows\System32\SHCORE.dll
0x00007ffff2340000 - 0x00007ffff2395000 	C:\Windows\System32\shlwapi.dll
0x00007ffff1360000 - 0x00007ffff1386000 	C:\Windows\SYSTEM32\profapi.dll
0x00007fffe6110000 - 0x00007fffe612c000 	C:\Program Files\Java\jdk1.8.0_281\jre\bin\net.dll
0x00007ffff0420000 - 0x00007ffff048a000 	C:\Windows\system32\mswsock.dll
0x00007fffe5760000 - 0x00007fffe5773000 	C:\Program Files\Java\jdk1.8.0_281\jre\bin\nio.dll
0x00007fffd87e0000 - 0x00007fffd8807000 	C:\Users\USER\.gradle\native\f6784746aeab05261644944871eae4fe03e0ef1612fff0a4a95f87b438bc6780\windows-amd64\native-platform.dll
0x00007fffea660000 - 0x00007fffea66d000 	C:\Program Files\Java\jdk1.8.0_281\jre\bin\management.dll
0x00007ffff10e0000 - 0x00007ffff10f8000 	C:\Windows\SYSTEM32\CRYPTSP.dll
0x00007fffefe40000 - 0x00007fffefe74000 	C:\Windows\system32\rsaenh.dll
0x00007ffff1b10000 - 0x00007ffff1b37000 	C:\Windows\System32\bcrypt.dll
0x00007ffff12e0000 - 0x00007ffff130e000 	C:\Windows\SYSTEM32\USERENV.dll
0x00007ffff1430000 - 0x00007ffff14b0000 	C:\Windows\System32\bcryptprimitives.dll
0x00007ffff0640000 - 0x00007ffff064c000 	C:\Windows\SYSTEM32\CRYPTBASE.dll
0x00007ffff05f0000 - 0x00007ffff062b000 	C:\Windows\SYSTEM32\IPHLPAPI.DLL
0x00007ffff1e20000 - 0x00007ffff1e28000 	C:\Windows\System32\NSI.dll
0x00007fffe5350000 - 0x00007fffe5367000 	C:\Windows\SYSTEM32\dhcpcsvc6.DLL
0x00007fffe6050000 - 0x00007fffe606d000 	C:\Windows\SYSTEM32\dhcpcsvc.DLL
0x00007ffff0140000 - 0x00007ffff020b000 	C:\Windows\SYSTEM32\DNSAPI.dll
0x00007fffe62d0000 - 0x00007fffe62db000 	C:\Windows\SYSTEM32\WINNSI.DLL
0x00007ffff0dd0000 - 0x00007ffff0fb4000 	C:\Windows\SYSTEM32\dbghelp.dll

VM Arguments:
jvm_args: -Xmx1536m -Dfile.encoding=windows-1252 -Duser.country=US -Duser.language=en -Duser.variant 
java_command: org.gradle.launcher.daemon.bootstrap.GradleDaemon 6.5
java_class_path (initial): C:\Users\USER\.gradle\wrapper\dists\gradle-6.5-all\2oz4ud9k3tuxjg84bbf55q0tn\gradle-6.5\lib\gradle-launcher-6.5.jar
Launcher Type: SUN_STANDARD

Environment Variables:
JAVA_HOME=C:\Program Files\Java\jdk1.8.0_281
PATH=C:\Program Files\Common Files\Oracle\Java\javapath;C:\Program Files (x86)\Common Files\Oracle\Java\javapath;C:\Windows\system32;C:\Windows;C:\Windows\System32\Wbem;C:\Windows\System32\WindowsPowerShell\v1.0\;C:\Windows\System32\OpenSSH\;C:\Program Files\Microsoft VS Code\bin;C:\Program Files\Git\cmd;C:\ProgramData\ComposerSetup\bin;C:\Program Files\MySQL\MySQL Shell 8.0\bin\;C:\Users\USER\AppData\Local\Microsoft\WindowsApps;C:\xampp\php;C:\Users\USER\AppData\Roaming\Composer\vendor\bin;C:\Users\USER\AppData\Local\ComposerSetup\bin
USERNAME=USER
OS=Windows_NT
PROCESSOR_IDENTIFIER=AMD64 Family 23 Model 32 Stepping 1, AuthenticAMD



---------------  S Y S T E M  ---------------

OS: Windows 10.0 , 64 bit Build 19041 (10.0.19041.662)

CPU:total 2 (initial active 2) (2 cores per cpu, 1 threads per core) family 23 model 32 stepping 1, cmov, cx8, fxsr, mmx, sse, sse2, sse3, ssse3, sse4.1, sse4.2, popcnt, avx, avx2, aes, clmul, mmxext, 3dnowpref, lzcnt, sse4a, tsc, tscinvbit, tscinv, bmi1

Memory: 4k page, physical 3543304k(389200k free), swap 6164744k(6604k free)

vm_info: Java HotSpot(TM) 64-Bit Server VM (25.281-b09) for windows-amd64 JRE (1.8.0_281-b09), built on Dec  9 2020 13:54:07 by "" with MS VC++ 15.9 (VS2017)

time: Thu Feb 25 20:19:37 2021
timezone: SE Asia Standard Time
elapsed time: 22.037283 seconds (0d 0h 0m 22s)

