#
# There is insufficient memory for the Java Runtime Environment to continue.
# Native memory allocation (malloc) failed to allocate 32784 bytes for Chunk::new
# Possible reasons:
#   The system is out of physical RAM or swap space
#   The process is running with CompressedOops enabled, and the Java Heap may be blocking the growth of the native heap
# Possible solutions:
#   Reduce memory load on the system
#   Increase physical memory or swap space
#   Check if swap backing store is full
#   Decrease Java heap size (-Xmx/-Xms)
#   Decrease number of Java threads
#   Decrease Java thread stack sizes (-Xss)
#   Set larger code cache with -XX:ReservedCodeCacheSize=
#   JVM is running with Unscaled Compressed Oops mode in which the Java heap is
#     placed in the first 4GB address space. The Java Heap base address is the
#     maximum limit for the native heap growth. Please use -XX:HeapBaseMinAddress
#     to set the Java Heap base and to place the Java Heap above 4GB virtual address.
# This output file may be truncated or incomplete.
#
#  Out of Memory Error (allocation.cpp:389), pid=11756, tid=0x0000000000002f38
#
# JRE version: Java(TM) SE Runtime Environment (8.0_281-b09) (build 1.8.0_281-b09)
# Java VM: Java HotSpot(TM) 64-Bit Server VM (25.281-b09 mixed mode windows-amd64 compressed oops)
# Failed to write core dump. Minidumps are not enabled by default on client versions of Windows
#

---------------  T H R E A D  ---------------

Current thread (0x00000252b143f800):  JavaThread "C2 CompilerThread0" daemon [_thread_in_native, id=12088, stack(0x000000df5c300000,0x000000df5c400000)]

Stack: [0x000000df5c300000,0x000000df5c400000]
Native frames: (J=compiled Java code, j=interpreted, Vv=VM code, C=native code)
V  [jvm.dll+0x32e5b9]


Current CompileTask:
C2:   4551 1885   !   4       java.lang.ClassLoader::getPackage (118 bytes)


---------------  P R O C E S S  ---------------

Java Threads: ( => current thread )
  0x00000252b3511800 JavaThread "Cache worker for cache directory md-rule (C:\Users\USER\.gradle\caches\6.5\md-rule)" [_thread_blocked, id=11412, stack(0x000000df5d900000,0x000000df5da00000)]
  0x00000252b350d800 JavaThread "Cache worker for cache directory md-supplier (C:\Users\USER\.gradle\caches\6.5\md-supplier)" [_thread_blocked, id=4660, stack(0x000000df5d800000,0x000000df5d900000)]
  0x00000252b3510800 JavaThread "Cache worker for checksums cache (D:\Pribadi\tugas\SmartVillage\.gradle\checksums)" [_thread_blocked, id=12600, stack(0x000000df5d700000,0x000000df5d800000)]
  0x00000252b350d000 JavaThread "Cache worker for file hash cache (D:\Pribadi\tugas\SmartVillage\.gradle\6.5\fileHashes)" [_thread_blocked, id=7316, stack(0x000000df5d600000,0x000000df5d700000)]
  0x00000252b3510000 JavaThread "Cache worker for file hash cache (C:\Users\USER\.gradle\caches\6.5\fileHashes)" [_thread_blocked, id=5976, stack(0x000000df5d500000,0x000000df5d600000)]
  0x00000252b350e800 JavaThread "File lock request listener" [_thread_in_native, id=3492, stack(0x000000df5d400000,0x000000df5d500000)]
  0x00000252b350f000 JavaThread "Cache worker for journal cache (C:\Users\USER\.gradle\caches\journal-1)" [_thread_blocked, id=10244, stack(0x000000df5d300000,0x000000df5d400000)]
  0x00000252b353c000 JavaThread "Thread-9" [_thread_blocked, id=9024, stack(0x000000df5d200000,0x000000df5d300000)]
  0x00000252b353b800 JavaThread "Stdin handler" [_thread_blocked, id=11544, stack(0x000000df5d100000,0x000000df5d200000)]
  0x00000252b3538800 JavaThread "Asynchronous log dispatcher for DefaultDaemonConnection: socket connection from /127.0.0.1:50062 to /127.0.0.1:50063" [_thread_blocked, id=11644, stack(0x000000df5d000000,0x000000df5d100000)]
  0x00000252b3515800 JavaThread "Daemon worker" [_thread_in_native, id=11460, stack(0x000000df5cf00000,0x000000df5d000000)]
  0x00000252b353e000 JavaThread "Cancel handler" [_thread_blocked, id=11880, stack(0x000000df5ce00000,0x000000df5cf00000)]
  0x00000252b3514000 JavaThread "Handler for socket connection from /127.0.0.1:50062 to /127.0.0.1:50063" [_thread_in_native, id=10412, stack(0x000000df5cd00000,0x000000df5ce00000)]
  0x00000252b344b000 JavaThread "Daemon" [_thread_blocked, id=4636, stack(0x000000df5cc00000,0x000000df5cd00000)]
  0x00000252b345b000 JavaThread "Daemon periodic checks" [_thread_blocked, id=4612, stack(0x000000df5cb00000,0x000000df5cc00000)]
  0x00000252b344c800 JavaThread "Incoming local TCP Connector on port 50062" [_thread_in_native, id=3700, stack(0x000000df5ca00000,0x000000df5cb00000)]
  0x00000252b207f800 JavaThread "Daemon health stats" [_thread_blocked, id=2648, stack(0x000000df5c700000,0x000000df5c800000)]
  0x00000252b14c1800 JavaThread "Service Thread" daemon [_thread_blocked, id=12032, stack(0x000000df5c500000,0x000000df5c600000)]
  0x00000252b1444800 JavaThread "C1 CompilerThread1" daemon [_thread_in_native, id=7180, stack(0x000000df5c400000,0x000000df5c500000)]
=>0x00000252b143f800 JavaThread "C2 CompilerThread0" daemon [_thread_in_native, id=12088, stack(0x000000df5c300000,0x000000df5c400000)]
  0x00000252b143c000 JavaThread "Attach Listener" daemon [_thread_blocked, id=4376, stack(0x000000df5c200000,0x000000df5c300000)]
  0x00000252b1439000 JavaThread "Signal Dispatcher" daemon [_thread_blocked, id=12224, stack(0x000000df5c100000,0x000000df5c200000)]
  0x00000252b0f4e000 JavaThread "Finalizer" daemon [_thread_blocked, id=8784, stack(0x000000df5c000000,0x000000df5c100000)]
  0x00000252b1424000 JavaThread "Reference Handler" daemon [_thread_blocked, id=12792, stack(0x000000df5bf00000,0x000000df5c000000)]
  0x000002529c06d800 JavaThread "main" [_thread_blocked, id=6884, stack(0x000000df5bb00000,0x000000df5bc00000)]

Other Threads:
  0x00000252b1403800 VMThread [stack: 0x000000df5be00000,0x000000df5bf00000] [id=3588]
  0x00000252b1456800 WatcherThread [stack: 0x000000df5c600000,0x000000df5c700000] [id=7116]

VM state:not at safepoint (normal execution)

VM Mutex/Monitor currently owned by a thread: None

heap address: 0x00000000a0000000, size: 1536 MB, Compressed Oops mode: 32-bit
Narrow klass base: 0x0000000000000000, Narrow klass shift: 3
Compressed class space size: 1073741824 Address: 0x0000000100000000

Heap:
 PSYoungGen      total 61440K, used 32378K [0x00000000e0000000, 0x00000000e3e00000, 0x0000000100000000)
  eden space 59392K, 54% used [0x00000000e0000000,0x00000000e1f9e9f8,0x00000000e3a00000)
  from space 2048K, 0% used [0x00000000e3c00000,0x00000000e3c00000,0x00000000e3e00000)
  to   space 2048K, 0% used [0x00000000e3a00000,0x00000000e3a00000,0x00000000e3c00000)
 ParOldGen       total 40448K, used 10318K [0x00000000a0000000, 0x00000000a2780000, 0x00000000e0000000)
  object space 40448K, 25% used [0x00000000a0000000,0x00000000a0a13bc8,0x00000000a2780000)
 Metaspace       used 22371K, capacity 23078K, committed 23168K, reserved 1069056K
  class space    used 3228K, capacity 3399K, committed 3456K, reserved 1048576K

Card table byte_map: [0x00000252ace50000,0x00000252ad160000] byte_map_base: 0x00000252ac950000

Marking Bits: (ParMarkBitMap*) 0x0000000059676ff0
 Begin Bits: [0x00000252ad360000, 0x00000252aeb60000)
 End Bits:   [0x00000252aeb60000, 0x00000252b0360000)

Polling page: 0x000002529c220000

CodeCache: size=245760Kb used=6786Kb max_used=6786Kb free=238973Kb
 bounds [0x000002529da90000, 0x000002529e140000, 0x00000252aca90000]
 total_blobs=2354 nmethods=1928 adapters=339
 compilation: enabled

Compilation events (10 events):
Event: 4.502 Thread 0x00000252b1444800 1900       3       org.objectweb.asm.AnnotationWriter::computeAnnotationsSize (66 bytes)
Event: 4.502 Thread 0x00000252b1444800 nmethod 1900 0x000002529e11c4d0 code [0x000002529e11c680, 0x000002529e11cc00]
Event: 4.502 Thread 0x00000252b1444800 1901       3       org.objectweb.asm.Handler::getExceptionTableLength (21 bytes)
Event: 4.502 Thread 0x00000252b1444800 nmethod 1901 0x000002529e11cdd0 code [0x000002529e11cf40, 0x000002529e11d138]
Event: 4.502 Thread 0x00000252b1444800 1902       3       org.objectweb.asm.ByteVector::putByteArray (49 bytes)
Event: 4.502 Thread 0x00000252b1444800 nmethod 1902 0x000002529e11d210 code [0x000002529e11d380, 0x000002529e11d6c0]
Event: 4.502 Thread 0x00000252b1444800 1903       3       org.objectweb.asm.AnnotationWriter::putAnnotations (67 bytes)
Event: 4.503 Thread 0x00000252b1444800 nmethod 1903 0x000002529e11d7d0 code [0x000002529e11d9c0, 0x000002529e11e220]
Event: 4.503 Thread 0x00000252b1444800 1904       3       org.objectweb.asm.Attribute::putAttributes (78 bytes)
Event: 4.503 Thread 0x00000252b1444800 nmethod 1904 0x000002529e11e550 code [0x000002529e11e760, 0x000002529e11eec0]

GC Heap History (10 events):
Event: 1.575 GC heap before
{Heap before GC invocations=3 (full 0):
 PSYoungGen      total 31744K, used 31712K [0x00000000e0000000, 0x00000000e2100000, 0x0000000100000000)
  eden space 29696K, 100% used [0x00000000e0000000,0x00000000e1d00000,0x00000000e1d00000)
  from space 2048K, 98% used [0x00000000e1f00000,0x00000000e20f8020,0x00000000e2100000)
  to   space 2048K, 0% used [0x00000000e1d00000,0x00000000e1d00000,0x00000000e1f00000)
 ParOldGen       total 38400K, used 1726K [0x00000000a0000000, 0x00000000a2580000, 0x00000000e0000000)
  object space 38400K, 4% used [0x00000000a0000000,0x00000000a01afad0,0x00000000a2580000)
 Metaspace       used 7522K, capacity 7742K, committed 7936K, reserved 1056768K
  class space    used 934K, capacity 1005K, committed 1024K, reserved 1048576K
Event: 1.580 GC heap after
Heap after GC invocations=3 (full 0):
 PSYoungGen      total 31744K, used 2032K [0x00000000e0000000, 0x00000000e3e00000, 0x0000000100000000)
  eden space 29696K, 0% used [0x00000000e0000000,0x00000000e0000000,0x00000000e1d00000)
  from space 2048K, 99% used [0x00000000e1d00000,0x00000000e1efc030,0x00000000e1f00000)
  to   space 2048K, 0% used [0x00000000e3c00000,0x00000000e3c00000,0x00000000e3e00000)
 ParOldGen       total 38400K, used 2790K [0x00000000a0000000, 0x00000000a2580000, 0x00000000e0000000)
  object space 38400K, 7% used [0x00000000a0000000,0x00000000a02b9bb8,0x00000000a2580000)
 Metaspace       used 7522K, capacity 7742K, committed 7936K, reserved 1056768K
  class space    used 934K, capacity 1005K, committed 1024K, reserved 1048576K
}
Event: 2.106 GC heap before
{Heap before GC invocations=4 (full 0):
 PSYoungGen      total 31744K, used 31728K [0x00000000e0000000, 0x00000000e3e00000, 0x0000000100000000)
  eden space 29696K, 100% used [0x00000000e0000000,0x00000000e1d00000,0x00000000e1d00000)
  from space 2048K, 99% used [0x00000000e1d00000,0x00000000e1efc030,0x00000000e1f00000)
  to   space 2048K, 0% used [0x00000000e3c00000,0x00000000e3c00000,0x00000000e3e00000)
 ParOldGen       total 38400K, used 2790K [0x00000000a0000000, 0x00000000a2580000, 0x00000000e0000000)
  object space 38400K, 7% used [0x00000000a0000000,0x00000000a02b9bb8,0x00000000a2580000)
 Metaspace       used 10689K, capacity 11038K, committed 11392K, reserved 1058816K
  class space    used 1451K, capacity 1573K, committed 1664K, reserved 1048576K
Event: 2.114 GC heap after
Heap after GC invocations=4 (full 0):
 PSYoungGen      total 61440K, used 2032K [0x00000000e0000000, 0x00000000e3e00000, 0x0000000100000000)
  eden space 59392K, 0% used [0x00000000e0000000,0x00000000e0000000,0x00000000e3a00000)
  from space 2048K, 99% used [0x00000000e3c00000,0x00000000e3dfc010,0x00000000e3e00000)
  to   space 2048K, 0% used [0x00000000e3a00000,0x00000000e3a00000,0x00000000e3c00000)
 ParOldGen       total 38400K, used 5659K [0x00000000a0000000, 0x00000000a2580000, 0x00000000e0000000)
  object space 38400K, 14% used [0x00000000a0000000,0x00000000a0586ee8,0x00000000a2580000)
 Metaspace       used 10689K, capacity 11038K, committed 11392K, reserved 1058816K
  class space    used 1451K, capacity 1573K, committed 1664K, reserved 1048576K
}
Event: 3.199 GC heap before
{Heap before GC invocations=5 (full 0):
 PSYoungGen      total 61440K, used 61424K [0x00000000e0000000, 0x00000000e3e00000, 0x0000000100000000)
  eden space 59392K, 100% used [0x00000000e0000000,0x00000000e3a00000,0x00000000e3a00000)
  from space 2048K, 99% used [0x00000000e3c00000,0x00000000e3dfc010,0x00000000e3e00000)
  to   space 2048K, 0% used [0x00000000e3a00000,0x00000000e3a00000,0x00000000e3c00000)
 ParOldGen       total 38400K, used 5659K [0x00000000a0000000, 0x00000000a2580000, 0x00000000e0000000)
  object space 38400K, 14% used [0x00000000a0000000,0x00000000a0586ee8,0x00000000a2580000)
 Metaspace       used 16895K, capacity 17530K, committed 17664K, reserved 1064960K
  class space    used 2317K, capacity 2495K, committed 2560K, reserved 1048576K
Event: 3.213 GC heap after
Heap after GC invocations=5 (full 0):
 PSYoungGen      total 61440K, used 2032K [0x00000000e0000000, 0x00000000e3e00000, 0x0000000100000000)
  eden space 59392K, 0% used [0x00000000e0000000,0x00000000e0000000,0x00000000e3a00000)
  from space 2048K, 99% used [0x00000000e3a00000,0x00000000e3bfc030,0x00000000e3c00000)
  to   space 2048K, 0% used [0x00000000e3c00000,0x00000000e3c00000,0x00000000e3e00000)
 ParOldGen       total 38400K, used 11557K [0x00000000a0000000, 0x00000000a2580000, 0x00000000e0000000)
  object space 38400K, 30% used [0x00000000a0000000,0x00000000a0b49630,0x00000000a2580000)
 Metaspace       used 16895K, capacity 17530K, committed 17664K, reserved 1064960K
  class space    used 2317K, capacity 2495K, committed 2560K, reserved 1048576K
}
Event: 4.045 GC heap before
{Heap before GC invocations=6 (full 0):
 PSYoungGen      total 61440K, used 49140K [0x00000000e0000000, 0x00000000e3e00000, 0x0000000100000000)
  eden space 59392K, 79% used [0x00000000e0000000,0x00000000e2e01220,0x00000000e3a00000)
  from space 2048K, 99% used [0x00000000e3a00000,0x00000000e3bfc030,0x00000000e3c00000)
  to   space 2048K, 0% used [0x00000000e3c00000,0x00000000e3c00000,0x00000000e3e00000)
 ParOldGen       total 38400K, used 11557K [0x00000000a0000000, 0x00000000a2580000, 0x00000000e0000000)
  object space 38400K, 30% used [0x00000000a0000000,0x00000000a0b49630,0x00000000a2580000)
 Metaspace       used 20574K, capacity 21190K, committed 21296K, reserved 1067008K
  class space    used 2934K, capacity 3107K, committed 3200K, reserved 1048576K
Event: 4.056 GC heap after
Heap after GC invocations=6 (full 0):
 PSYoungGen      total 61440K, used 2016K [0x00000000e0000000, 0x00000000e3e00000, 0x0000000100000000)
  eden space 59392K, 0% used [0x00000000e0000000,0x00000000e0000000,0x00000000e3a00000)
  from space 2048K, 98% used [0x00000000e3c00000,0x00000000e3df8030,0x00000000e3e00000)
  to   space 2048K, 0% used [0x00000000e3a00000,0x00000000e3a00000,0x00000000e3c00000)
 ParOldGen       total 38400K, used 16406K [0x00000000a0000000, 0x00000000a2580000, 0x00000000e0000000)
  object space 38400K, 42% used [0x00000000a0000000,0x00000000a1005b38,0x00000000a2580000)
 Metaspace       used 20574K, capacity 21190K, committed 21296K, reserved 1067008K
  class space    used 2934K, capacity 3107K, committed 3200K, reserved 1048576K
}
Event: 4.056 GC heap before
{Heap before GC invocations=7 (full 1):
 PSYoungGen      total 61440K, used 2016K [0x00000000e0000000, 0x00000000e3e00000, 0x0000000100000000)
  eden space 59392K, 0% used [0x00000000e0000000,0x00000000e0000000,0x00000000e3a00000)
  from space 2048K, 98% used [0x00000000e3c00000,0x00000000e3df8030,0x00000000e3e00000)
  to   space 2048K, 0% used [0x00000000e3a00000,0x00000000e3a00000,0x00000000e3c00000)
 ParOldGen       total 38400K, used 16406K [0x00000000a0000000, 0x00000000a2580000, 0x00000000e0000000)
  object space 38400K, 42% used [0x00000000a0000000,0x00000000a1005b38,0x00000000a2580000)
 Metaspace       used 20574K, capacity 21190K, committed 21296K, reserved 1067008K
  class space    used 2934K, capacity 3107K, committed 3200K, reserved 1048576K
Event: 4.113 GC heap after
Heap after GC invocations=7 (full 1):
 PSYoungGen      total 61440K, used 0K [0x00000000e0000000, 0x00000000e3e00000, 0x0000000100000000)
  eden space 59392K, 0% used [0x00000000e0000000,0x00000000e0000000,0x00000000e3a00000)
  from space 2048K, 0% used [0x00000000e3c00000,0x00000000e3c00000,0x00000000e3e00000)
  to   space 2048K, 0% used [0x00000000e3a00000,0x00000000e3a00000,0x00000000e3c00000)
 ParOldGen       total 40448K, used 10318K [0x00000000a0000000, 0x00000000a2780000, 0x00000000e0000000)
  object space 40448K, 25% used [0x00000000a0000000,0x00000000a0a13bc8,0x00000000a2780000)
 Metaspace       used 20574K, capacity 21190K, committed 21296K, reserved 1067008K
  class space    used 2934K, capacity 3107K, committed 3200K, reserved 1048576K
}

Deoptimization events (10 events):
Event: 3.272 Thread 0x00000252b3515800 Uncommon trap: reason=bimorphic action=maybe_recompile pc=0x000002529df6c814 method=java.util.HashMap.putVal(ILjava/lang/Object;Ljava/lang/Object;ZZ)Ljava/lang/Object; @ 203
Event: 3.277 Thread 0x00000252b3515800 Uncommon trap: reason=unstable_if action=reinterpret pc=0x000002529dd1a684 method=java.util.HashMap.getNode(ILjava/lang/Object;)Ljava/util/HashMap$Node; @ 129
Event: 3.277 Thread 0x00000252b3515800 Uncommon trap: reason=bimorphic action=maybe_recompile pc=0x000002529df6c814 method=java.util.HashMap.putVal(ILjava/lang/Object;Ljava/lang/Object;ZZ)Ljava/lang/Object; @ 203
Event: 3.429 Thread 0x00000252b3515800 Uncommon trap: reason=unstable_if action=reinterpret pc=0x000002529df973a4 method=java.util.jar.Attributes$Name.isDigit(C)Z @ 3
Event: 3.687 Thread 0x00000252b3515800 Uncommon trap: reason=unstable_if action=reinterpret pc=0x000002529de578f8 method=java.net.URI.match(CJJ)Z @ 19
Event: 3.687 Thread 0x00000252b3515800 Uncommon trap: reason=unstable_if action=reinterpret pc=0x000002529de0baf8 method=java.net.URI.match(CJJ)Z @ 19
Event: 3.687 Thread 0x00000252b3515800 Uncommon trap: reason=unstable_if action=reinterpret pc=0x000002529dc7b108 method=java.net.URI.match(CJJ)Z @ 19
Event: 4.173 Thread 0x00000252b3515800 Uncommon trap: reason=unstable_if action=reinterpret pc=0x000002529e06c180 method=java.util.HashMap.hash(Ljava/lang/Object;)I @ 1
Event: 4.203 Thread 0x00000252b3515800 Uncommon trap: reason=unstable_if action=reinterpret pc=0x000002529e07ddcc method=jdk.internal.org.objectweb.asm.Type.getArgumentsAndReturnSizes(Ljava/lang/String;)I @ 88
Event: 4.385 Thread 0x00000252b3515800 Uncommon trap: reason=unstable_if action=reinterpret pc=0x000002529ddb4d60 method=java.io.WinNTFileSystem.resolve(Ljava/lang/String;Ljava/lang/String;)Ljava/lang/String; @ 49

Classes redefined (0 events):
No events

Internal exceptions (10 events):
Event: 2.547 Thread 0x00000252b3514000 Exception <a 'java/lang/NoSuchMethodError': <clinit>> (0x00000000e07139a8) thrown at [C:\jenkins\workspace\8-2-build-windows-amd64-cygwin\jdk8u281\880\hotspot\src\share\vm\prims\jni.cpp, line 1615]
Event: 3.060 Thread 0x00000252b3515800 Exception <a 'java/lang/NoSuchMethodError': java.lang.Object.lambda$and$0(Ljava/util/function/Predicate;Ljava/lang/Object;)Z> (0x00000000e2c93768) thrown at [C:\jenkins\workspace\8-2-build-windows-amd64-cygwin\jdk8u281\880\hotspot\src\share\vm\interpreter
Event: 3.065 Thread 0x00000252b3515800 Exception <a 'java/lang/IncompatibleClassChangeError': Found class java.lang.Object, but interface was expected> (0x00000000e2ca3a60) thrown at [C:\jenkins\workspace\8-2-build-windows-amd64-cygwin\jdk8u281\880\hotspot\src\share\vm\interpreter\linkResolver
Event: 3.067 Thread 0x00000252b3515800 Exception <a 'java/lang/NoSuchMethodError': java.lang.Object.lambda$or$2(Ljava/util/function/Predicate;Ljava/lang/Object;)Z> (0x00000000e2ca85b0) thrown at [C:\jenkins\workspace\8-2-build-windows-amd64-cygwin\jdk8u281\880\hotspot\src\share\vm\interpreter\
Event: 3.343 Thread 0x00000252b3515800 Exception <a 'java/lang/NoSuchMethodError': java.lang.Object.lambda$static$0(Lorg/gradle/internal/state/ModelObject;)Ljava/lang/String;> (0x00000000e0aafdf8) thrown at [C:\jenkins\workspace\8-2-build-windows-amd64-cygwin\jdk8u281\880\hotspot\src\share\vm\
Event: 3.856 Thread 0x00000252b3515800 Exception <a 'java/lang/NoSuchMethodError': java.lang.Object.lambda$static$1(Lorg/gradle/internal/snapshot/SnapshotHierarchy$DiffCapturingUpdateFunction;)Lorg/gradle/internal/snapshot/AtomicSnapshotHierarchyReference$UpdateFunction;> (0x00000000e21881d0) 
Event: 4.173 Thread 0x00000252b3515800 Implicit null exception at 0x000002529e06bf95 to 0x000002529e06c171
Event: 4.202 Thread 0x00000252b3515800 Exception <a 'java/lang/NoSuchMethodError': java.lang.Object.lambda$comparing$77a9974f$1(Ljava/util/function/Function;Ljava/lang/Object;Ljava/lang/Object;)I> (0x00000000e094d9a0) thrown at [C:\jenkins\workspace\8-2-build-windows-amd64-cygwin\jdk8u281\880\
Event: 4.291 Thread 0x00000252b3515800 Exception <a 'java/lang/NoSuchMethodError': java.lang.Object.lambda$withReadOnlyCache$0(Ljava/util/function/BiFunction;Lorg/gradle/api/internal/artifacts/ivyservice/ArtifactCacheMetadata;)Ljava/lang/Object;> (0x00000000e0b75d50) thrown at [C:\jenkins\work
Event: 4.337 Thread 0x00000252b3515800 Exception <a 'java/lang/NoSuchMethodError': java.lang.Object.lambda$static$0(Lorg/gradle/api/internal/artifacts/ivyservice/ivyresolve/ModuleComponentRepository;Ljava/lang/String;Lorg/gradle/api/internal/artifacts/configurations/ResolutionStrategyInternal;

Events (10 events):
Event: 4.510 loading class org/gradle/internal/typeconversion/JustReturningConverter
Event: 4.510 loading class org/gradle/internal/typeconversion/JustReturningConverter done
Event: 4.510 loading class org/gradle/internal/typeconversion/CompositeNotationConverter
Event: 4.510 loading class org/gradle/internal/typeconversion/CompositeNotationConverter done
Event: 4.510 loading class org/gradle/internal/typeconversion/NotationParserBuilder$LazyDisplayName
Event: 4.510 loading class org/gradle/internal/typeconversion/NotationParserBuilder$LazyDisplayName done
Event: 4.511 loading class org/gradle/api/internal/artifacts/repositories/resolver/DirectDependencyMetadataImpl
Event: 4.511 loading class org/gradle/api/internal/artifacts/repositories/resolver/DirectDependencyMetadataImpl done
Event: 4.511 loading class org/gradle/api/artifacts/DirectDependencyMetadata
Event: 4.511 loading class org/gradle/api/artifacts/DirectDependencyMetadata done


Dynamic libraries:
0x00007ff71e7e0000 - 0x00007ff71e827000 	C:\Program Files\Java\jdk1.8.0_281\bin\java.exe
0x00007ffdb8510000 - 0x00007ffdb8706000 	C:\Windows\SYSTEM32\ntdll.dll
0x00007ffdb6570000 - 0x00007ffdb662d000 	C:\Windows\System32\KERNEL32.DLL
0x00007ffdb62a0000 - 0x00007ffdb6569000 	C:\Windows\System32\KERNELBASE.dll
0x00007ffdb68a0000 - 0x00007ffdb694c000 	C:\Windows\System32\ADVAPI32.dll
0x00007ffdb6800000 - 0x00007ffdb689e000 	C:\Windows\System32\msvcrt.dll
0x00007ffdb7560000 - 0x00007ffdb75fc000 	C:\Windows\System32\sechost.dll
0x00007ffdb6bc0000 - 0x00007ffdb6ceb000 	C:\Windows\System32\RPCRT4.dll
0x00007ffdb7a10000 - 0x00007ffdb7bb0000 	C:\Windows\System32\USER32.dll
0x00007ffdb6270000 - 0x00007ffdb6292000 	C:\Windows\System32\win32u.dll
0x00007ffdb7d50000 - 0x00007ffdb7d7a000 	C:\Windows\System32\GDI32.dll
0x00007ffdb6100000 - 0x00007ffdb620b000 	C:\Windows\System32\gdi32full.dll
0x00007ffdb5de0000 - 0x00007ffdb5e7d000 	C:\Windows\System32\msvcp_win.dll
0x00007ffdb5f30000 - 0x00007ffdb6030000 	C:\Windows\System32\ucrtbase.dll
0x00007ffda7390000 - 0x00007ffda762b000 	C:\Windows\WinSxS\amd64_microsoft.windows.common-controls_6595b64144ccf1df_6.0.19041.746_none_ca02b4b61b8320a4\COMCTL32.dll
0x00007ffdb7600000 - 0x00007ffdb7630000 	C:\Windows\System32\IMM32.DLL
0x00007ffdaeec0000 - 0x00007ffdaeed5000 	C:\Program Files\Java\jdk1.8.0_281\jre\bin\vcruntime140.dll
0x00007ffd94710000 - 0x00007ffd947ab000 	C:\Program Files\Java\jdk1.8.0_281\jre\bin\msvcp140.dll
0x0000000058e90000 - 0x00000000596ef000 	C:\Program Files\Java\jdk1.8.0_281\jre\bin\server\jvm.dll
0x00007ffdb6630000 - 0x00007ffdb6638000 	C:\Windows\System32\PSAPI.DLL
0x00007ffdb4420000 - 0x00007ffdb4429000 	C:\Windows\SYSTEM32\WSOCK32.dll
0x00007ffdb7ce0000 - 0x00007ffdb7d4b000 	C:\Windows\System32\WS2_32.dll
0x00007ffdade10000 - 0x00007ffdade37000 	C:\Windows\SYSTEM32\WINMM.dll
0x00007ffdb43f0000 - 0x00007ffdb43fa000 	C:\Windows\SYSTEM32\VERSION.dll
0x00007ffdb44f0000 - 0x00007ffdb4502000 	C:\Windows\SYSTEM32\kernel.appcore.dll
0x00007ffdb4340000 - 0x00007ffdb4350000 	C:\Program Files\Java\jdk1.8.0_281\jre\bin\verify.dll
0x00007ffdad400000 - 0x00007ffdad42b000 	C:\Program Files\Java\jdk1.8.0_281\jre\bin\java.dll
0x00007ffdadb00000 - 0x00007ffdadb18000 	C:\Program Files\Java\jdk1.8.0_281\jre\bin\zip.dll
0x00007ffdb7d80000 - 0x00007ffdb84c3000 	C:\Windows\System32\SHELL32.dll
0x00007ffdb39c0000 - 0x00007ffdb414f000 	C:\Windows\SYSTEM32\windows.storage.dll
0x00007ffdb76b0000 - 0x00007ffdb7a06000 	C:\Windows\System32\combase.dll
0x00007ffdb55e0000 - 0x00007ffdb560c000 	C:\Windows\SYSTEM32\Wldp.dll
0x00007ffdb6950000 - 0x00007ffdb69fe000 	C:\Windows\System32\SHCORE.dll
0x00007ffdb7430000 - 0x00007ffdb7485000 	C:\Windows\System32\shlwapi.dll
0x00007ffdb5b80000 - 0x00007ffdb5ba6000 	C:\Windows\SYSTEM32\profapi.dll
0x00007ffdad4d0000 - 0x00007ffdad4ec000 	C:\Program Files\Java\jdk1.8.0_281\jre\bin\net.dll
0x00007ffdb5310000 - 0x00007ffdb537a000 	C:\Windows\system32\mswsock.dll
0x00007ffdaa2c0000 - 0x00007ffdaa2d3000 	C:\Program Files\Java\jdk1.8.0_281\jre\bin\nio.dll
0x00007ffdad8a0000 - 0x00007ffdad8c7000 	C:\Users\USER\.gradle\native\f6784746aeab05261644944871eae4fe03e0ef1612fff0a4a95f87b438bc6780\windows-amd64\native-platform.dll
0x00007ffdb20d0000 - 0x00007ffdb20dd000 	C:\Program Files\Java\jdk1.8.0_281\jre\bin\management.dll
0x00007ffdb54b0000 - 0x00007ffdb54c8000 	C:\Windows\SYSTEM32\CRYPTSP.dll
0x00007ffdb4cc0000 - 0x00007ffdb4cf4000 	C:\Windows\system32\rsaenh.dll
0x00007ffdb5c50000 - 0x00007ffdb5c77000 	C:\Windows\System32\bcrypt.dll
0x00007ffdb5b00000 - 0x00007ffdb5b2e000 	C:\Windows\SYSTEM32\USERENV.dll
0x00007ffdb6080000 - 0x00007ffdb6100000 	C:\Windows\System32\bcryptprimitives.dll
0x00007ffdb54d0000 - 0x00007ffdb54dc000 	C:\Windows\SYSTEM32\CRYPTBASE.dll
0x00007ffdb5020000 - 0x00007ffdb505b000 	C:\Windows\SYSTEM32\IPHLPAPI.DLL
0x00007ffdb6e30000 - 0x00007ffdb6e38000 	C:\Windows\System32\NSI.dll
0x00007ffdab0f0000 - 0x00007ffdab107000 	C:\Windows\SYSTEM32\dhcpcsvc6.DLL
0x00007ffdab820000 - 0x00007ffdab83d000 	C:\Windows\SYSTEM32\dhcpcsvc.DLL
0x00007ffdb5060000 - 0x00007ffdb512b000 	C:\Windows\SYSTEM32\DNSAPI.dll
0x00007ffdae020000 - 0x00007ffdae02b000 	C:\Windows\SYSTEM32\WINNSI.DLL

VM Arguments:
jvm_args: -Xmx1536m -Dfile.encoding=windows-1252 -Duser.country=US -Duser.language=en -Duser.variant 
java_command: org.gradle.launcher.daemon.bootstrap.GradleDaemon 6.5
java_class_path (initial): C:\Users\USER\.gradle\wrapper\dists\gradle-6.5-all\2oz4ud9k3tuxjg84bbf55q0tn\gradle-6.5\lib\gradle-launcher-6.5.jar
Launcher Type: SUN_STANDARD

Environment Variables:
JAVA_HOME=C:\Program Files\Java\jdk1.8.0_281
PATH=C:\Program Files\Common Files\Oracle\Java\javapath;C:\Program Files (x86)\Common Files\Oracle\Java\javapath;C:\Windows\system32;C:\Windows;C:\Windows\System32\Wbem;C:\Windows\System32\WindowsPowerShell\v1.0\;C:\Windows\System32\OpenSSH\;C:\Program Files\Microsoft VS Code\bin;C:\Program Files\Git\cmd;C:\ProgramData\ComposerSetup\bin;C:\Program Files\MySQL\MySQL Shell 8.0\bin\;C:\Users\USER\AppData\Local\Microsoft\WindowsApps;C:\xampp\php;C:\Users\USER\AppData\Roaming\Composer\vendor\bin;C:\Users\USER\AppData\Local\ComposerSetup\bin
USERNAME=USER
OS=Windows_NT
PROCESSOR_IDENTIFIER=AMD64 Family 23 Model 32 Stepping 1, AuthenticAMD



---------------  S Y S T E M  ---------------

OS: Windows 10.0 , 64 bit Build 19041 (10.0.19041.662)

CPU:total 2 (initial active 2) (2 cores per cpu, 1 threads per core) family 23 model 32 stepping 1, cmov, cx8, fxsr, mmx, sse, sse2, sse3, ssse3, sse4.1, sse4.2, popcnt, avx, avx2, aes, clmul, mmxext, 3dnowpref, lzcnt, sse4a, tsc, tscinvbit, tscinv, bmi1

Memory: 4k page, physical 3543304k(321228k free), swap 6164744k(5156k free)

vm_info: Java HotSpot(TM) 64-Bit Server VM (25.281-b09) for windows-amd64 JRE (1.8.0_281-b09), built on Dec  9 2020 13:54:07 by "" with MS VC++ 15.9 (VS2017)

time: Mon Mar  1 13:01:40 2021
timezone: SE Asia Standard Time
elapsed time: 4.556975 seconds (0d 0h 0m 4s)

